2023-12-22 10:22:14,255 - INFO - Case 23-69527 has been started.
2023-12-22 10:22:23,373 - INFO - Case 23-69527 has been entered.
2023-12-22 10:22:27,583 - INFO - Case 23069643 has been started.
2023-12-22 10:22:36,207 - INFO - Case 23069643 has been entered.
2023-12-22 10:22:40,398 - INFO - Case 23-69650 has been started.
2023-12-22 10:22:49,429 - INFO - Case 23-69650 has been entered.
2023-12-22 10:22:53,626 - INFO - Case 23-70574 has been started.
2023-12-22 10:23:01,991 - INFO - Case 23-70574 has been entered.
2023-12-22 10:23:06,174 - INFO - Case 23-70712 has been started.
2023-12-22 10:23:14,697 - INFO - Case 23-70712 has been entered.
2023-12-22 10:23:18,902 - INFO - Case 23-70778 has been started.
2023-12-22 10:23:22,115 - WARNING - 23-70778 needs initial rhythm
2023-12-22 10:23:28,056 - INFO - Case 23-70778 has been entered.
2023-12-22 10:23:32,250 - INFO - Case 23071085 has been started.
2023-12-22 10:23:34,912 - ERROR - Error: 'N/A' selected, but first defibrillation time is provided.
2023-12-22 10:23:34,912 - WARNING - 23071085 needs defib checked.
2023-12-22 10:23:40,875 - INFO - Case 23071085 has been entered.
2023-12-22 10:23:45,060 - INFO - Case 23-71120 has been started.
2023-12-22 10:23:53,647 - INFO - Case 23-71120 has been entered.
2023-12-22 10:23:57,848 - INFO - Case 23-71203 has been started.
2023-12-22 10:23:59,782 - WARNING - Hospital mapping not found for 'None'
2023-12-22 10:24:06,620 - INFO - Case 23-71203 has been entered.
2023-12-22 10:24:10,817 - INFO - Case 23-71742 has been started.
2023-12-22 10:24:13,210 - WARNING - Hospital mapping not found for 'None'
2023-12-22 10:24:14,052 - WARNING - 23-71742 needs initial rhythm
2023-12-22 10:24:19,872 - INFO - Case 23-71742 has been entered.
2023-12-22 10:24:24,070 - INFO - Case 23-72202 has been started.
2023-12-22 10:24:25,952 - WARNING - Hospital mapping not found for 'None'
2023-12-22 10:24:32,502 - INFO - Case 23-72202 has been entered.
2023-12-22 10:24:36,729 - INFO - Case 23-72416 has been started.
2023-12-22 10:24:45,077 - INFO - Case 23-72416 has been entered.
2023-12-22 10:24:49,262 - INFO - Case 23-72636 has been started.
2023-12-22 10:24:50,670 - WARNING - Hospital mapping not found for 'None'
2023-12-22 10:24:56,809 - INFO - Case 23-72636 has been entered.
2023-12-22 10:25:00,983 - INFO - Case F23072642 has been started.
2023-12-22 10:25:02,754 - WARNING - Hospital mapping not found for 'None'
2023-12-22 10:25:09,328 - INFO - Case F23072642 has been entered.
2023-12-22 10:25:13,572 - INFO - Case 23-72932 has been started.
2023-12-22 10:25:15,510 - WARNING - Hospital mapping not found for 'None'
2023-12-22 10:25:22,393 - INFO - Case 23-72932 has been entered.
2023-12-22 10:25:26,589 - INFO - Case 23-73117 has been started.
2023-12-22 10:25:34,692 - INFO - Case 23-73117 has been entered.
2023-12-22 10:25:38,912 - INFO - Case 23-74115 has been started.
2023-12-22 10:25:40,708 - WARNING - Hospital mapping not found for 'None'
