2023-12-25 19:09:21,848 - INFO - Case 23-69527 has been started.
2023-12-25 19:09:29,376 - INFO - Case 23-69527 has been entered.
2023-12-25 19:09:33,580 - INFO - Case 23069643 has been started.
2023-12-25 19:09:41,295 - INFO - Case 23069643 has been entered.
2023-12-25 19:09:45,538 - INFO - Case 23-69650 has been started.
2023-12-25 19:09:52,964 - INFO - Case 23-69650 has been entered.
2023-12-25 19:09:57,189 - INFO - Case 23-70574 has been started.
2023-12-25 19:10:04,899 - INFO - Case 23-70574 has been entered.
2023-12-25 19:10:09,079 - INFO - Case 23-70712 has been started.
2023-12-25 19:10:17,039 - INFO - Case 23-70712 has been entered.
2023-12-25 19:10:21,239 - INFO - Case 23-70778 has been started.
2023-12-25 19:10:23,020 - WARNING - 23-70778 needs initial rhythm
2023-12-25 19:10:28,671 - INFO - Case 23-70778 has been entered.
2023-12-25 19:10:33,091 - INFO - Case 23071085 has been started.
2023-12-25 19:10:35,081 - ERROR - Error: 'N/A' selected, but first defibrillation time is provided.
2023-12-25 19:10:35,081 - WARNING - 23071085 needs defib checked.
2023-12-25 19:10:40,960 - INFO - Case 23071085 has been entered.
2023-12-25 19:10:45,169 - INFO - Case 23-71120 has been started.
2023-12-25 19:10:52,790 - INFO - Case 23-71120 has been entered.
2023-12-25 19:10:56,989 - INFO - Case 23-71203 has been started.
2023-12-25 19:10:58,115 - WARNING - Hospital mapping not found for 'None'
2023-12-25 19:11:04,254 - INFO - Case 23-71203 has been entered.
2023-12-25 19:11:08,432 - INFO - Case 23-71742 has been started.
2023-12-25 19:11:09,541 - WARNING - Hospital mapping not found for 'None'
2023-12-25 19:11:09,961 - WARNING - 23-71742 needs initial rhythm
2023-12-25 19:11:15,511 - INFO - Case 23-71742 has been entered.
2023-12-25 19:11:19,699 - INFO - Case 23-72202 has been started.
2023-12-25 19:11:20,804 - WARNING - Hospital mapping not found for 'None'
2023-12-25 19:11:26,995 - INFO - Case 23-72202 has been entered.
2023-12-25 19:11:31,171 - INFO - Case 23-72416 has been started.
2023-12-25 19:11:38,540 - INFO - Case 23-72416 has been entered.
2023-12-25 19:11:42,875 - INFO - Case 23-72636 has been started.
2023-12-25 19:11:44,023 - WARNING - Hospital mapping not found for 'None'
2023-12-25 19:11:50,123 - INFO - Case 23-72636 has been entered.
2023-12-25 19:11:54,325 - INFO - Case F23072642 has been started.
2023-12-25 19:11:55,428 - WARNING - Hospital mapping not found for 'None'
2023-12-25 19:12:01,588 - INFO - Case F23072642 has been entered.
2023-12-25 19:12:05,919 - INFO - Case 23-72932 has been started.
2023-12-25 19:12:06,948 - WARNING - Hospital mapping not found for 'None'
2023-12-25 19:12:13,012 - INFO - Case 23-72932 has been entered.
2023-12-25 19:12:17,166 - INFO - Case 23-73117 has been started.
2023-12-25 19:12:24,214 - INFO - Case 23-73117 has been entered.
2023-12-25 19:12:28,428 - INFO - Case 23-74115 has been started.
2023-12-25 19:12:29,454 - WARNING - Hospital mapping not found for 'None'
