2024-09-06 15:46:46,242 - INFO - IncidentID, F24000097
2024-09-06 15:46:46,242 - INFO - CaseStart, 1/1/2024 10:49:09 AM
2024-09-06 15:46:46,242 - INFO - CPRRatio, 92.22549241566675
2024-09-06 15:46:46,242 - INFO - CompressionsRatio, 92.57414534752094
2024-09-06 15:46:46,242 - INFO - LongestPause, 44.742
2024-09-06 15:46:46,242 - INFO - AnyROSC, Yes
2024-09-06 15:46:46,243 - INFO - ------------------------
2024-09-06 15:46:46,243 - INFO - IncidentID, F24001572
2024-09-06 15:46:46,243 - INFO - CaseStart, 1/7/2024 12:28:18 AM
2024-09-06 15:46:46,243 - INFO - CPRRatio, 87.3551219916325
2024-09-06 15:46:46,243 - INFO - CompressionsRatio, 87.416428482664344
2024-09-06 15:46:46,243 - INFO - LongestPause, 65.925
2024-09-06 15:46:46,244 - INFO - AnyROSC, No
2024-09-06 15:46:46,244 - INFO - ------------------------
2024-09-06 15:46:46,244 - INFO - IncidentID, 24001846
2024-09-06 15:46:46,245 - INFO - CaseStart, 1/8/2024 8:48:19 AM
2024-09-06 15:46:46,245 - INFO - CPRRatio, 89.19946717084909
2024-09-06 15:46:46,245 - INFO - CompressionsRatio, 89.252105534547965
2024-09-06 15:46:46,245 - INFO - LongestPause, 24.442999999999998
2024-09-06 15:46:46,245 - INFO - AnyROSC, No
2024-09-06 15:46:46,245 - INFO - ------------------------
2024-09-06 15:46:46,245 - INFO - IncidentID, 24-01858
2024-09-06 15:46:46,245 - INFO - CaseStart, 1/8/2024 9:20:43 AM
2024-09-06 15:46:46,246 - INFO - CPRRatio, 84.511314395763122
2024-09-06 15:46:46,246 - INFO - CompressionsRatio, 90.75050351026016
2024-09-06 15:46:46,246 - INFO - LongestPause, 38.451
2024-09-06 15:46:46,246 - INFO - NumberOfShocks, 4
2024-09-06 15:46:46,246 - INFO - AnyROSC, No
2024-09-06 15:46:46,246 - INFO - ------------------------
2024-09-06 15:46:46,246 - INFO - IncidentID, 24002732
2024-09-06 15:46:46,246 - INFO - CaseStart, 1/10/2024 6:20:36 AM
2024-09-06 15:46:46,247 - INFO - CPRRatio, 95.991961232394942
2024-09-06 15:46:46,247 - INFO - CompressionsRatio, 95.957926127615451
2024-09-06 15:46:46,247 - INFO - LongestPause, 11.353
2024-09-06 15:46:46,247 - INFO - AnyROSC, No
2024-09-06 15:46:46,247 - INFO - ------------------------
2024-09-06 15:46:46,247 - INFO - IncidentID, 24-003234
2024-09-06 15:46:46,247 - INFO - CaseStart, 1/11/2024 4:59:13 PM
2024-09-06 15:46:46,247 - INFO - CPRRatio, 93.095986245331119
2024-09-06 15:46:46,248 - INFO - CompressionsRatio, 94.252089879646633
2024-09-06 15:46:46,248 - INFO - LongestPause, 12.745999999999999
2024-09-06 15:46:46,248 - INFO - NumberOfShocks, 6
2024-09-06 15:46:46,248 - INFO - AnyROSC, No
2024-09-06 15:46:46,248 - INFO - ------------------------
2024-09-06 15:46:46,248 - INFO - IncidentID, 24-04270
2024-09-06 15:46:46,248 - INFO - CaseStart, 1/15/2024 9:02:16 PM
2024-09-06 15:46:46,249 - INFO - CPRRatio, 77.328470831991709
2024-09-06 15:46:46,249 - INFO - CompressionsRatio, 77.559462978258736
2024-09-06 15:46:46,249 - INFO - LongestPause, 301.762
2024-09-06 15:46:46,249 - INFO - AnyROSC, No
2024-09-06 15:46:46,249 - INFO - ------------------------
2024-09-06 15:46:46,250 - INFO - IncidentID, 24-04543
2024-09-06 15:46:46,250 - INFO - CaseStart, 1/16/2024 8:22:42 PM
2024-09-06 15:46:46,250 - INFO - CPRRatio, 93.1452043735828
2024-09-06 15:46:46,250 - INFO - CompressionsRatio, 93.271045789654877
2024-09-06 15:46:46,250 - INFO - LongestPause, 21.232
2024-09-06 15:46:46,250 - INFO - AnyROSC, Yes
2024-09-06 15:46:46,250 - INFO - ------------------------
2024-09-06 15:46:46,251 - INFO - IncidentID, 24-04601
2024-09-06 15:46:46,251 - INFO - CaseStart, 1/17/2024 3:27:34 AM
2024-09-06 15:46:46,251 - INFO - CPRRatio, 88.5196550088571
2024-09-06 15:46:46,251 - INFO - CompressionsRatio, 89.199891563232185
2024-09-06 15:46:46,251 - INFO - LongestPause, 32.012
2024-09-06 15:46:46,251 - INFO - AnyROSC, No
2024-09-06 15:46:46,251 - INFO - ------------------------
2024-09-06 15:46:46,251 - INFO - IncidentID, 2024011812195400-
2024-09-06 15:46:46,252 - INFO - CaseStart, 1/18/2024 9:19:31 AM
2024-09-06 15:46:46,252 - INFO - CPRRatio, 69.790596767769941
2024-09-06 15:46:46,252 - INFO - CompressionsRatio, 69.790596767769941
2024-09-06 15:46:46,252 - INFO - LongestPause, 136.938
2024-09-06 15:46:46,252 - INFO - AnyROSC, Yes
2024-09-06 15:46:46,252 - INFO - ------------------------
2024-09-06 15:46:46,252 - INFO - IncidentID, 24-05282
2024-09-06 15:46:46,253 - INFO - CaseStart, 1/19/2024 3:31:41 PM
2024-09-06 15:46:46,253 - INFO - CPRRatio, 92.834095834336622
2024-09-06 15:46:46,253 - INFO - CompressionsRatio, 92.2297134601493
2024-09-06 15:46:46,253 - INFO - LongestPause, 20.691
2024-09-06 15:46:46,253 - INFO - NumberOfShocks, 1
2024-09-06 15:46:46,253 - INFO - AnyROSC, Yes
2024-09-06 15:46:46,253 - INFO - ------------------------
2024-09-06 15:46:46,254 - INFO - IncidentID, 2024011917102000-
2024-09-06 15:46:46,254 - INFO - CaseStart, 1/19/2024 5:09:11 PM
2024-09-06 15:46:46,254 - INFO - CPRRatio, 90.208223252901234
2024-09-06 15:46:46,254 - INFO - CompressionsRatio, 90.199416818333034
2024-09-06 15:46:46,254 - INFO - LongestPause, 22.016
2024-09-06 15:46:46,254 - INFO - AnyROSC, Yes
2024-09-06 15:46:46,254 - INFO - ------------------------
2024-09-06 15:46:46,254 - INFO - IncidentID, 24005623
2024-09-06 15:46:46,255 - INFO - CaseStart, 1/21/2024 3:27:23 AM
2024-09-06 15:46:46,255 - INFO - CPRRatio, 81.6714199743583
2024-09-06 15:46:46,255 - INFO - CompressionsRatio, 82.822679818938212
2024-09-06 15:46:46,255 - INFO - LongestPause, 42.678
2024-09-06 15:46:46,255 - INFO - AnyROSC, Yes
2024-09-06 15:46:46,255 - INFO - ------------------------
2024-09-06 15:46:46,255 - INFO - IncidentID, 24-05748
2024-09-06 15:46:46,255 - INFO - CaseStart, 1/21/2024 5:23:25 PM
2024-09-06 15:46:46,256 - INFO - CPRRatio, 87.452956298200519
2024-09-06 15:46:46,256 - INFO - CompressionsRatio, 87.417994858611834
2024-09-06 15:46:46,256 - INFO - LongestPause, 23.083
2024-09-06 15:46:46,256 - INFO - AnyROSC, No
2024-09-06 15:46:46,256 - INFO - ------------------------
2024-09-06 15:46:46,256 - INFO - IncidentID, 24-05789
2024-09-06 15:46:46,256 - INFO - CaseStart, 1/21/2024 8:16:40 PM
2024-09-06 15:46:46,256 - INFO - CPRRatio, 79.2004048582996
2024-09-06 15:46:46,256 - INFO - CompressionsRatio, 80.433624547197951
2024-09-06 15:46:46,256 - INFO - LongestPause, 118.54899999999999
2024-09-06 15:46:46,256 - INFO - NumberOfShocks, 1
2024-09-06 15:46:46,257 - INFO - AnyROSC, No
2024-09-06 15:46:46,257 - INFO - ------------------------
2024-09-06 15:46:46,257 - INFO - IncidentID, 2024012205193600-LP152357
2024-09-06 15:46:46,257 - INFO - CaseStart, 1/22/2024 5:19:36 AM
2024-09-06 15:46:46,257 - INFO - CPRRatio, None
2024-09-06 15:46:46,257 - INFO - CompressionsRatio, None
2024-09-06 15:46:46,257 - INFO - AnyROSC, No
2024-09-06 15:46:46,258 - INFO - ------------------------
2024-09-06 15:46:46,258 - INFO - IncidentID, 24006848
2024-09-06 15:46:46,258 - INFO - CaseStart, 1/25/2024 8:44:12 PM
2024-09-06 15:46:46,258 - INFO - CPRRatio, 97.465689332501569
2024-09-06 15:46:46,258 - INFO - CompressionsRatio, 97.980349344978166
2024-09-06 15:46:46,258 - INFO - LongestPause, 5.603
2024-09-06 15:46:46,258 - INFO - AnyROSC, No
2024-09-06 15:46:46,258 - INFO - ------------------------
2024-09-06 15:46:46,258 - INFO - IncidentID, 24006905
2024-09-06 15:46:46,259 - INFO - CaseStart, 1/26/2024 3:42:57 AM
2024-09-06 15:46:46,259 - INFO - CPRRatio, 94.8288598867274
2024-09-06 15:46:46,259 - INFO - CompressionsRatio, 95.1674464417631
2024-09-06 15:46:46,259 - INFO - LongestPause, 25.206
2024-09-06 15:46:46,259 - INFO - AnyROSC, No
2024-09-06 15:46:46,259 - INFO - ------------------------
2024-09-06 15:46:46,259 - INFO - IncidentID, 2024012708121200-
2024-09-06 15:46:46,259 - INFO - CaseStart, 1/27/2024 5:11:49 AM
2024-09-06 15:46:46,259 - INFO - CPRRatio, 89.655492905384477
2024-09-06 15:46:46,260 - INFO - CompressionsRatio, 89.655492905384477
2024-09-06 15:46:46,260 - INFO - LongestPause, 17.785
2024-09-06 15:46:46,260 - INFO - AnyROSC, Yes
2024-09-06 15:46:46,260 - INFO - ------------------------
2024-09-06 15:46:46,260 - INFO - IncidentID, F24007187
2024-09-06 15:46:46,260 - INFO - CaseStart, 1/27/2024 7:15:03 AM
2024-09-06 15:46:46,260 - INFO - CPRRatio, 89.0099280444485
2024-09-06 15:46:46,261 - INFO - CompressionsRatio, 89.273157846798441
2024-09-06 15:46:46,261 - INFO - LongestPause, 42.661
2024-09-06 15:46:46,261 - INFO - AnyROSC, No
2024-09-06 15:46:46,261 - INFO - ------------------------
2024-09-06 15:46:46,261 - INFO - IncidentID, 2024013006532900-37823764
2024-09-06 15:46:46,261 - INFO - CaseStart, 1/30/2024 6:53:15 AM
2024-09-06 15:46:46,261 - INFO - CPRRatio, None
2024-09-06 15:46:46,261 - INFO - CompressionsRatio, None
2024-09-06 15:46:46,262 - INFO - NumberOfShocks, 2
2024-09-06 15:46:46,262 - INFO - AnyROSC, No
2024-09-06 15:46:46,262 - INFO - ------------------------
2024-09-06 15:46:46,262 - INFO - IncidentID, 24009051
2024-09-06 15:46:46,262 - INFO - CaseStart, 2/4/2024 7:46:26 AM
2024-09-06 15:46:46,262 - INFO - CPRRatio, 84.270216962524657
2024-09-06 15:46:46,262 - INFO - CompressionsRatio, 85.051700436315826
2024-09-06 15:46:46,262 - INFO - LongestPause, 22.558999999999997
2024-09-06 15:46:46,262 - INFO - NumberOfShocks, 1
2024-09-06 15:46:46,263 - INFO - AnyROSC, No
2024-09-06 15:46:46,263 - INFO - ------------------------
2024-09-06 15:46:46,263 - INFO - IncidentID, F24009459
2024-09-06 15:46:46,263 - INFO - CaseStart, 2/6/2024 12:15:34 AM
2024-09-06 15:46:46,263 - INFO - CPRRatio, 88.1007631396378
2024-09-06 15:46:46,263 - INFO - CompressionsRatio, 88.697098016698959
2024-09-06 15:46:46,263 - INFO - LongestPause, 24.311999999999998
2024-09-06 15:46:46,263 - INFO - AnyROSC, No
2024-09-06 15:46:46,263 - INFO - ------------------------
2024-09-06 15:46:46,264 - INFO - IncidentID, 2024020602321200-37823764
2024-09-06 15:46:46,264 - INFO - CaseStart, 2/6/2024 2:31:58 AM
2024-09-06 15:46:46,264 - INFO - CPRRatio, 99.936850968285157
2024-09-06 15:46:46,264 - INFO - CompressionsRatio, 99.936850968285157
2024-09-06 15:46:46,264 - INFO - LongestPause, 0.074
2024-09-06 15:46:46,264 - INFO - AnyROSC, Yes
2024-09-06 15:46:46,264 - INFO - ------------------------
2024-09-06 15:46:46,264 - INFO - IncidentID, 2024020713463900-MICU 103A
2024-09-06 15:46:46,265 - INFO - CaseStart, 2/7/2024 1:46:39 PM
2024-09-06 15:46:46,265 - INFO - CPRRatio, 98.447064289447724
2024-09-06 15:46:46,265 - INFO - CompressionsRatio, 93.883500784017656
2024-09-06 15:46:46,265 - INFO - LongestPause, 10.533999999999999
2024-09-06 15:46:46,265 - INFO - AnyROSC, No
2024-09-06 15:46:46,265 - INFO - ------------------------
2024-09-06 15:46:46,266 - INFO - IncidentID, F24009954
2024-09-06 15:46:46,266 - INFO - CaseStart, 2/7/2024 11:40:04 PM
2024-09-06 15:46:46,266 - INFO - CPRRatio, None
2024-09-06 15:46:46,266 - INFO - CompressionsRatio, None
2024-09-06 15:46:46,266 - INFO - AnyROSC, No
2024-09-06 15:46:46,266 - INFO - ------------------------
2024-09-06 15:46:46,266 - INFO - IncidentID, 24010233
2024-09-06 15:46:46,266 - INFO - CaseStart, 2/9/2024 5:13:46 AM
2024-09-06 15:46:46,266 - INFO - CPRRatio, 86.371563964914372
2024-09-06 15:46:46,267 - INFO - CompressionsRatio, 81.865051343786419
2024-09-06 15:46:46,267 - INFO - LongestPause, 67.899999999999991
2024-09-06 15:46:46,267 - INFO - AnyROSC, No
2024-09-06 15:46:46,267 - INFO - ------------------------
2024-09-06 15:46:46,267 - INFO - IncidentID, 24010421
2024-09-06 15:46:46,267 - INFO - CaseStart, 2/9/2024 6:57:22 PM
2024-09-06 15:46:46,268 - INFO - CPRRatio, 97.231560933574457
2024-09-06 15:46:46,268 - INFO - CompressionsRatio, 95.050550410835868
2024-09-06 15:46:46,268 - INFO - LongestPause, 14.203
2024-09-06 15:46:46,268 - INFO - AnyROSC, No
2024-09-06 15:46:46,268 - INFO - ------------------------
2024-09-06 15:46:46,268 - INFO - IncidentID, 24010728
2024-09-06 15:46:46,268 - INFO - CaseStart, 2/11/2024 3:05:26 AM
2024-09-06 15:46:46,269 - INFO - CPRRatio, 76.234142805364257
2024-09-06 15:46:46,269 - INFO - CompressionsRatio, 76.277636824936565
2024-09-06 15:46:46,269 - INFO - LongestPause, 61.101
2024-09-06 15:46:46,269 - INFO - NumberOfShocks, 4
2024-09-06 15:46:46,269 - INFO - AnyROSC, No
2024-09-06 15:46:46,269 - INFO - ------------------------
2024-09-06 15:46:46,269 - INFO - IncidentID, 2024021107462600-
2024-09-06 15:46:46,269 - INFO - CaseStart, 2/11/2024 7:46:34 AM
2024-09-06 15:46:46,269 - INFO - CPRRatio, 81.753337804060237
2024-09-06 15:46:46,270 - INFO - CompressionsRatio, 81.632310019712421
2024-09-06 15:46:46,270 - INFO - LongestPause, 38.846
2024-09-06 15:46:46,270 - INFO - AnyROSC, Yes
2024-09-06 15:46:46,270 - INFO - ------------------------
2024-09-06 15:46:46,270 - INFO - IncidentID, 24-011209
2024-09-06 15:46:46,270 - INFO - CaseStart, 2/12/2024 10:23:34 PM
2024-09-06 15:46:46,270 - INFO - CPRRatio, 91.186040318191814
2024-09-06 15:46:46,270 - INFO - CompressionsRatio, 91.722149531628133
2024-09-06 15:46:46,270 - INFO - LongestPause, 16.776
2024-09-06 15:46:46,271 - INFO - AnyROSC, No
2024-09-06 15:46:46,271 - INFO - ------------------------
2024-09-06 15:46:46,271 - INFO - IncidentID, 2024021302504100-
2024-09-06 15:46:46,271 - INFO - CaseStart, 2/13/2024 2:49:32 AM
2024-09-06 15:46:46,271 - INFO - CPRRatio, None
2024-09-06 15:46:46,271 - INFO - CompressionsRatio, None
2024-09-06 15:46:46,271 - INFO - NumberOfShocks, 1
2024-09-06 15:46:46,272 - INFO - AnyROSC, Yes
2024-09-06 15:46:46,272 - INFO - ------------------------
2024-09-06 15:46:46,272 - INFO - IncidentID, 2024021312403100-
2024-09-06 15:46:46,272 - INFO - CaseStart, 2/13/2024 11:41:12 AM
2024-09-06 15:46:46,272 - INFO - CPRRatio, 66.954175717520911
2024-09-06 15:46:46,272 - INFO - CompressionsRatio, 67.2101030641956
2024-09-06 15:46:46,272 - INFO - LongestPause, 288.461
2024-09-06 15:46:46,272 - INFO - NumberOfShocks, 4
2024-09-06 15:46:46,273 - INFO - AnyROSC, No
2024-09-06 15:46:46,273 - INFO - ------------------------
2024-09-06 15:46:46,273 - INFO - IncidentID, 2024021610434900-DCMH 5
2024-09-06 15:46:46,273 - INFO - CaseStart, 2/16/2024 10:43:49 AM
2024-09-06 15:46:46,273 - INFO - CPRRatio, 80.049919595907767
2024-09-06 15:46:46,273 - INFO - CompressionsRatio, 77.141560529976431
2024-09-06 15:46:46,273 - INFO - LongestPause, 159.875
2024-09-06 15:46:46,273 - INFO - NumberOfShocks, 1
2024-09-06 15:46:46,273 - INFO - AnyROSC, No
2024-09-06 15:46:46,273 - INFO - ------------------------
2024-09-06 15:46:46,274 - INFO - IncidentID, 2024021611383200-
2024-09-06 15:46:46,274 - INFO - CaseStart, 2/16/2024 11:38:40 AM
2024-09-06 15:46:46,274 - INFO - CPRRatio, 88.5779000161786
2024-09-06 15:46:46,274 - INFO - CompressionsRatio, 88.569810710241043
2024-09-06 15:46:46,274 - INFO - LongestPause, 21.726
2024-09-06 15:46:46,274 - INFO - AnyROSC, No
2024-09-06 15:46:46,274 - INFO - ------------------------
2024-09-06 15:46:46,274 - INFO - IncidentID, 2024021620030800-MICU 81
2024-09-06 15:46:46,274 - INFO - CaseStart, 2/16/2024 8:03:08 PM
2024-09-06 15:46:46,275 - INFO - CPRRatio, 96.022722560849189
2024-09-06 15:46:46,275 - INFO - CompressionsRatio, 92.8473690757557
2024-09-06 15:46:46,275 - INFO - LongestPause, 22.805
2024-09-06 15:46:46,275 - INFO - AnyROSC, No
2024-09-06 15:46:46,275 - INFO - ------------------------
2024-09-06 15:46:46,275 - INFO - IncidentID, 2024021620343900-
2024-09-06 15:46:46,275 - INFO - CaseStart, 2/16/2024 8:37:01 PM
2024-09-06 15:46:46,276 - INFO - CPRRatio, 88.6372993001235
2024-09-06 15:46:46,276 - INFO - CompressionsRatio, 88.801976121860832
2024-09-06 15:46:46,276 - INFO - LongestPause, 20.122999999999998
2024-09-06 15:46:46,276 - INFO - AnyROSC, No
2024-09-06 15:46:46,276 - INFO - ------------------------
2024-09-06 15:46:46,276 - INFO - IncidentID, 2024021621362300-
2024-09-06 15:46:46,276 - INFO - CaseStart, 2/16/2024 9:38:45 PM
2024-09-06 15:46:46,276 - INFO - CPRRatio, 78.232493227157036
2024-09-06 15:46:46,276 - INFO - CompressionsRatio, 78.232493227157036
2024-09-06 15:46:46,276 - INFO - LongestPause, 81.59899999999999
2024-09-06 15:46:46,277 - INFO - NumberOfShocks, 2
2024-09-06 15:46:46,277 - INFO - AnyROSC, Yes
2024-09-06 15:46:46,277 - INFO - ------------------------
2024-09-06 15:46:46,277 - INFO - IncidentID, 2024021713011100-37823764
2024-09-06 15:46:46,277 - INFO - CaseStart, 2/17/2024 1:00:57 PM
2024-09-06 15:46:46,277 - INFO - CPRRatio, 93.32386363636364
2024-09-06 15:46:46,277 - INFO - CompressionsRatio, 94.470373376623371
2024-09-06 15:46:46,277 - INFO - LongestPause, 8.384
2024-09-06 15:46:46,277 - INFO - NumberOfShocks, 1
2024-09-06 15:46:46,278 - INFO - AnyROSC, Yes
2024-09-06 15:46:46,278 - INFO - ------------------------
2024-09-06 15:46:46,278 - INFO - IncidentID, 24012682
2024-09-06 15:46:46,278 - INFO - CaseStart, 2/17/2024 11:14:03 PM
2024-09-06 15:46:46,278 - INFO - CPRRatio, 70.042454832775135
2024-09-06 15:46:46,278 - INFO - CompressionsRatio, 66.888532477947081
2024-09-06 15:46:46,278 - INFO - LongestPause, 475.851
2024-09-06 15:46:46,278 - INFO - NumberOfShocks, 4
2024-09-06 15:46:46,279 - INFO - AnyROSC, No
2024-09-06 15:46:46,279 - INFO - ------------------------
2024-09-06 15:46:46,279 - INFO - IncidentID, 2024022321402900-
2024-09-06 15:46:46,279 - INFO - CaseStart, 2/23/2024 10:43:05 PM
2024-09-06 15:46:46,279 - INFO - CPRRatio, 93.852179836512249
2024-09-06 15:46:46,279 - INFO - CompressionsRatio, 93.84366485013625
2024-09-06 15:46:46,279 - INFO - LongestPause, 9.722999999999999
2024-09-06 15:46:46,279 - INFO - AnyROSC, Yes
2024-09-06 15:46:46,279 - INFO - ------------------------
2024-09-06 15:46:46,279 - INFO - IncidentID, F24014055
2024-09-06 15:46:46,280 - INFO - CaseStart, 2/24/2024 5:11:47 PM
2024-09-06 15:46:46,280 - INFO - CPRRatio, 87.821199559054136
2024-09-06 15:46:46,280 - INFO - CompressionsRatio, 82.248823885602491
2024-09-06 15:46:46,280 - INFO - LongestPause, 46.986999999999995
2024-09-06 15:46:46,280 - INFO - NumberOfShocks, 1
2024-09-06 15:46:46,280 - INFO - AnyROSC, No
2024-09-06 15:46:46,281 - INFO - ------------------------
2024-09-06 15:46:46,281 - INFO - IncidentID, 24014194
2024-09-06 15:46:46,281 - INFO - CaseStart, 2/25/2024 9:47:10 AM
2024-09-06 15:46:46,281 - INFO - CPRRatio, 85.194962180803316
2024-09-06 15:46:46,281 - INFO - CompressionsRatio, 81.871672488423144
2024-09-06 15:46:46,281 - INFO - LongestPause, 38.024
2024-09-06 15:46:46,281 - INFO - AnyROSC, No
2024-09-06 15:46:46,281 - INFO - ------------------------
2024-09-06 15:46:46,281 - INFO - IncidentID, 2024022510592000-LP152357
2024-09-06 15:46:46,281 - INFO - CaseStart, 2/25/2024 10:59:20 AM
2024-09-06 15:46:46,282 - INFO - CPRRatio, 49.060518731988473
2024-09-06 15:46:46,282 - INFO - CompressionsRatio, 39.127761767531219
2024-09-06 15:46:46,282 - INFO - LongestPause, 95.743
2024-09-06 15:46:46,282 - INFO - NumberOfShocks, 3
2024-09-06 15:46:46,282 - INFO - AnyROSC, No
2024-09-06 15:46:46,282 - INFO - ------------------------
2024-09-06 15:46:46,282 - INFO - IncidentID, 2024022723401700-CROZER EMS
2024-09-06 15:46:46,282 - INFO - CaseStart, 2/27/2024 11:40:18 PM
2024-09-06 15:46:46,282 - INFO - CPRRatio, 98.33262467351031
2024-09-06 15:46:46,283 - INFO - CompressionsRatio, 96.812549353094823
2024-09-06 15:46:46,283 - INFO - LongestPause, 11.959999999999999
2024-09-06 15:46:46,283 - INFO - AnyROSC, No
2024-09-06 15:46:46,283 - INFO - ------------------------
2024-09-06 15:46:46,283 - INFO - IncidentID, 24-15288
2024-09-06 15:46:46,283 - INFO - CaseStart, 2/29/2024 12:00:18 PM
2024-09-06 15:46:46,283 - INFO - CPRRatio, 80.623581936617143
2024-09-06 15:46:46,283 - INFO - CompressionsRatio, 78.467393690990278
2024-09-06 15:46:46,283 - INFO - LongestPause, 53.285999999999994
2024-09-06 15:46:46,283 - INFO - AnyROSC, No
2024-09-06 15:46:46,283 - INFO - ------------------------
2024-09-06 15:46:46,284 - INFO - IncidentID, 24-16272
2024-09-06 15:46:46,284 - INFO - CaseStart, 3/4/2024 12:25:01 PM
2024-09-06 15:46:46,284 - INFO - CPRRatio, 82.241333900605767
2024-09-06 15:46:46,284 - INFO - CompressionsRatio, 83.683826657752391
2024-09-06 15:46:46,284 - INFO - LongestPause, 37.085
2024-09-06 15:46:46,284 - INFO - AnyROSC, No
2024-09-06 15:46:46,284 - INFO - ------------------------
2024-09-06 15:46:46,284 - INFO - IncidentID, 2024030507584400-
2024-09-06 15:46:46,284 - INFO - CaseStart, 3/5/2024 9:01:20 AM
2024-09-06 15:46:46,284 - INFO - CPRRatio, 91.8113282412459
2024-09-06 15:46:46,284 - INFO - CompressionsRatio, 92.156862745098039
2024-09-06 15:46:46,284 - INFO - LongestPause, 23.491999999999997
2024-09-06 15:46:46,285 - INFO - AnyROSC, No
2024-09-06 15:46:46,285 - INFO - ------------------------
2024-09-06 15:46:46,285 - INFO - IncidentID, 2024030522422200-CROZER HEALTH
2024-09-06 15:46:46,285 - INFO - CaseStart, 3/5/2024 10:42:23 PM
2024-09-06 15:46:46,285 - INFO - CPRRatio, 79.207779021634437
2024-09-06 15:46:46,285 - INFO - CompressionsRatio, 78.791231678425461
2024-09-06 15:46:46,285 - INFO - LongestPause, 81.35799999999999
2024-09-06 15:46:46,285 - INFO - AnyROSC, No
2024-09-06 15:46:46,285 - INFO - ------------------------
2024-09-06 15:46:46,286 - INFO - IncidentID, 2024031108060300-CROZER EMS
2024-09-06 15:46:46,286 - INFO - CaseStart, 3/11/2024 8:06:04 AM
2024-09-06 15:46:46,286 - INFO - CPRRatio, 93.480942160884567
2024-09-06 15:46:46,286 - INFO - CompressionsRatio, 89.41780542802033
2024-09-06 15:46:46,286 - INFO - LongestPause, 25.918
2024-09-06 15:46:46,286 - INFO - AnyROSC, No
2024-09-06 15:46:46,286 - INFO - ------------------------
2024-09-06 15:46:46,286 - INFO - IncidentID, 2024031307333500-MEDIC 102
2024-09-06 15:46:46,286 - INFO - CaseStart, 3/13/2024 7:33:35 AM
2024-09-06 15:46:46,286 - INFO - CPRRatio, 89.9935718877223
2024-09-06 15:46:46,287 - INFO - CompressionsRatio, 85.581315620312836
2024-09-06 15:46:46,287 - INFO - LongestPause, 34.814
2024-09-06 15:46:46,287 - INFO - AnyROSC, No
2024-09-06 15:46:46,287 - INFO - ------------------------
2024-09-06 15:46:46,287 - INFO - IncidentID, 2024031606354500-MICU 81
2024-09-06 15:46:46,287 - INFO - CaseStart, 3/16/2024 6:35:45 AM
2024-09-06 15:46:46,287 - INFO - CPRRatio, 16.223174860644448
2024-09-06 15:46:46,287 - INFO - CompressionsRatio, 15.530580980702634
2024-09-06 15:46:46,287 - INFO - LongestPause, 1045.528
2024-09-06 15:46:46,287 - INFO - NumberOfShocks, 1
2024-09-06 15:46:46,287 - INFO - AnyROSC, No
2024-09-06 15:46:46,287 - INFO - ------------------------
2024-09-06 15:46:46,288 - INFO - IncidentID, 2024031721292600-MEDIC100A
2024-09-06 15:46:46,288 - INFO - CaseStart, 3/17/2024 9:29:26 PM
2024-09-06 15:46:46,288 - INFO - CPRRatio, None
2024-09-06 15:46:46,288 - INFO - CompressionsRatio, None
2024-09-06 15:46:46,288 - INFO - AnyROSC, No
2024-09-06 15:46:46,288 - INFO - ------------------------
2024-09-06 15:46:46,288 - INFO - IncidentID, 2024033013204600-CRC 101
2024-09-06 15:46:46,288 - INFO - CaseStart, 3/30/2024 1:20:46 PM
2024-09-06 15:46:46,288 - INFO - CPRRatio, 40.203071327540918
2024-09-06 15:46:46,288 - INFO - CompressionsRatio, 38.477470195999196
2024-09-06 15:46:46,288 - INFO - LongestPause, 635.898
2024-09-06 15:46:46,289 - INFO - AnyROSC, No
2024-09-06 15:46:46,289 - INFO - ------------------------
2024-09-06 15:46:46,289 - INFO - IncidentID, 2024040319454500-CROZER
2024-09-06 15:46:46,289 - INFO - CaseStart, 4/3/2024 7:45:45 PM
2024-09-06 15:46:46,289 - INFO - CPRRatio, 93.9322817795879
2024-09-06 15:46:46,289 - INFO - CompressionsRatio, 87.331883707819927
2024-09-06 15:46:46,289 - INFO - LongestPause, 30.112
2024-09-06 15:46:46,289 - INFO - AnyROSC, No
2024-09-06 15:46:46,289 - INFO - ------------------------
2024-09-06 15:46:46,289 - INFO - IncidentID, 2024040917313000-MICU103
2024-09-06 15:46:46,289 - INFO - CaseStart, 4/9/2024 5:31:30 PM
2024-09-06 15:46:46,289 - INFO - CPRRatio, 69.936621453152867
2024-09-06 15:46:46,290 - INFO - CompressionsRatio, 63.845114477033668
2024-09-06 15:46:46,290 - INFO - LongestPause, 190.783
2024-09-06 15:46:46,290 - INFO - NumberOfShocks, 5
2024-09-06 15:46:46,290 - INFO - AnyROSC, No
2024-09-06 15:46:46,290 - INFO - ------------------------
2024-09-06 15:46:46,290 - INFO - IncidentID, 2024041212094000-CROZER EMS
2024-09-06 15:46:46,290 - INFO - CaseStart, 4/12/2024 12:09:40 PM
2024-09-06 15:46:46,290 - INFO - CPRRatio, 68.080297077659978
2024-09-06 15:46:46,290 - INFO - CompressionsRatio, 67.913459986007211
2024-09-06 15:46:46,290 - INFO - LongestPause, 83.24199999999999
2024-09-06 15:46:46,290 - INFO - AnyROSC, No
2024-09-06 15:46:46,291 - INFO - ------------------------
2024-09-06 15:46:46,291 - INFO - IncidentID, 2024041611240800-CROZER EMS
2024-09-06 15:46:46,291 - INFO - CaseStart, 4/16/2024 11:24:08 AM
2024-09-06 15:46:46,291 - INFO - CPRRatio, 13.608798499580315
2024-09-06 15:46:46,291 - INFO - CompressionsRatio, 12.472439426981048
2024-09-06 15:46:46,291 - INFO - LongestPause, 6707.6489999999994
2024-09-06 15:46:46,291 - INFO - AnyROSC, No
2024-09-06 15:46:46,291 - INFO - ------------------------
2024-09-06 15:46:46,291 - INFO - IncidentID, 2024041916492300-LP152357
2024-09-06 15:46:46,292 - INFO - CaseStart, 4/19/2024 4:49:23 PM
2024-09-06 15:46:46,292 - INFO - CPRRatio, 88.192672940470317
2024-09-06 15:46:46,292 - INFO - CompressionsRatio, 83.771356299170392
2024-09-06 15:46:46,292 - INFO - LongestPause, 128.043
2024-09-06 15:46:46,292 - INFO - AnyROSC, No
2024-09-06 15:46:46,292 - INFO - ------------------------
2024-09-06 15:46:46,292 - INFO - IncidentID, 2024042422543100-ECG1
2024-09-06 15:46:46,292 - INFO - CaseStart, 4/24/2024 10:54:31 PM
2024-09-06 15:46:46,292 - INFO - CPRRatio, 95.519236695237339
2024-09-06 15:46:46,292 - INFO - CompressionsRatio, 92.111300060489171
2024-09-06 15:46:46,292 - INFO - LongestPause, 22.903
2024-09-06 15:46:46,292 - INFO - AnyROSC, No
2024-09-06 15:46:46,292 - INFO - ------------------------
2024-09-06 15:46:46,293 - INFO - IncidentID, 2024042504165600-ECG1
2024-09-06 15:46:46,293 - INFO - CaseStart, 4/25/2024 4:16:56 AM
2024-09-06 15:46:46,293 - INFO - CPRRatio, 92.7739430543572
2024-09-06 15:46:46,293 - INFO - CompressionsRatio, 90.924168344358165
2024-09-06 15:46:46,293 - INFO - LongestPause, 52.949999999999996
2024-09-06 15:46:46,293 - INFO - AnyROSC, No
2024-09-06 15:46:46,293 - INFO - ------------------------
2024-09-06 15:46:46,293 - INFO - IncidentID, 2024043014542200-CROZER EMS
2024-09-06 15:46:46,294 - INFO - CaseStart, 4/30/2024 2:54:22 PM
2024-09-06 15:46:46,294 - INFO - CPRRatio, 51.29800881786494
2024-09-06 15:46:46,294 - INFO - CompressionsRatio, 48.094768172919288
2024-09-06 15:46:46,294 - INFO - LongestPause, 717.577
2024-09-06 15:46:46,294 - INFO - NumberOfShocks, 2
2024-09-06 15:46:46,294 - INFO - AnyROSC, No
2024-09-06 15:46:46,294 - INFO - ------------------------
2024-09-06 15:46:46,294 - INFO - IncidentID, 2024050519224200-CROZER EMS
2024-09-06 15:46:46,294 - INFO - CaseStart, 5/5/2024 7:22:42 PM
2024-09-06 15:46:46,294 - INFO - CPRRatio, 89.99750790257211
2024-09-06 15:46:46,295 - INFO - CompressionsRatio, 88.7055521307433
2024-09-06 15:46:46,295 - INFO - LongestPause, 24.509
2024-09-06 15:46:46,295 - INFO - AnyROSC, No
2024-09-06 15:46:46,295 - INFO - ------------------------
2024-09-06 15:46:46,295 - INFO - IncidentID, 2024050621580700-CROZER EMS
2024-09-06 15:46:46,295 - INFO - CaseStart, 5/6/2024 9:58:07 PM
2024-09-06 15:46:46,295 - INFO - CPRRatio, 85.900642664134949
2024-09-06 15:46:46,295 - INFO - CompressionsRatio, 83.615716059300354
2024-09-06 15:46:46,295 - INFO - LongestPause, 99.823
2024-09-06 15:46:46,295 - INFO - AnyROSC, No
2024-09-06 15:46:46,295 - INFO - ------------------------
2024-09-06 15:46:46,295 - INFO - IncidentID, 2024050802210900-ECG8
2024-09-06 15:46:46,296 - INFO - CaseStart, 5/8/2024 2:21:09 AM
2024-09-06 15:46:46,296 - INFO - CPRRatio, 94.871524296945068
2024-09-06 15:46:46,296 - INFO - CompressionsRatio, 91.275787474278474
2024-09-06 15:46:46,296 - INFO - LongestPause, 17.07
2024-09-06 15:46:46,296 - INFO - AnyROSC, No
2024-09-06 15:46:46,296 - INFO - ------------------------
2024-09-06 15:46:46,296 - INFO - IncidentID, 2024051314514600-MEDIC 102
2024-09-06 15:46:46,297 - INFO - CaseStart, 5/13/2024 2:51:46 PM
2024-09-06 15:46:46,297 - INFO - CPRRatio, 99.037161926790858
2024-09-06 15:46:46,297 - INFO - CompressionsRatio, 93.8885560215698
2024-09-06 15:46:46,297 - INFO - LongestPause, 10.828
2024-09-06 15:46:46,297 - INFO - AnyROSC, No
2024-09-06 15:46:46,297 - INFO - ------------------------
2024-09-06 15:46:46,297 - INFO - IncidentID, 2024051817193200-ECG8
2024-09-06 15:46:46,297 - INFO - CaseStart, 5/18/2024 5:19:32 PM
2024-09-06 15:46:46,297 - INFO - CPRRatio, 93.212684384950279
2024-09-06 15:46:46,297 - INFO - CompressionsRatio, 90.1829228669829
2024-09-06 15:46:46,298 - INFO - LongestPause, 45.184
2024-09-06 15:46:46,298 - INFO - AnyROSC, No
2024-09-06 15:46:46,298 - INFO - ------------------------
2024-09-06 15:46:46,298 - INFO - IncidentID, 2024052210563300-MEDIC 102
2024-09-06 15:46:46,298 - INFO - CaseStart, 5/22/2024 10:56:33 AM
2024-09-06 15:46:46,298 - INFO - CPRRatio, None
2024-09-06 15:46:46,298 - INFO - CompressionsRatio, None
2024-09-06 15:46:46,298 - INFO - AnyROSC, No
2024-09-06 15:46:46,298 - INFO - ------------------------
2024-09-06 15:46:46,298 - INFO - IncidentID, 2024052406395700-MEDIC 102
2024-09-06 15:46:46,299 - INFO - CaseStart, 5/24/2024 6:39:57 AM
2024-09-06 15:46:46,299 - INFO - CPRRatio, 91.029632998635549
2024-09-06 15:46:46,299 - INFO - CompressionsRatio, 88.11181471504041
2024-09-06 15:46:46,299 - INFO - LongestPause, 40.318999999999996
2024-09-06 15:46:46,299 - INFO - AnyROSC, No
2024-09-06 15:46:46,299 - INFO - ------------------------
2024-09-06 15:46:46,299 - INFO - IncidentID, 2024052414051800-ECG12
2024-09-06 15:46:46,299 - INFO - CaseStart, 5/24/2024 2:05:18 PM
2024-09-06 15:46:46,299 - INFO - CPRRatio, 81.20738636363636
2024-09-06 15:46:46,299 - INFO - CompressionsRatio, 79.5962631118881
2024-09-06 15:46:46,299 - INFO - LongestPause, 239.81699999999998
2024-09-06 15:46:46,300 - INFO - NumberOfShocks, 6
2024-09-06 15:46:46,300 - INFO - AnyROSC, No
2024-09-06 15:46:46,300 - INFO - ------------------------
2024-09-06 15:46:46,300 - INFO - IncidentID, 2024052823165400-MEDIC 102
2024-09-06 15:46:46,300 - INFO - CaseStart, 5/28/2024 11:16:54 PM
2024-09-06 15:46:46,300 - INFO - CPRRatio, 91.30064419954212
2024-09-06 15:46:46,300 - INFO - CompressionsRatio, 89.26742266943512
2024-09-06 15:46:46,300 - INFO - LongestPause, 49.108999999999995
2024-09-06 15:46:46,300 - INFO - NumberOfShocks, 10
2024-09-06 15:46:46,300 - INFO - AnyROSC, No
2024-09-06 15:46:46,300 - INFO - ------------------------
2024-09-06 15:46:46,301 - INFO - IncidentID, 2024060622322500-MEDIC 102
2024-09-06 15:46:46,301 - INFO - CaseStart, 6/6/2024 10:32:25 PM
2024-09-06 15:46:46,301 - INFO - CPRRatio, 78.296163702345524
2024-09-06 15:46:46,301 - INFO - CompressionsRatio, 73.619808810807569
2024-09-06 15:46:46,301 - INFO - LongestPause, 106.261
2024-09-06 15:46:46,301 - INFO - NumberOfShocks, 4
2024-09-06 15:46:46,301 - INFO - AnyROSC, No
2024-09-06 15:46:46,301 - INFO - ------------------------
2024-09-06 15:46:46,301 - INFO - IncidentID, 2024060810333200-CROZER EMS
2024-09-06 15:46:46,301 - INFO - CaseStart, 6/8/2024 10:33:32 AM
2024-09-06 15:46:46,302 - INFO - CPRRatio, 94.871144714397673
2024-09-06 15:46:46,302 - INFO - CompressionsRatio, 91.446913466414642
2024-09-06 15:46:46,302 - INFO - LongestPause, 37.009
2024-09-06 15:46:46,302 - INFO - AnyROSC, No
2024-09-06 15:46:46,302 - INFO - ------------------------
2024-09-06 15:46:46,302 - INFO - IncidentID, 2024060921173300-CROZER EMS
2024-09-06 15:46:46,302 - INFO - CaseStart, 6/9/2024 9:17:33 PM
2024-09-06 15:46:46,302 - INFO - CPRRatio, 96.726239095631712
2024-09-06 15:46:46,302 - INFO - CompressionsRatio, 93.321789133204831
2024-09-06 15:46:46,303 - INFO - LongestPause, 14.793
2024-09-06 15:46:46,303 - INFO - AnyROSC, No
2024-09-06 15:46:46,303 - INFO - ------------------------
2024-09-06 15:46:46,303 - INFO - IncidentID, 2024061120070800-MEDIC 102
2024-09-06 15:46:46,303 - INFO - CaseStart, 6/11/2024 8:07:08 PM
2024-09-06 15:46:46,303 - INFO - CPRRatio, 93.292238161300929
2024-09-06 15:46:46,303 - INFO - CompressionsRatio, 89.884008638567479
2024-09-06 15:46:46,303 - INFO - LongestPause, 25.884999999999998
2024-09-06 15:46:46,303 - INFO - AnyROSC, No
2024-09-06 15:46:46,304 - INFO - ------------------------
2024-09-06 15:46:46,304 - INFO - IncidentID, 2024061321370700-ECG12
2024-09-06 15:46:46,304 - INFO - CaseStart, 6/13/2024 9:37:07 PM
2024-09-06 15:46:46,304 - INFO - CPRRatio, 88.357985707163039
2024-09-06 15:46:46,304 - INFO - CompressionsRatio, 88.357985707163039
2024-09-06 15:46:46,304 - INFO - LongestPause, 11.82
2024-09-06 15:46:46,304 - INFO - AnyROSC, No
2024-09-06 15:46:46,304 - INFO - ------------------------
2024-09-06 15:46:46,304 - INFO - IncidentID, ROSC
2024-09-06 15:46:46,304 - INFO - CaseStart, 6/15/2024 4:23:15 AM
2024-09-06 15:46:46,304 - INFO - CPRRatio, 9.22714108934946
2024-09-06 15:46:46,304 - INFO - CompressionsRatio, 7.5970689800387428
2024-09-06 15:46:46,305 - INFO - LongestPause, 607.07999999999993
2024-09-06 15:46:46,305 - INFO - NumberOfShocks, 2
2024-09-06 15:46:46,305 - INFO - AnyROSC, No
2024-09-06 15:46:46,305 - INFO - ------------------------
2024-09-06 15:46:46,305 - INFO - IncidentID, ROSC
2024-09-06 15:46:46,305 - INFO - CaseStart, 6/17/2024 2:38:17 PM
2024-09-06 15:46:46,305 - INFO - CPRRatio, 22.159160087287987
2024-09-06 15:46:46,306 - INFO - CompressionsRatio, 21.76205595047437
2024-09-06 15:46:46,306 - INFO - LongestPause, 996.96899999999994
2024-09-06 15:46:46,306 - INFO - NumberOfShocks, 1
2024-09-06 15:46:46,306 - INFO - AnyROSC, No
2024-09-06 15:46:46,306 - INFO - ------------------------
2024-09-06 15:46:46,306 - INFO - IncidentID, 2024061715222900-CROZER
2024-09-06 15:46:46,306 - INFO - CaseStart, 6/17/2024 3:22:29 PM
2024-09-06 15:46:46,306 - INFO - CPRRatio, 26.494122578063973
2024-09-06 15:46:46,306 - INFO - CompressionsRatio, 25.282440130313017
2024-09-06 15:46:46,306 - INFO - LongestPause, 1021.601
2024-09-06 15:46:46,306 - INFO - AnyROSC, No
2024-09-06 15:46:46,306 - INFO - ------------------------
2024-09-06 15:46:46,306 - INFO - IncidentID, ROSC
2024-09-06 15:46:46,307 - INFO - CaseStart, 6/18/2024 6:49:34 PM
2024-09-06 15:46:46,307 - INFO - CPRRatio, 26.467888578633609
2024-09-06 15:46:46,307 - INFO - CompressionsRatio, 25.133576169818067
2024-09-06 15:46:46,307 - INFO - LongestPause, 520.986
2024-09-06 15:46:46,307 - INFO - NumberOfShocks, 1
2024-09-06 15:46:46,307 - INFO - AnyROSC, No
2024-09-06 15:46:46,307 - INFO - ------------------------
2024-09-06 15:46:46,307 - INFO - IncidentID, 2024062318024800-LP152357
2024-09-06 15:46:46,307 - INFO - CaseStart, 6/23/2024 6:02:48 PM
2024-09-06 15:46:46,308 - INFO - CPRRatio, 10.423040053348894
2024-09-06 15:46:46,308 - INFO - CompressionsRatio, 9.1409994581753011
2024-09-06 15:46:46,308 - INFO - LongestPause, 310.216
2024-09-06 15:46:46,308 - INFO - AnyROSC, No
2024-09-06 15:46:46,308 - INFO - ------------------------
2024-09-06 15:46:46,308 - INFO - IncidentID, 2024062516232200-ECG17
2024-09-06 15:46:46,308 - INFO - CaseStart, 6/25/2024 4:23:22 PM
2024-09-06 15:46:46,308 - INFO - CPRRatio, 96.5234897058077
2024-09-06 15:46:46,308 - INFO - CompressionsRatio, 94.285327603999249
2024-09-06 15:46:46,308 - INFO - LongestPause, 14.088999999999999
2024-09-06 15:46:46,309 - INFO - AnyROSC, No
2024-09-06 15:46:46,309 - INFO - ------------------------
2024-09-06 15:46:46,309 - INFO - IncidentID, 2024062817554400-CROZER EMS
2024-09-06 15:46:46,309 - INFO - CaseStart, 6/28/2024 5:55:44 PM
2024-09-06 15:46:46,309 - INFO - CPRRatio, 9.4540715354539753
2024-09-06 15:46:46,309 - INFO - CompressionsRatio, 8.41241492494087
2024-09-06 15:46:46,309 - INFO - LongestPause, 432.27099999999996
2024-09-06 15:46:46,309 - INFO - NumberOfShocks, 2
2024-09-06 15:46:46,309 - INFO - AnyROSC, No
2024-09-06 15:46:46,309 - INFO - ------------------------
2024-09-06 15:46:46,310 - INFO - IncidentID, 2024062921533300-CROZER EMS
2024-09-06 15:46:46,310 - INFO - CaseStart, 6/29/2024 9:53:33 PM
2024-09-06 15:46:46,310 - INFO - CPRRatio, 74.2226090969156
2024-09-06 15:46:46,310 - INFO - CompressionsRatio, 73.423456492328356
2024-09-06 15:46:46,310 - INFO - LongestPause, 92.213
2024-09-06 15:46:46,310 - INFO - NumberOfShocks, 6
2024-09-06 15:46:46,310 - INFO - AnyROSC, No
2024-09-06 15:46:46,310 - INFO - ------------------------
2024-09-06 15:46:46,310 - INFO - IncidentID, 2024063017392000-CROZER EMS
2024-09-06 15:46:46,310 - INFO - CaseStart, 6/30/2024 5:39:20 PM
2024-09-06 15:46:46,311 - INFO - CPRRatio, 99.939541686981954
2024-09-06 15:46:46,311 - INFO - CompressionsRatio, 97.189663578742071
2024-09-06 15:46:46,311 - INFO - LongestPause, 6.733
2024-09-06 15:46:46,311 - INFO - AnyROSC, No
2024-09-06 15:46:46,311 - INFO - ------------------------
2024-09-06 15:46:46,311 - INFO - IncidentID, 2024063023593300-ECG17
2024-09-06 15:46:46,311 - INFO - CaseStart, 6/30/2024 11:59:33 PM
2024-09-06 15:46:46,311 - INFO - CPRRatio, 50.718406675106841
2024-09-06 15:46:46,311 - INFO - CompressionsRatio, 48.836359619682042
2024-09-06 15:46:46,311 - INFO - LongestPause, 534.765
2024-09-06 15:46:46,311 - INFO - AnyROSC, No
2024-09-06 15:46:46,312 - INFO - ------------------------
2024-09-06 15:46:46,312 - INFO - IncidentID, 2024070609290300-ECG14
2024-09-06 15:46:46,312 - INFO - CaseStart, 7/6/2024 9:29:03 AM
2024-09-06 15:46:46,312 - INFO - CPRRatio, 93.242568252201337
2024-09-06 15:46:46,312 - INFO - CompressionsRatio, 88.662927602003677
2024-09-06 15:46:46,312 - INFO - LongestPause, 42.105
2024-09-06 15:46:46,312 - INFO - AnyROSC, No
2024-09-06 15:46:46,312 - INFO - ------------------------
2024-09-06 15:46:46,312 - INFO - IncidentID, 2024070804553000-MEDIC 102
2024-09-06 15:46:46,312 - INFO - CaseStart, 7/8/2024 4:55:30 AM
2024-09-06 15:46:46,312 - INFO - CPRRatio, 82.407310704960835
2024-09-06 15:46:46,313 - INFO - CompressionsRatio, 78.0313315926893
2024-09-06 15:46:46,313 - INFO - LongestPause, 46.528
2024-09-06 15:46:46,313 - INFO - NumberOfShocks, 7
2024-09-06 15:46:46,313 - INFO - AnyROSC, No
2024-09-06 15:46:46,313 - INFO - ------------------------
2024-09-06 15:46:46,313 - INFO - IncidentID, 2024071508091300-LP152357
2024-09-06 15:46:46,313 - INFO - CaseStart, 7/15/2024 8:09:13 AM
2024-09-06 15:46:46,313 - INFO - CPRRatio, 67.6078901750725
2024-09-06 15:46:46,313 - INFO - CompressionsRatio, 63.29064007032477
2024-09-06 15:46:46,313 - INFO - LongestPause, 266.89099999999996
2024-09-06 15:46:46,313 - INFO - AnyROSC, No
2024-09-06 15:46:46,313 - INFO - ------------------------
2024-09-06 15:46:46,314 - INFO - IncidentID, 2024071514314800-ECG17
2024-09-06 15:46:46,314 - INFO - CaseStart, 7/15/2024 2:31:48 PM
2024-09-06 15:46:46,314 - INFO - CPRRatio, 13.783686490646607
2024-09-06 15:46:46,314 - INFO - CompressionsRatio, 10.393624548467583
2024-09-06 15:46:46,314 - INFO - LongestPause, 442.863
2024-09-06 15:46:46,314 - INFO - AnyROSC, No
2024-09-06 15:46:46,314 - INFO - ------------------------
2024-09-06 15:46:46,314 - INFO - IncidentID, 2024071606021600-LP152357
2024-09-06 15:46:46,314 - INFO - CaseStart, 7/16/2024 6:02:16 AM
2024-09-06 15:46:46,314 - INFO - CPRRatio, 95.705538450894252
2024-09-06 15:46:46,315 - INFO - CompressionsRatio, 91.891929290483262
2024-09-06 15:46:46,315 - INFO - LongestPause, 24.247
2024-09-06 15:46:46,315 - INFO - NumberOfShocks, 6
2024-09-06 15:46:46,315 - INFO - AnyROSC, No
2024-09-06 15:46:46,315 - INFO - ------------------------
2024-09-06 15:46:46,315 - INFO - IncidentID, 2024071801382300-CROZER EMS
2024-09-06 15:46:46,315 - INFO - CaseStart, 7/18/2024 1:38:23 AM
2024-09-06 15:46:46,315 - INFO - CPRRatio, 5.5654693174899759
2024-09-06 15:46:46,315 - INFO - CompressionsRatio, 5.5602208552894012
2024-09-06 15:46:46,315 - INFO - LongestPause, 644.852
2024-09-06 15:46:46,315 - INFO - AnyROSC, No
2024-09-06 15:46:46,316 - INFO - ------------------------
2024-09-06 15:46:46,316 - INFO - IncidentID, 2024072305101000-ECG1
2024-09-06 15:46:46,316 - INFO - CaseStart, 7/23/2024 5:10:10 AM
2024-09-06 15:46:46,316 - INFO - CPRRatio, 60.217183686463159
2024-09-06 15:46:46,316 - INFO - CompressionsRatio, 58.479916320105914
2024-09-06 15:46:46,316 - INFO - LongestPause, 356.089
2024-09-06 15:46:46,316 - INFO - AnyROSC, No
2024-09-06 15:46:46,316 - INFO - ------------------------
2024-09-06 15:46:46,316 - INFO - IncidentID, 2024072703131400-ECG1
2024-09-06 15:46:46,316 - INFO - CaseStart, 7/27/2024 3:13:14 AM
2024-09-06 15:46:46,316 - INFO - CPRRatio, 0.60520714638918149
2024-09-06 15:46:46,317 - INFO - CompressionsRatio, 0.601982241523875
2024-09-06 15:46:46,317 - INFO - LongestPause, 794.693
2024-09-06 15:46:46,317 - INFO - AnyROSC, No
2024-09-06 15:46:46,317 - INFO - ------------------------
2024-09-06 15:46:46,317 - INFO - IncidentID, 2024072707363000-MEDIC 102
2024-09-06 15:46:46,317 - INFO - CaseStart, 7/27/2024 7:36:30 AM
2024-09-06 15:46:46,317 - INFO - CPRRatio, 32.588364786750937
2024-09-06 15:46:46,317 - INFO - CompressionsRatio, 34.07766837832321
2024-09-06 15:46:46,317 - INFO - LongestPause, 548.06
2024-09-06 15:46:46,317 - INFO - NumberOfShocks, 1
2024-09-06 15:46:46,317 - INFO - AnyROSC, No
2024-09-06 15:46:46,317 - INFO - ------------------------
2024-09-06 15:46:46,318 - INFO - IncidentID, 2024072722445900-LP157703
2024-09-06 15:46:46,318 - INFO - CaseStart, 7/27/2024 10:44:59 PM
2024-09-06 15:46:46,318 - INFO - CPRRatio, 72.650362463156213
2024-09-06 15:46:46,318 - INFO - CompressionsRatio, 68.691149526009724
2024-09-06 15:46:46,318 - INFO - LongestPause, 80.294
2024-09-06 15:46:46,318 - INFO - AnyROSC, No
2024-09-06 15:46:46,318 - INFO - ------------------------
2024-09-06 15:46:46,318 - INFO - IncidentID, 2024073014154100-ECG1
2024-09-06 15:46:46,318 - INFO - CaseStart, 7/30/2024 2:15:41 PM
2024-09-06 15:46:46,319 - INFO - CPRRatio, 88.59258034685665
2024-09-06 15:46:46,319 - INFO - CompressionsRatio, 83.6160089271415
2024-09-06 15:46:46,319 - INFO - LongestPause, 134.064
2024-09-06 15:46:46,319 - INFO - AnyROSC, No
2024-09-06 15:46:46,319 - INFO - ------------------------
2024-09-06 15:46:46,319 - INFO - IncidentID, F24055632
2024-09-06 15:46:46,319 - INFO - CaseStart, 8/9/2024 7:51:15 PM
2024-09-06 15:46:46,319 - INFO - CPRRatio, 90.538215777832391
2024-09-06 15:46:46,319 - INFO - CompressionsRatio, 90.738605213906268
2024-09-06 15:46:46,319 - INFO - LongestPause, 25.785999999999998
2024-09-06 15:46:46,320 - INFO - AnyROSC, No
2024-09-06 15:46:46,320 - INFO - ------------------------
2024-09-06 15:46:46,320 - INFO - IncidentID, F24056586
2024-09-06 15:46:46,320 - INFO - CaseStart, 8/13/2024 6:59:11 PM
2024-09-06 15:46:46,320 - INFO - CPRRatio, 81.1158115183246
2024-09-06 15:46:46,320 - INFO - CompressionsRatio, 80.670157068062835
2024-09-06 15:46:46,320 - INFO - LongestPause, 39.400999999999996
2024-09-06 15:46:46,320 - INFO - AnyROSC, No
2024-09-06 15:46:46,320 - INFO - ------------------------
2024-09-06 15:46:46,320 - INFO - IncidentID, 2024081407034200-ECG17
2024-09-06 15:46:46,320 - INFO - CaseStart, 8/14/2024 7:03:42 AM
2024-09-06 15:46:46,320 - INFO - CPRRatio, None
2024-09-06 15:46:46,321 - INFO - CompressionsRatio, None
2024-09-06 15:46:46,321 - INFO - NumberOfShocks, 1
2024-09-06 15:46:46,321 - INFO - AnyROSC, No
2024-09-06 15:46:46,321 - INFO - ------------------------
2024-09-06 15:46:46,321 - INFO - IncidentID, F24057861
2024-09-06 15:46:46,321 - INFO - CaseStart, 8/19/2024 10:26:55 AM
2024-09-06 15:46:46,321 - INFO - CPRRatio, 84.839155682551379
2024-09-06 15:46:46,321 - INFO - CompressionsRatio, 85.010600055304636
2024-09-06 15:46:46,322 - INFO - LongestPause, 54.162
2024-09-06 15:46:46,322 - INFO - NumberOfShocks, 1
2024-09-06 15:46:46,322 - INFO - AnyROSC, No
2024-09-06 15:46:46,322 - INFO - ------------------------
2024-09-06 15:46:46,322 - INFO - IncidentID, F24057944
2024-09-06 15:46:46,322 - INFO - CaseStart, 8/19/2024 4:17:56 PM
2024-09-06 15:46:46,322 - INFO - CPRRatio, 75.202706903135848
2024-09-06 15:46:46,322 - INFO - CompressionsRatio, 75.634319411017657
2024-09-06 15:46:46,322 - INFO - LongestPause, 67.056
2024-09-06 15:46:46,322 - INFO - NumberOfShocks, 1
2024-09-06 15:46:46,323 - INFO - AnyROSC, No
2024-09-06 15:46:46,323 - INFO - ------------------------
2024-09-06 15:46:46,323 - INFO - IncidentID, F24058201
2024-09-06 15:46:46,323 - INFO - CaseStart, 8/20/2024 6:32:19 PM
2024-09-06 15:46:46,323 - INFO - CPRRatio, 84.759103357338489
2024-09-06 15:46:46,323 - INFO - CompressionsRatio, 85.75265446032941
2024-09-06 15:46:46,323 - INFO - LongestPause, 35.583999999999996
2024-09-06 15:46:46,323 - INFO - AnyROSC, No
2024-09-06 15:46:46,323 - INFO - ------------------------
2024-09-06 15:46:46,323 - INFO - IncidentID, 2024082819032100-ECG1
2024-09-06 15:46:46,323 - INFO - CaseStart, 8/28/2024 7:03:21 PM
2024-09-06 15:46:46,323 - INFO - CPRRatio, 88.120147387814185
2024-09-06 15:46:46,324 - INFO - CompressionsRatio, 87.110146071851574
2024-09-06 15:46:46,324 - INFO - LongestPause, 49.092
2024-09-06 15:46:46,324 - INFO - AnyROSC, No
2024-09-06 15:46:46,324 - INFO - ------------------------
2024-09-06 15:46:46,324 - INFO - IncidentID, 2024082917022000-ECG14
2024-09-06 15:46:46,324 - INFO - CaseStart, 8/29/2024 5:02:20 PM
2024-09-06 15:46:46,324 - INFO - CPRRatio, 68.218850125659571
2024-09-06 15:46:46,324 - INFO - CompressionsRatio, 65.520444989697111
2024-09-06 15:46:46,324 - INFO - LongestPause, 161.94799999999998
2024-09-06 15:46:46,324 - INFO - NumberOfShocks, 4
2024-09-06 15:46:46,324 - INFO - AnyROSC, No
2024-09-06 15:46:46,324 - INFO - ------------------------
2024-09-06 15:46:46,325 - INFO - IncidentID, 2024090123382300-ECG17
2024-09-06 15:46:46,325 - INFO - CaseStart, 9/1/2024 11:38:23 PM
2024-09-06 15:46:46,325 - INFO - CPRRatio, 4.7120242221828637
2024-09-06 15:46:46,325 - INFO - CompressionsRatio, 4.0567095952567707
2024-09-06 15:46:46,325 - INFO - LongestPause, 648.18599999999992
2024-09-06 15:46:46,325 - INFO - AnyROSC, No
2024-09-06 15:46:46,325 - INFO - ------------------------
2024-09-06 15:46:46,325 - INFO - The number of cases is 106
2024-09-06 15:46:46,325 - INFO - The number of cases with ROSC: 13
2024-09-06 15:46:46,326 - INFO - The longest pause was 6707.65 seconds with incident number 2024041611240800-CROZER EMS.
2024-09-06 15:46:46,326 - INFO - The average longest pause is 208.84 seconds
2024-09-06 15:46:46,326 - INFO - The average compression ratio is 70.70.
2024-09-06 15:46:46,327 - INFO - The case with the lowest compression ratio was 2024072703131400-ECG1 with a ratio of 0.6052071463891815
2024-09-06 15:46:46,327 - INFO - The average compression rate is 69.30 per minute.
2024-09-06 15:46:46,327 - INFO - The fastest compression rate was 99.94 per minute with incident number 2024020602321200-37823764.
2024-09-06 15:46:46,327 - INFO - The number of cases in January was 21.
2024-09-06 15:46:46,327 - INFO - The number of cases in February was 25.
2024-09-06 15:46:46,327 - INFO - The number of cases in March was 8.
