2023-10-12 00:26:38,311 - root - INFO - ------------------------
2023-10-12 00:26:38,324 - root - INFO - ------------------------
2023-10-12 00:26:38,334 - root - INFO - ------------------------
2023-10-12 00:26:38,346 - root - INFO - ------------------------
2023-10-12 00:26:38,356 - root - INFO - ------------------------
2023-10-12 00:26:38,367 - root - INFO - ------------------------
2023-10-12 00:26:38,378 - root - INFO - ------------------------
2023-10-12 00:26:38,387 - root - INFO - ------------------------
2023-10-12 00:26:38,398 - root - INFO - ------------------------
2023-10-12 00:26:38,409 - root - INFO - ------------------------
2023-10-12 00:26:38,419 - root - INFO - ------------------------
2023-10-12 00:26:38,432 - root - INFO - ------------------------
2023-10-12 00:26:38,443 - root - INFO - ------------------------
2023-10-12 00:26:38,452 - root - INFO - ------------------------
2023-10-12 00:26:38,463 - root - INFO - ------------------------
2023-10-12 00:26:38,475 - root - INFO - ------------------------
2023-10-12 00:26:38,486 - root - INFO - ------------------------
2023-10-12 00:26:38,501 - root - INFO - ------------------------
2023-10-12 00:26:38,513 - root - INFO - ------------------------
2023-10-12 00:26:38,524 - root - INFO - ------------------------
2023-10-12 00:26:38,536 - root - INFO - ------------------------
2023-10-12 00:26:38,553 - root - INFO - ------------------------
2023-10-12 00:26:38,565 - root - INFO - ------------------------
2023-10-12 00:26:38,579 - root - INFO - ------------------------
2023-10-12 00:26:38,593 - root - INFO - ------------------------
2023-10-12 00:26:38,606 - root - INFO - ------------------------
2023-10-12 00:26:38,628 - root - INFO - ------------------------
2023-10-12 00:26:38,645 - root - INFO - ------------------------
2023-10-12 00:26:38,660 - root - INFO - ------------------------
2023-10-12 00:26:38,672 - root - INFO - ------------------------
2023-10-12 00:26:38,686 - root - INFO - ------------------------
2023-10-12 00:26:38,698 - root - INFO - ------------------------
2023-10-12 00:26:38,710 - root - INFO - ------------------------
2023-10-12 00:26:38,721 - root - INFO - ------------------------
2023-10-12 00:26:38,734 - root - INFO - ------------------------
2023-10-12 00:26:38,748 - root - INFO - ------------------------
2023-10-12 00:26:38,761 - root - INFO - ------------------------
2023-10-12 00:26:38,771 - root - INFO - ------------------------
2023-10-12 00:26:38,784 - root - INFO - ------------------------
2023-10-12 00:26:38,796 - root - INFO - ------------------------
2023-10-12 00:26:38,807 - root - INFO - ------------------------
2023-10-12 00:26:38,817 - root - INFO - ------------------------
2023-10-12 00:26:38,830 - root - INFO - ------------------------
2023-10-12 00:26:38,839 - root - INFO - ------------------------
2023-10-12 00:26:38,861 - root - INFO - ------------------------
2023-10-12 00:26:38,887 - root - INFO - ------------------------
2023-10-12 00:26:38,905 - root - INFO - ------------------------
2023-10-12 00:26:38,919 - root - INFO - ------------------------
2023-10-12 00:26:38,932 - root - INFO - ------------------------
2023-10-12 00:26:38,944 - root - INFO - ------------------------
2023-10-12 00:26:38,953 - root - INFO - ------------------------
2023-10-12 00:26:38,965 - root - INFO - ------------------------
2023-10-12 00:26:38,977 - root - INFO - ------------------------
2023-10-12 00:26:38,988 - root - INFO - ------------------------
2023-10-12 00:26:39,000 - root - INFO - ------------------------
2023-10-12 00:26:39,013 - root - INFO - ------------------------
2023-10-12 00:26:39,027 - root - INFO - ------------------------
2023-10-12 00:26:39,038 - root - INFO - ------------------------
2023-10-12 00:26:39,052 - root - INFO - ------------------------
2023-10-12 00:26:39,066 - root - INFO - ------------------------
2023-10-12 00:26:39,080 - root - INFO - ------------------------
2023-10-12 00:26:39,093 - root - INFO - ------------------------
2023-10-12 00:26:39,103 - root - INFO - ------------------------
2023-10-12 00:26:39,117 - root - INFO - ------------------------
2023-10-12 00:26:39,130 - root - INFO - ------------------------
2023-10-12 00:26:39,141 - root - INFO - ------------------------
2023-10-12 00:26:39,151 - root - INFO - ------------------------
2023-10-12 00:26:39,152 - root - INFO - The number of cases is 67
2023-10-12 00:26:39,152 - root - INFO - The number of cases with ROSC: 14
2023-10-12 00:26:39,152 - root - INFO - The longest pause was 183.25 seconds with incident number 23-05417.
2023-10-12 00:26:39,152 - root - INFO - The average longest pause is 36.36 seconds
2023-10-12 00:26:39,152 - root - INFO - The average compression ratio is 85.16.
2023-10-12 00:26:39,152 - root - INFO - The case with the lowest compression ratio was 23-09037 with a ratio of 71.1287244972846
2023-10-12 00:26:39,152 - root - INFO - The average compression rate is 122.28 per minute.
2023-10-12 00:26:39,152 - root - INFO - The fastest compression rate was 167.09 per minute with incident number 23-04554.
2023-10-12 00:26:39,152 - root - INFO - The number of cases in January was 22.
2023-10-12 00:26:39,152 - root - INFO - The number of cases in February was 23.
2023-10-12 00:26:39,152 - root - INFO - The number of cases in March was 22.
