2024-09-27 08:33:27,238 - INFO - IncidentID, F24000097
2024-09-27 08:33:27,238 - INFO - CaseStart, 1/1/2024 10:49:09 AM
2024-09-27 08:33:27,239 - INFO - CPRRatio, 92.22549241566675
2024-09-27 08:33:27,239 - INFO - CompressionsRatio, 92.57414534752094
2024-09-27 08:33:27,241 - INFO - LongestPause, 44.742
2024-09-27 08:33:27,242 - INFO - AnyROSC, Yes
2024-09-27 08:33:27,243 - INFO - ------------------------
2024-09-27 08:33:27,243 - INFO - IncidentID, F24001572
2024-09-27 08:33:27,243 - INFO - CaseStart, 1/7/2024 12:28:18 AM
2024-09-27 08:33:27,243 - INFO - CPRRatio, 87.3551219916325
2024-09-27 08:33:27,246 - INFO - CompressionsRatio, 87.416428482664344
2024-09-27 08:33:27,246 - INFO - LongestPause, 65.925
2024-09-27 08:33:27,250 - INFO - AnyROSC, No
2024-09-27 08:33:27,251 - INFO - ------------------------
2024-09-27 08:33:27,251 - INFO - IncidentID, 24001846
2024-09-27 08:33:27,252 - INFO - CaseStart, 1/8/2024 8:48:19 AM
2024-09-27 08:33:27,252 - INFO - CPRRatio, 89.19946717084909
2024-09-27 08:33:27,252 - INFO - CompressionsRatio, 89.252105534547965
2024-09-27 08:33:27,252 - INFO - LongestPause, 24.442999999999998
2024-09-27 08:33:27,252 - INFO - AnyROSC, No
2024-09-27 08:33:27,252 - INFO - ------------------------
2024-09-27 08:33:27,252 - INFO - IncidentID, 24-01858
2024-09-27 08:33:27,252 - INFO - CaseStart, 1/8/2024 9:20:43 AM
2024-09-27 08:33:27,252 - INFO - CPRRatio, 84.511314395763122
2024-09-27 08:33:27,252 - INFO - CompressionsRatio, 90.75050351026016
2024-09-27 08:33:27,252 - INFO - LongestPause, 38.451
2024-09-27 08:33:27,252 - INFO - NumberOfShocks, 4
2024-09-27 08:33:27,253 - INFO - AnyROSC, No
2024-09-27 08:33:27,253 - INFO - ------------------------
2024-09-27 08:33:27,253 - INFO - IncidentID, 24002732
2024-09-27 08:33:27,253 - INFO - CaseStart, 1/10/2024 6:20:36 AM
2024-09-27 08:33:27,253 - INFO - CPRRatio, 95.991961232394942
2024-09-27 08:33:27,253 - INFO - CompressionsRatio, 95.957926127615451
2024-09-27 08:33:27,253 - INFO - LongestPause, 11.353
2024-09-27 08:33:27,254 - INFO - AnyROSC, No
2024-09-27 08:33:27,254 - INFO - ------------------------
2024-09-27 08:33:27,254 - INFO - IncidentID, 24-003234
2024-09-27 08:33:27,254 - INFO - CaseStart, 1/11/2024 4:59:13 PM
2024-09-27 08:33:27,254 - INFO - CPRRatio, 93.095986245331119
2024-09-27 08:33:27,254 - INFO - CompressionsRatio, 94.252089879646633
2024-09-27 08:33:27,254 - INFO - LongestPause, 12.745999999999999
2024-09-27 08:33:27,254 - INFO - NumberOfShocks, 6
2024-09-27 08:33:27,254 - INFO - AnyROSC, No
2024-09-27 08:33:27,255 - INFO - ------------------------
2024-09-27 08:33:27,255 - INFO - IncidentID, 24-04270
2024-09-27 08:33:27,255 - INFO - CaseStart, 1/15/2024 9:02:16 PM
2024-09-27 08:33:27,255 - INFO - CPRRatio, 77.328470831991709
2024-09-27 08:33:27,255 - INFO - CompressionsRatio, 77.559462978258736
2024-09-27 08:33:27,255 - INFO - LongestPause, 301.762
2024-09-27 08:33:27,255 - INFO - AnyROSC, No
2024-09-27 08:33:27,255 - INFO - ------------------------
2024-09-27 08:33:27,255 - INFO - IncidentID, 24-04543
2024-09-27 08:33:27,255 - INFO - CaseStart, 1/16/2024 8:22:42 PM
2024-09-27 08:33:27,256 - INFO - CPRRatio, 93.1452043735828
2024-09-27 08:33:27,256 - INFO - CompressionsRatio, 93.271045789654877
2024-09-27 08:33:27,256 - INFO - LongestPause, 21.232
2024-09-27 08:33:27,256 - INFO - AnyROSC, Yes
2024-09-27 08:33:27,256 - INFO - ------------------------
2024-09-27 08:33:27,256 - INFO - IncidentID, 24-04601
2024-09-27 08:33:27,256 - INFO - CaseStart, 1/17/2024 3:27:34 AM
2024-09-27 08:33:27,256 - INFO - CPRRatio, 88.5196550088571
2024-09-27 08:33:27,257 - INFO - CompressionsRatio, 89.199891563232185
2024-09-27 08:33:27,257 - INFO - LongestPause, 32.012
2024-09-27 08:33:27,257 - INFO - AnyROSC, No
2024-09-27 08:33:27,257 - INFO - ------------------------
2024-09-27 08:33:27,257 - INFO - IncidentID, 2024011812195400-
2024-09-27 08:33:27,257 - INFO - CaseStart, 1/18/2024 9:19:31 AM
2024-09-27 08:33:27,257 - INFO - CPRRatio, 69.790596767769941
2024-09-27 08:33:27,257 - INFO - CompressionsRatio, 69.790596767769941
2024-09-27 08:33:27,258 - INFO - LongestPause, 136.938
2024-09-27 08:33:27,258 - INFO - AnyROSC, Yes
2024-09-27 08:33:27,258 - INFO - ------------------------
2024-09-27 08:33:27,258 - INFO - IncidentID, 24-05282
2024-09-27 08:33:27,258 - INFO - CaseStart, 1/19/2024 3:31:41 PM
2024-09-27 08:33:27,258 - INFO - CPRRatio, 92.834095834336622
2024-09-27 08:33:27,259 - INFO - CompressionsRatio, 92.2297134601493
2024-09-27 08:33:27,259 - INFO - LongestPause, 20.691
2024-09-27 08:33:27,259 - INFO - NumberOfShocks, 1
2024-09-27 08:33:27,259 - INFO - AnyROSC, Yes
2024-09-27 08:33:27,259 - INFO - ------------------------
2024-09-27 08:33:27,259 - INFO - IncidentID, 2024011917102000-
2024-09-27 08:33:27,260 - INFO - CaseStart, 1/19/2024 5:09:11 PM
2024-09-27 08:33:27,260 - INFO - CPRRatio, 90.208223252901234
2024-09-27 08:33:27,260 - INFO - CompressionsRatio, 90.199416818333034
2024-09-27 08:33:27,260 - INFO - LongestPause, 22.016
2024-09-27 08:33:27,260 - INFO - AnyROSC, Yes
2024-09-27 08:33:27,260 - INFO - ------------------------
2024-09-27 08:33:27,260 - INFO - IncidentID, 24005623
2024-09-27 08:33:27,260 - INFO - CaseStart, 1/21/2024 3:27:23 AM
2024-09-27 08:33:27,261 - INFO - CPRRatio, 81.6714199743583
2024-09-27 08:33:27,261 - INFO - CompressionsRatio, 82.822679818938212
2024-09-27 08:33:27,261 - INFO - LongestPause, 42.678
2024-09-27 08:33:27,261 - INFO - AnyROSC, Yes
2024-09-27 08:33:27,261 - INFO - ------------------------
2024-09-27 08:33:27,261 - INFO - IncidentID, 24-05748
2024-09-27 08:33:27,262 - INFO - CaseStart, 1/21/2024 5:23:25 PM
2024-09-27 08:33:27,262 - INFO - CPRRatio, 87.452956298200519
2024-09-27 08:33:27,262 - INFO - CompressionsRatio, 87.417994858611834
2024-09-27 08:33:27,263 - INFO - LongestPause, 23.083
2024-09-27 08:33:27,263 - INFO - AnyROSC, No
2024-09-27 08:33:27,263 - INFO - ------------------------
2024-09-27 08:33:27,263 - INFO - IncidentID, 24-05789
2024-09-27 08:33:27,264 - INFO - CaseStart, 1/21/2024 8:16:40 PM
2024-09-27 08:33:27,264 - INFO - CPRRatio, 79.2004048582996
2024-09-27 08:33:27,264 - INFO - CompressionsRatio, 80.433624547197951
2024-09-27 08:33:27,264 - INFO - LongestPause, 118.54899999999999
2024-09-27 08:33:27,264 - INFO - NumberOfShocks, 1
2024-09-27 08:33:27,264 - INFO - AnyROSC, No
2024-09-27 08:33:27,264 - INFO - ------------------------
2024-09-27 08:33:27,264 - INFO - IncidentID, F24005847
2024-09-27 08:33:27,264 - INFO - CaseStart, 1/22/2024 5:19:36 AM
2024-09-27 08:33:27,265 - INFO - CPRRatio, None
2024-09-27 08:33:27,265 - INFO - CompressionsRatio, None
2024-09-27 08:33:27,265 - INFO - AnyROSC, No
2024-09-27 08:33:27,265 - INFO - ------------------------
2024-09-27 08:33:27,265 - INFO - IncidentID, 24006848
2024-09-27 08:33:27,265 - INFO - CaseStart, 1/25/2024 8:44:12 PM
2024-09-27 08:33:27,265 - INFO - CPRRatio, 97.465689332501569
2024-09-27 08:33:27,265 - INFO - CompressionsRatio, 97.980349344978166
2024-09-27 08:33:27,265 - INFO - LongestPause, 5.603
2024-09-27 08:33:27,266 - INFO - AnyROSC, No
2024-09-27 08:33:27,266 - INFO - ------------------------
2024-09-27 08:33:27,266 - INFO - IncidentID, 24006905
2024-09-27 08:33:27,266 - INFO - CaseStart, 1/26/2024 3:42:57 AM
2024-09-27 08:33:27,266 - INFO - CPRRatio, 94.8288598867274
2024-09-27 08:33:27,266 - INFO - CompressionsRatio, 95.1674464417631
2024-09-27 08:33:27,266 - INFO - LongestPause, 25.206
2024-09-27 08:33:27,266 - INFO - AnyROSC, No
2024-09-27 08:33:27,266 - INFO - ------------------------
2024-09-27 08:33:27,267 - INFO - IncidentID, 2024012708121200-
2024-09-27 08:33:27,267 - INFO - CaseStart, 1/27/2024 5:11:49 AM
2024-09-27 08:33:27,267 - INFO - CPRRatio, 89.655492905384477
2024-09-27 08:33:27,267 - INFO - CompressionsRatio, 89.655492905384477
2024-09-27 08:33:27,267 - INFO - LongestPause, 17.785
2024-09-27 08:33:27,267 - INFO - AnyROSC, Yes
2024-09-27 08:33:27,267 - INFO - ------------------------
2024-09-27 08:33:27,267 - INFO - IncidentID, F24007187
2024-09-27 08:33:27,268 - INFO - CaseStart, 1/27/2024 7:15:03 AM
2024-09-27 08:33:27,268 - INFO - CPRRatio, 89.0099280444485
2024-09-27 08:33:27,268 - INFO - CompressionsRatio, 89.273157846798441
2024-09-27 08:33:27,268 - INFO - LongestPause, 42.661
2024-09-27 08:33:27,268 - INFO - AnyROSC, No
2024-09-27 08:33:27,269 - INFO - ------------------------
2024-09-27 08:33:27,269 - INFO - IncidentID, 2024013006532900-37823764
2024-09-27 08:33:27,269 - INFO - CaseStart, 1/30/2024 6:53:15 AM
2024-09-27 08:33:27,269 - INFO - CPRRatio, None
2024-09-27 08:33:27,269 - INFO - CompressionsRatio, None
2024-09-27 08:33:27,269 - INFO - NumberOfShocks, 2
2024-09-27 08:33:27,269 - INFO - AnyROSC, No
2024-09-27 08:33:27,269 - INFO - ------------------------
2024-09-27 08:33:27,270 - INFO - IncidentID, 24009051
2024-09-27 08:33:27,270 - INFO - CaseStart, 2/4/2024 7:46:26 AM
2024-09-27 08:33:27,270 - INFO - CPRRatio, 84.270216962524657
2024-09-27 08:33:27,270 - INFO - CompressionsRatio, 85.051700436315826
2024-09-27 08:33:27,270 - INFO - LongestPause, 22.558999999999997
2024-09-27 08:33:27,270 - INFO - NumberOfShocks, 1
2024-09-27 08:33:27,270 - INFO - AnyROSC, No
2024-09-27 08:33:27,271 - INFO - ------------------------
2024-09-27 08:33:27,271 - INFO - IncidentID, F24009459
2024-09-27 08:33:27,271 - INFO - CaseStart, 2/6/2024 12:15:34 AM
2024-09-27 08:33:27,271 - INFO - CPRRatio, 88.1007631396378
2024-09-27 08:33:27,271 - INFO - CompressionsRatio, 88.697098016698959
2024-09-27 08:33:27,271 - INFO - LongestPause, 24.311999999999998
2024-09-27 08:33:27,272 - INFO - AnyROSC, No
2024-09-27 08:33:27,272 - INFO - ------------------------
2024-09-27 08:33:27,272 - INFO - IncidentID, 2024020602321200-37823764
2024-09-27 08:33:27,272 - INFO - CaseStart, 2/6/2024 2:31:58 AM
2024-09-27 08:33:27,272 - INFO - CPRRatio, 99.936850968285157
2024-09-27 08:33:27,272 - INFO - CompressionsRatio, 99.936850968285157
2024-09-27 08:33:27,272 - INFO - LongestPause, 0.074
2024-09-27 08:33:27,272 - INFO - AnyROSC, Yes
2024-09-27 08:33:27,272 - INFO - ------------------------
2024-09-27 08:33:27,272 - INFO - IncidentID, 2024020713463900-MICU 103A
2024-09-27 08:33:27,273 - INFO - CaseStart, 2/7/2024 1:46:39 PM
2024-09-27 08:33:27,273 - INFO - CPRRatio, 93.672400376310989
2024-09-27 08:33:27,273 - INFO - CompressionsRatio, 94.027527730994848
2024-09-27 08:33:27,273 - INFO - LongestPause, 9.0919999999999987
2024-09-27 08:33:27,273 - INFO - AnyROSC, No
2024-09-27 08:33:27,273 - INFO - ------------------------
2024-09-27 08:33:27,273 - INFO - IncidentID, 24010233
2024-09-27 08:33:27,274 - INFO - CaseStart, 2/9/2024 5:13:46 AM
2024-09-27 08:33:27,274 - INFO - CPRRatio, 82.732771995885841
2024-09-27 08:33:27,274 - INFO - CompressionsRatio, 83.609643847079127
2024-09-27 08:33:27,275 - INFO - LongestPause, 67.899999999999991
2024-09-27 08:33:27,275 - INFO - AnyROSC, No
2024-09-27 08:33:27,275 - INFO - ------------------------
2024-09-27 08:33:27,275 - INFO - IncidentID, 24010421
2024-09-27 08:33:27,275 - INFO - CaseStart, 2/9/2024 6:57:22 PM
2024-09-27 08:33:27,275 - INFO - CPRRatio, 95.291847212613334
2024-09-27 08:33:27,275 - INFO - CompressionsRatio, 95.654759737343582
2024-09-27 08:33:27,276 - INFO - LongestPause, 14.203
2024-09-27 08:33:27,276 - INFO - AnyROSC, No
2024-09-27 08:33:27,276 - INFO - ------------------------
2024-09-27 08:33:27,276 - INFO - IncidentID, 24010728
2024-09-27 08:33:27,276 - INFO - CaseStart, 2/11/2024 3:05:26 AM
2024-09-27 08:33:27,276 - INFO - CPRRatio, 76.234142805364257
2024-09-27 08:33:27,277 - INFO - CompressionsRatio, 76.277636824936565
2024-09-27 08:33:27,277 - INFO - LongestPause, 61.101
2024-09-27 08:33:27,277 - INFO - NumberOfShocks, 4
2024-09-27 08:33:27,277 - INFO - AnyROSC, No
2024-09-27 08:33:27,277 - INFO - ------------------------
2024-09-27 08:33:27,277 - INFO - IncidentID, 2024021107462600-
2024-09-27 08:33:27,277 - INFO - CaseStart, 2/11/2024 7:46:34 AM
2024-09-27 08:33:27,277 - INFO - CPRRatio, 81.753337804060237
2024-09-27 08:33:27,278 - INFO - CompressionsRatio, 81.632310019712421
2024-09-27 08:33:27,278 - INFO - LongestPause, 38.846
2024-09-27 08:33:27,278 - INFO - AnyROSC, Yes
2024-09-27 08:33:27,278 - INFO - ------------------------
2024-09-27 08:33:27,278 - INFO - IncidentID, 24-011209
2024-09-27 08:33:27,278 - INFO - CaseStart, 2/12/2024 10:23:34 PM
2024-09-27 08:33:27,279 - INFO - CPRRatio, 91.186040318191814
2024-09-27 08:33:27,279 - INFO - CompressionsRatio, 91.722149531628133
2024-09-27 08:33:27,279 - INFO - LongestPause, 16.776
2024-09-27 08:33:27,279 - INFO - AnyROSC, No
2024-09-27 08:33:27,280 - INFO - ------------------------
2024-09-27 08:33:27,280 - INFO - IncidentID, 2024021302504100-
2024-09-27 08:33:27,280 - INFO - CaseStart, 2/13/2024 2:49:32 AM
2024-09-27 08:33:27,280 - INFO - CPRRatio, None
2024-09-27 08:33:27,281 - INFO - CompressionsRatio, None
2024-09-27 08:33:27,281 - INFO - NumberOfShocks, 1
2024-09-27 08:33:27,281 - INFO - AnyROSC, Yes
2024-09-27 08:33:27,281 - INFO - ------------------------
2024-09-27 08:33:27,281 - INFO - IncidentID, 2024021312403100-
2024-09-27 08:33:27,281 - INFO - CaseStart, 2/13/2024 11:41:12 AM
2024-09-27 08:33:27,281 - INFO - CPRRatio, 66.954175717520911
2024-09-27 08:33:27,281 - INFO - CompressionsRatio, 67.2101030641956
2024-09-27 08:33:27,282 - INFO - LongestPause, 288.461
2024-09-27 08:33:27,282 - INFO - NumberOfShocks, 4
2024-09-27 08:33:27,282 - INFO - AnyROSC, No
2024-09-27 08:33:27,282 - INFO - ------------------------
2024-09-27 08:33:27,282 - INFO - IncidentID, 24012007
2024-09-27 08:33:27,283 - INFO - CaseStart, 2/16/2024 10:43:49 AM
2024-09-27 08:33:27,283 - INFO - CPRRatio, 89.958515283842786
2024-09-27 08:33:27,283 - INFO - CompressionsRatio, 90.171397379912662
2024-09-27 08:33:27,283 - INFO - LongestPause, 44.021
2024-09-27 08:33:27,283 - INFO - NumberOfShocks, 1
2024-09-27 08:33:27,283 - INFO - AnyROSC, Yes
2024-09-27 08:33:27,283 - INFO - ------------------------
2024-09-27 08:33:27,283 - INFO - IncidentID, 2024021611383200-
2024-09-27 08:33:27,283 - INFO - CaseStart, 2/16/2024 11:38:40 AM
2024-09-27 08:33:27,283 - INFO - CPRRatio, 88.5779000161786
2024-09-27 08:33:27,283 - INFO - CompressionsRatio, 88.569810710241043
2024-09-27 08:33:27,283 - INFO - LongestPause, 21.726
2024-09-27 08:33:27,285 - INFO - AnyROSC, No
2024-09-27 08:33:27,285 - INFO - ------------------------
2024-09-27 08:33:27,285 - INFO - IncidentID, 24012134
2024-09-27 08:33:27,286 - INFO - CaseStart, 2/16/2024 8:03:08 PM
2024-09-27 08:33:27,287 - INFO - CPRRatio, 93.649293029813
2024-09-27 08:33:27,287 - INFO - CompressionsRatio, 93.168304515487009
2024-09-27 08:33:27,288 - INFO - LongestPause, 22.805
2024-09-27 08:33:27,288 - INFO - AnyROSC, No
2024-09-27 08:33:27,288 - INFO - ------------------------
2024-09-27 08:33:27,288 - INFO - IncidentID, 2024021620343900-
2024-09-27 08:33:27,288 - INFO - CaseStart, 2/16/2024 8:37:01 PM
2024-09-27 08:33:27,289 - INFO - CPRRatio, 88.6372993001235
2024-09-27 08:33:27,291 - INFO - CompressionsRatio, 88.801976121860832
2024-09-27 08:33:27,291 - INFO - LongestPause, 20.122999999999998
2024-09-27 08:33:27,291 - INFO - AnyROSC, No
2024-09-27 08:33:27,291 - INFO - ------------------------
2024-09-27 08:33:27,292 - INFO - IncidentID, 2024021621362300-
2024-09-27 08:33:27,292 - INFO - CaseStart, 2/16/2024 9:38:45 PM
2024-09-27 08:33:27,292 - INFO - CPRRatio, 78.232493227157036
2024-09-27 08:33:27,292 - INFO - CompressionsRatio, 78.232493227157036
2024-09-27 08:33:27,292 - INFO - LongestPause, 81.59899999999999
2024-09-27 08:33:27,293 - INFO - NumberOfShocks, 2
2024-09-27 08:33:27,293 - INFO - AnyROSC, Yes
2024-09-27 08:33:27,293 - INFO - ------------------------
2024-09-27 08:33:27,298 - INFO - IncidentID, 2024021713011100-37823764
2024-09-27 08:33:27,300 - INFO - CaseStart, 2/17/2024 1:00:57 PM
2024-09-27 08:33:27,300 - INFO - CPRRatio, 93.32386363636364
2024-09-27 08:33:27,301 - INFO - CompressionsRatio, 94.470373376623371
2024-09-27 08:33:27,301 - INFO - LongestPause, 8.384
2024-09-27 08:33:27,301 - INFO - NumberOfShocks, 1
2024-09-27 08:33:27,301 - INFO - AnyROSC, Yes
2024-09-27 08:33:27,301 - INFO - ------------------------
2024-09-27 08:33:27,301 - INFO - IncidentID, 24012682
2024-09-27 08:33:27,301 - INFO - CaseStart, 2/17/2024 11:14:03 PM
2024-09-27 08:33:27,301 - INFO - CPRRatio, 95.469752719550726
2024-09-27 08:33:27,302 - INFO - CompressionsRatio, 94.620331354466487
2024-09-27 08:33:27,302 - INFO - LongestPause, 19.773999999999997
2024-09-27 08:33:27,302 - INFO - NumberOfShocks, 4
2024-09-27 08:33:27,302 - INFO - AnyROSC, Yes
2024-09-27 08:33:27,302 - INFO - ------------------------
2024-09-27 08:33:27,302 - INFO - IncidentID, 2024022321402900-
2024-09-27 08:33:27,302 - INFO - CaseStart, 2/23/2024 10:43:05 PM
2024-09-27 08:33:27,303 - INFO - CPRRatio, 93.852179836512249
2024-09-27 08:33:27,303 - INFO - CompressionsRatio, 93.84366485013625
2024-09-27 08:33:27,303 - INFO - LongestPause, 9.722999999999999
2024-09-27 08:33:27,303 - INFO - AnyROSC, Yes
2024-09-27 08:33:27,303 - INFO - ------------------------
2024-09-27 08:33:27,303 - INFO - IncidentID, F24014055
2024-09-27 08:33:27,303 - INFO - CaseStart, 2/24/2024 5:11:47 PM
2024-09-27 08:33:27,304 - INFO - CPRRatio, 87.821199559054136
2024-09-27 08:33:27,304 - INFO - CompressionsRatio, 82.248823885602491
2024-09-27 08:33:27,304 - INFO - LongestPause, 46.986999999999995
2024-09-27 08:33:27,304 - INFO - NumberOfShocks, 1
2024-09-27 08:33:27,304 - INFO - AnyROSC, No
2024-09-27 08:33:27,304 - INFO - ------------------------
2024-09-27 08:33:27,304 - INFO - IncidentID, 24014194
2024-09-27 08:33:27,304 - INFO - CaseStart, 2/25/2024 9:47:10 AM
2024-09-27 08:33:27,304 - INFO - CPRRatio, 85.194962180803316
2024-09-27 08:33:27,305 - INFO - CompressionsRatio, 81.871672488423144
2024-09-27 08:33:27,305 - INFO - LongestPause, 38.024
2024-09-27 08:33:27,305 - INFO - AnyROSC, No
2024-09-27 08:33:27,305 - INFO - ------------------------
2024-09-27 08:33:27,305 - INFO - IncidentID, F24014214
2024-09-27 08:33:27,305 - INFO - CaseStart, 2/25/2024 10:59:20 AM
2024-09-27 08:33:27,305 - INFO - CPRRatio, 49.060518731988473
2024-09-27 08:33:27,306 - INFO - CompressionsRatio, 39.127761767531219
2024-09-27 08:33:27,306 - INFO - LongestPause, 95.743
2024-09-27 08:33:27,306 - INFO - NumberOfShocks, 3
2024-09-27 08:33:27,306 - INFO - AnyROSC, No
2024-09-27 08:33:27,306 - INFO - ------------------------
2024-09-27 08:33:27,306 - INFO - IncidentID, F24014903
2024-09-27 08:33:27,306 - INFO - CaseStart, 2/27/2024 11:40:18 PM
2024-09-27 08:33:27,307 - INFO - CPRRatio, 96.926347760060736
2024-09-27 08:33:27,307 - INFO - CompressionsRatio, 96.927866362946091
2024-09-27 08:33:27,307 - INFO - LongestPause, 11.959999999999999
2024-09-27 08:33:27,307 - INFO - AnyROSC, No
2024-09-27 08:33:27,307 - INFO - ------------------------
2024-09-27 08:33:27,308 - INFO - IncidentID, 24-15288
2024-09-27 08:33:27,309 - INFO - CaseStart, 2/29/2024 12:00:18 PM
2024-09-27 08:33:27,310 - INFO - CPRRatio, 80.623581936617143
2024-09-27 08:33:27,311 - INFO - CompressionsRatio, 78.467393690990278
2024-09-27 08:33:27,313 - INFO - LongestPause, 53.285999999999994
2024-09-27 08:33:27,313 - INFO - AnyROSC, No
2024-09-27 08:33:27,313 - INFO - ------------------------
2024-09-27 08:33:27,314 - INFO - IncidentID, 24-16272
2024-09-27 08:33:27,314 - INFO - CaseStart, 3/4/2024 12:25:01 PM
2024-09-27 08:33:27,315 - INFO - CPRRatio, 82.241333900605767
2024-09-27 08:33:27,315 - INFO - CompressionsRatio, 83.683826657752391
2024-09-27 08:33:27,316 - INFO - LongestPause, 37.085
2024-09-27 08:33:27,316 - INFO - AnyROSC, No
2024-09-27 08:33:27,317 - INFO - ------------------------
2024-09-27 08:33:27,317 - INFO - IncidentID, 2024030507584400-
2024-09-27 08:33:27,318 - INFO - CaseStart, 3/5/2024 9:01:20 AM
2024-09-27 08:33:27,318 - INFO - CPRRatio, 91.8113282412459
2024-09-27 08:33:27,318 - INFO - CompressionsRatio, 92.156862745098039
2024-09-27 08:33:27,318 - INFO - LongestPause, 23.491999999999997
2024-09-27 08:33:27,318 - INFO - AnyROSC, No
2024-09-27 08:33:27,319 - INFO - ------------------------
2024-09-27 08:33:27,319 - INFO - IncidentID, 24-16650
2024-09-27 08:33:27,319 - INFO - CaseStart, 3/5/2024 10:42:23 PM
2024-09-27 08:33:27,319 - INFO - CPRRatio, 78.72304516598075
2024-09-27 08:33:27,319 - INFO - CompressionsRatio, 78.92921298586343
2024-09-27 08:33:27,319 - INFO - LongestPause, 81.35799999999999
2024-09-27 08:33:27,320 - INFO - AnyROSC, No
2024-09-27 08:33:27,320 - INFO - ------------------------
2024-09-27 08:33:27,320 - INFO - IncidentID, 24-17889
2024-09-27 08:33:27,320 - INFO - CaseStart, 3/11/2024 8:06:04 AM
2024-09-27 08:33:27,321 - INFO - CPRRatio, 88.904162433238611
2024-09-27 08:33:27,321 - INFO - CompressionsRatio, 89.170583281262736
2024-09-27 08:33:27,321 - INFO - LongestPause, 25.918
2024-09-27 08:33:27,322 - INFO - AnyROSC, No
2024-09-27 08:33:27,322 - INFO - ------------------------
2024-09-27 08:33:27,323 - INFO - IncidentID, 2024031307333500-MEDIC 102
2024-09-27 08:33:27,324 - INFO - CaseStart, 3/13/2024 7:33:35 AM
2024-09-27 08:33:27,326 - INFO - CPRRatio, 68.816556421507642
2024-09-27 08:33:27,326 - INFO - CompressionsRatio, 88.775658881508463
2024-09-27 08:33:27,327 - INFO - LongestPause, 34.814
2024-09-27 08:33:27,327 - INFO - AnyROSC, No
2024-09-27 08:33:27,327 - INFO - ------------------------
2024-09-27 08:33:27,327 - INFO - IncidentID, F24019195
2024-09-27 08:33:27,327 - INFO - CaseStart, 3/16/2024 6:35:45 AM
2024-09-27 08:33:27,327 - INFO - CPRRatio, 90.055531199766179
2024-09-27 08:33:27,327 - INFO - CompressionsRatio, 87.504618340353218
2024-09-27 08:33:27,327 - INFO - LongestPause, 17.66
2024-09-27 08:33:27,328 - INFO - NumberOfShocks, 1
2024-09-27 08:33:27,328 - INFO - AnyROSC, Yes
2024-09-27 08:33:27,328 - INFO - ------------------------
2024-09-27 08:33:27,328 - INFO - IncidentID, 24019605
2024-09-27 08:33:27,328 - INFO - CaseStart, 3/17/2024 9:29:26 PM
2024-09-27 08:33:27,328 - INFO - CPRRatio, None
2024-09-27 08:33:27,328 - INFO - CompressionsRatio, None
2024-09-27 08:33:27,328 - INFO - AnyROSC, No
2024-09-27 08:33:27,328 - INFO - ------------------------
2024-09-27 08:33:27,329 - INFO - IncidentID, TR2400130
2024-09-27 08:33:27,329 - INFO - CaseStart, 3/30/2024 1:20:46 PM
2024-09-27 08:33:27,329 - INFO - CPRRatio, 90.030380930123869
2024-09-27 08:33:27,329 - INFO - CompressionsRatio, 89.418088338396814
2024-09-27 08:33:27,330 - INFO - LongestPause, 14.76
2024-09-27 08:33:27,330 - INFO - AnyROSC, Yes
2024-09-27 08:33:27,330 - INFO - ------------------------
2024-09-27 08:33:27,331 - INFO - IncidentID, 24023590
2024-09-27 08:33:27,331 - INFO - CaseStart, 4/3/2024 7:45:45 PM
2024-09-27 08:33:27,332 - INFO - CPRRatio, 90.200071330779238
2024-09-27 08:33:27,332 - INFO - CompressionsRatio, 89.4913655242237
2024-09-27 08:33:27,332 - INFO - LongestPause, 17.840999999999998
2024-09-27 08:33:27,333 - INFO - AnyROSC, No
2024-09-27 08:33:27,333 - INFO - ------------------------
2024-09-27 08:33:27,333 - INFO - IncidentID, 24025041
2024-09-27 08:33:27,334 - INFO - CaseStart, 4/9/2024 5:31:30 PM
2024-09-27 08:33:27,334 - INFO - CPRRatio, 84.963434138718313
2024-09-27 08:33:27,334 - INFO - CompressionsRatio, 85.316273334391454
2024-09-27 08:33:27,334 - INFO - LongestPause, 42.907
2024-09-27 08:33:27,335 - INFO - NumberOfShocks, 5
2024-09-27 08:33:27,335 - INFO - AnyROSC, Yes
2024-09-27 08:33:27,336 - INFO - ------------------------
2024-09-27 08:33:27,336 - INFO - IncidentID, 24025732
2024-09-27 08:33:27,336 - INFO - CaseStart, 4/12/2024 12:09:40 PM
2024-09-27 08:33:27,337 - INFO - CPRRatio, 76.56269533691713
2024-09-27 08:33:27,337 - INFO - CompressionsRatio, 76.734591823978008
2024-09-27 08:33:27,337 - INFO - LongestPause, 59.93
2024-09-27 08:33:27,338 - INFO - AnyROSC, No
2024-09-27 08:33:27,338 - INFO - ------------------------
2024-09-27 08:33:27,338 - INFO - IncidentID, F24026763
2024-09-27 08:33:27,338 - INFO - CaseStart, 4/16/2024 11:24:08 AM
2024-09-27 08:33:27,338 - INFO - CPRRatio, 77.533855862734981
2024-09-27 08:33:27,339 - INFO - CompressionsRatio, 73.517191816201418
2024-09-27 08:33:27,339 - INFO - LongestPause, 54.867
2024-09-27 08:33:27,343 - INFO - AnyROSC, No
2024-09-27 08:33:27,345 - INFO - ------------------------
2024-09-27 08:33:27,345 - INFO - IncidentID, 24-27560
2024-09-27 08:33:27,345 - INFO - CaseStart, 4/19/2024 4:49:23 PM
2024-09-27 08:33:27,346 - INFO - CPRRatio, 91.2739822180627
2024-09-27 08:33:27,346 - INFO - CompressionsRatio, 91.493916705662144
2024-09-27 08:33:27,346 - INFO - LongestPause, 32.208999999999996
2024-09-27 08:33:27,347 - INFO - AnyROSC, No
2024-09-27 08:33:27,347 - INFO - ------------------------
2024-09-27 08:33:27,348 - INFO - IncidentID, F24028802
2024-09-27 08:33:27,349 - INFO - CaseStart, 4/24/2024 10:54:31 PM
2024-09-27 08:33:27,350 - INFO - CPRRatio, 92.075919606478038
2024-09-27 08:33:27,350 - INFO - CompressionsRatio, 92.285919720608547
2024-09-27 08:33:27,350 - INFO - LongestPause, 22.903
2024-09-27 08:33:27,350 - INFO - AnyROSC, No
2024-09-27 08:33:27,350 - INFO - ------------------------
2024-09-27 08:33:27,351 - INFO - IncidentID, F24028835
2024-09-27 08:33:27,352 - INFO - CaseStart, 4/25/2024 4:16:56 AM
2024-09-27 08:33:27,352 - INFO - CPRRatio, 90.51189009629995
2024-09-27 08:33:27,352 - INFO - CompressionsRatio, 90.790388219673176
2024-09-27 08:33:27,353 - INFO - LongestPause, 52.949999999999996
2024-09-27 08:33:27,353 - INFO - AnyROSC, No
2024-09-27 08:33:27,354 - INFO - ------------------------
2024-09-27 08:33:27,354 - INFO - IncidentID, 24-30264
2024-09-27 08:33:27,354 - INFO - CaseStart, 4/30/2024 2:54:22 PM
2024-09-27 08:33:27,354 - INFO - CPRRatio, 72.424283148648144
2024-09-27 08:33:27,355 - INFO - CompressionsRatio, 71.942920672930072
2024-09-27 08:33:27,355 - INFO - LongestPause, 140.281
2024-09-27 08:33:27,355 - INFO - NumberOfShocks, 2
2024-09-27 08:33:27,356 - INFO - AnyROSC, No
2024-09-27 08:33:27,356 - INFO - ------------------------
2024-09-27 08:33:27,356 - INFO - IncidentID, F24031525
2024-09-27 08:33:27,356 - INFO - CaseStart, 5/5/2024 7:22:42 PM
2024-09-27 08:33:27,356 - INFO - CPRRatio, 90.797602339948327
2024-09-27 08:33:27,356 - INFO - CompressionsRatio, 90.987788722603327
2024-09-27 08:33:27,358 - INFO - LongestPause, 24.509
2024-09-27 08:33:27,358 - INFO - AnyROSC, No
2024-09-27 08:33:27,358 - INFO - ------------------------
2024-09-27 08:33:27,358 - INFO - IncidentID, 24031812
2024-09-27 08:33:27,358 - INFO - CaseStart, 5/6/2024 9:58:07 PM
2024-09-27 08:33:27,359 - INFO - CPRRatio, 85.76640966477197
2024-09-27 08:33:27,359 - INFO - CompressionsRatio, 85.954002288630008
2024-09-27 08:33:27,359 - INFO - LongestPause, 99.823
2024-09-27 08:33:27,359 - INFO - AnyROSC, Yes
2024-09-27 08:33:27,360 - INFO - ------------------------
2024-09-27 08:33:27,360 - INFO - IncidentID, 24032079
2024-09-27 08:33:27,360 - INFO - CaseStart, 5/8/2024 2:21:09 AM
2024-09-27 08:33:27,360 - INFO - CPRRatio, 90.324750699097777
2024-09-27 08:33:27,360 - INFO - CompressionsRatio, 91.275787474278474
2024-09-27 08:33:27,361 - INFO - LongestPause, 17.07
2024-09-27 08:33:27,361 - INFO - AnyROSC, No
2024-09-27 08:33:27,362 - INFO - ------------------------
2024-09-27 08:33:27,362 - INFO - IncidentID, 24-33345
2024-09-27 08:33:27,362 - INFO - CaseStart, 5/13/2024 2:51:46 PM
2024-09-27 08:33:27,362 - INFO - CPRRatio, 96.147254309083564
2024-09-27 08:33:27,362 - INFO - CompressionsRatio, 95.454735463374547
2024-09-27 08:33:27,362 - INFO - LongestPause, 10.828
2024-09-27 08:33:27,362 - INFO - AnyROSC, No
2024-09-27 08:33:27,362 - INFO - ------------------------
2024-09-27 08:33:27,362 - INFO - IncidentID, F24034603
2024-09-27 08:33:27,363 - INFO - CaseStart, 5/18/2024 5:19:32 PM
2024-09-27 08:33:27,363 - INFO - CPRRatio, 89.795321637426909
2024-09-27 08:33:27,364 - INFO - CompressionsRatio, 90.158554811878616
2024-09-27 08:33:27,364 - INFO - LongestPause, 45.184
2024-09-27 08:33:27,364 - INFO - AnyROSC, No
2024-09-27 08:33:27,364 - INFO - ------------------------
2024-09-27 08:33:27,365 - INFO - IncidentID, F24035973
2024-09-27 08:33:27,365 - INFO - CaseStart, 5/24/2024 6:39:57 AM
2024-09-27 08:33:27,365 - INFO - CPRRatio, 87.798691529930366
2024-09-27 08:33:27,365 - INFO - CompressionsRatio, 89.044187104222786
2024-09-27 08:33:27,365 - INFO - LongestPause, 40.318999999999996
2024-09-27 08:33:27,366 - INFO - AnyROSC, No
2024-09-27 08:33:27,366 - INFO - ------------------------
2024-09-27 08:33:27,366 - INFO - IncidentID, F24036070
2024-09-27 08:33:27,366 - INFO - CaseStart, 5/24/2024 2:05:18 PM
2024-09-27 08:33:27,366 - INFO - CPRRatio, 86.877514792899419
2024-09-27 08:33:27,366 - INFO - CompressionsRatio, 86.982414140150908
2024-09-27 08:33:27,366 - INFO - LongestPause, 50.919
2024-09-27 08:33:27,366 - INFO - NumberOfShocks, 6
2024-09-27 08:33:27,367 - INFO - AnyROSC, Yes
2024-09-27 08:33:27,367 - INFO - ------------------------
2024-09-27 08:33:27,367 - INFO - IncidentID, 24-37164
2024-09-27 08:33:27,367 - INFO - CaseStart, 5/28/2024 11:16:54 PM
2024-09-27 08:33:27,367 - INFO - CPRRatio, 91.04939440330196
2024-09-27 08:33:27,367 - INFO - CompressionsRatio, 91.546530058044226
2024-09-27 08:33:27,367 - INFO - LongestPause, 40.663
2024-09-27 08:33:27,368 - INFO - NumberOfShocks, 10
2024-09-27 08:33:27,368 - INFO - AnyROSC, No
2024-09-27 08:33:27,368 - INFO - ------------------------
2024-09-27 08:33:27,368 - INFO - IncidentID, f24039451
2024-09-27 08:33:27,369 - INFO - CaseStart, 6/6/2024 10:32:25 PM
2024-09-27 08:33:27,369 - INFO - CPRRatio, 76.821784927105952
2024-09-27 08:33:27,369 - INFO - CompressionsRatio, 77.74138898174958
2024-09-27 08:33:27,369 - INFO - LongestPause, 106.261
2024-09-27 08:33:27,369 - INFO - NumberOfShocks, 4
2024-09-27 08:33:27,369 - INFO - AnyROSC, No
2024-09-27 08:33:27,369 - INFO - ------------------------
2024-09-27 08:33:27,369 - INFO - IncidentID, 24039780
2024-09-27 08:33:27,369 - INFO - CaseStart, 6/8/2024 10:33:32 AM
2024-09-27 08:33:27,369 - INFO - CPRRatio, 90.043449698618133
2024-09-27 08:33:27,369 - INFO - CompressionsRatio, 91.822645336775622
2024-09-27 08:33:27,369 - INFO - LongestPause, 37.009
2024-09-27 08:33:27,370 - INFO - AnyROSC, No
2024-09-27 08:33:27,370 - INFO - ------------------------
2024-09-27 08:33:27,370 - INFO - IncidentID, F24040153
2024-09-27 08:33:27,371 - INFO - CaseStart, 6/9/2024 9:17:33 PM
2024-09-27 08:33:27,371 - INFO - CPRRatio, 92.663682697334039
2024-09-27 08:33:27,371 - INFO - CompressionsRatio, 93.5749991831934
2024-09-27 08:33:27,371 - INFO - LongestPause, 14.793
2024-09-27 08:33:27,371 - INFO - AnyROSC, No
2024-09-27 08:33:27,371 - INFO - ------------------------
2024-09-27 08:33:27,372 - INFO - IncidentID, 2-40647
2024-09-27 08:33:27,372 - INFO - CaseStart, 6/11/2024 8:07:08 PM
2024-09-27 08:33:27,372 - INFO - CPRRatio, 89.6907806287365
2024-09-27 08:33:27,372 - INFO - CompressionsRatio, 89.542034955233262
2024-09-27 08:33:27,372 - INFO - LongestPause, 25.884999999999998
2024-09-27 08:33:27,372 - INFO - AnyROSC, No
2024-09-27 08:33:27,372 - INFO - ------------------------
2024-09-27 08:33:27,372 - INFO - IncidentID, F24041179
2024-09-27 08:33:27,373 - INFO - CaseStart, 6/13/2024 9:37:07 PM
2024-09-27 08:33:27,373 - INFO - CPRRatio, 88.522273936170208
2024-09-27 08:33:27,373 - INFO - CompressionsRatio, 89.4780585106383
2024-09-27 08:33:27,373 - INFO - LongestPause, 10.633
2024-09-27 08:33:27,373 - INFO - AnyROSC, No
2024-09-27 08:33:27,373 - INFO - ------------------------
2024-09-27 08:33:27,373 - INFO - IncidentID, F24041468
2024-09-27 08:33:27,374 - INFO - CaseStart, 6/15/2024 4:23:15 AM
2024-09-27 08:33:27,374 - INFO - CPRRatio, 70.328125000000014
2024-09-27 08:33:27,374 - INFO - CompressionsRatio, 71.0703125
2024-09-27 08:33:27,374 - INFO - LongestPause, 36.894
2024-09-27 08:33:27,374 - INFO - NumberOfShocks, 2
2024-09-27 08:33:27,374 - INFO - AnyROSC, Yes
2024-09-27 08:33:27,374 - INFO - ------------------------
2024-09-27 08:33:27,374 - INFO - IncidentID, 24042097
2024-09-27 08:33:27,375 - INFO - CaseStart, 6/17/2024 2:38:17 PM
2024-09-27 08:33:27,375 - INFO - CPRRatio, 88.981280788177344
2024-09-27 08:33:27,375 - INFO - CompressionsRatio, 90.0631227916948
2024-09-27 08:33:27,375 - INFO - LongestPause, 20.298
2024-09-27 08:33:27,375 - INFO - NumberOfShocks, 1
2024-09-27 08:33:27,375 - INFO - AnyROSC, Yes
2024-09-27 08:33:27,375 - INFO - ------------------------
2024-09-27 08:33:27,376 - INFO - IncidentID, TR2400256
2024-09-27 08:33:27,376 - INFO - CaseStart, 6/17/2024 3:22:29 PM
2024-09-27 08:33:27,376 - INFO - CPRRatio, 88.984982359736492
2024-09-27 08:33:27,376 - INFO - CompressionsRatio, 86.549689344031975
2024-09-27 08:33:27,376 - INFO - LongestPause, 22.166
2024-09-27 08:33:27,376 - INFO - AnyROSC, No
2024-09-27 08:33:27,376 - INFO - ------------------------
2024-09-27 08:33:27,377 - INFO - IncidentID, f24042389
2024-09-27 08:33:27,377 - INFO - CaseStart, 6/18/2024 6:49:34 PM
2024-09-27 08:33:27,377 - INFO - CPRRatio, 86.407732740678028
2024-09-27 08:33:27,377 - INFO - CompressionsRatio, 87.233216918897938
2024-09-27 08:33:27,378 - INFO - LongestPause, 16.694
2024-09-27 08:33:27,378 - INFO - NumberOfShocks, 1
2024-09-27 08:33:27,378 - INFO - AnyROSC, Yes
2024-09-27 08:33:27,378 - INFO - ------------------------
2024-09-27 08:33:27,378 - INFO - IncidentID, F24044189
2024-09-27 08:33:27,379 - INFO - CaseStart, 6/25/2024 4:23:22 PM
2024-09-27 08:33:27,379 - INFO - CPRRatio, 93.569615970225
2024-09-27 08:33:27,379 - INFO - CompressionsRatio, 94.285230925393336
2024-09-27 08:33:27,379 - INFO - LongestPause, 14.088999999999999
2024-09-27 08:33:27,379 - INFO - AnyROSC, No
2024-09-27 08:33:27,379 - INFO - ------------------------
2024-09-27 08:33:27,379 - INFO - IncidentID, F24044948
2024-09-27 08:33:27,379 - INFO - CaseStart, 6/28/2024 5:55:44 PM
2024-09-27 08:33:27,380 - INFO - CPRRatio, 60.349358478899376
2024-09-27 08:33:27,380 - INFO - CompressionsRatio, 61.060442108517556
2024-09-27 08:33:27,380 - INFO - LongestPause, 23.387
2024-09-27 08:33:27,380 - INFO - NumberOfShocks, 2
2024-09-27 08:33:27,380 - INFO - AnyROSC, Yes
2024-09-27 08:33:27,380 - INFO - ------------------------
2024-09-27 08:33:27,380 - INFO - IncidentID, F24045242
2024-09-27 08:33:27,380 - INFO - CaseStart, 6/29/2024 9:53:33 PM
2024-09-27 08:33:27,381 - INFO - CPRRatio, 76.186930394017878
2024-09-27 08:33:27,381 - INFO - CompressionsRatio, 76.621115667376316
2024-09-27 08:33:27,381 - INFO - LongestPause, 74.280999999999992
2024-09-27 08:33:27,381 - INFO - NumberOfShocks, 6
2024-09-27 08:33:27,381 - INFO - AnyROSC, No
2024-09-27 08:33:27,381 - INFO - ------------------------
2024-09-27 08:33:27,381 - INFO - IncidentID, 24-45430
2024-09-27 08:33:27,382 - INFO - CaseStart, 6/30/2024 5:39:20 PM
2024-09-27 08:33:27,382 - INFO - CPRRatio, 96.813261823500724
2024-09-27 08:33:27,382 - INFO - CompressionsRatio, 97.121404193076543
2024-09-27 08:33:27,382 - INFO - LongestPause, 6.733
2024-09-27 08:33:27,382 - INFO - AnyROSC, No
2024-09-27 08:33:27,382 - INFO - ------------------------
2024-09-27 08:33:27,382 - INFO - IncidentID, F24045521
2024-09-27 08:33:27,383 - INFO - CaseStart, 6/30/2024 11:59:33 PM
2024-09-27 08:33:27,383 - INFO - CPRRatio, 86.243489485613068
2024-09-27 08:33:27,383 - INFO - CompressionsRatio, 86.945949596986011
2024-09-27 08:33:27,383 - INFO - LongestPause, 103.226
2024-09-27 08:33:27,383 - INFO - AnyROSC, Yes
2024-09-27 08:33:27,383 - INFO - ------------------------
2024-09-27 08:33:27,383 - INFO - IncidentID, F24046849
2024-09-27 08:33:27,383 - INFO - CaseStart, 7/6/2024 9:29:03 AM
2024-09-27 08:33:27,383 - INFO - CPRRatio, 89.349678192741848
2024-09-27 08:33:27,383 - INFO - CompressionsRatio, 90.799332106006773
2024-09-27 08:33:27,383 - INFO - LongestPause, 42.105
2024-09-27 08:33:27,383 - INFO - AnyROSC, No
2024-09-27 08:33:27,385 - INFO - ------------------------
2024-09-27 08:33:27,385 - INFO - IncidentID, F24047278
2024-09-27 08:33:27,385 - INFO - CaseStart, 7/8/2024 4:55:30 AM
2024-09-27 08:33:27,385 - INFO - CPRRatio, 78.251069091658508
2024-09-27 08:33:27,385 - INFO - CompressionsRatio, 80.4054936160213
2024-09-27 08:33:27,385 - INFO - LongestPause, 46.528
2024-09-27 08:33:27,385 - INFO - NumberOfShocks, 7
2024-09-27 08:33:27,386 - INFO - AnyROSC, No
2024-09-27 08:33:27,386 - INFO - ------------------------
2024-09-27 08:33:27,386 - INFO - IncidentID, F24049054
2024-09-27 08:33:27,386 - INFO - CaseStart, 7/15/2024 8:09:13 AM
2024-09-27 08:33:27,386 - INFO - CPRRatio, 86.344101323466617
2024-09-27 08:33:27,386 - INFO - CompressionsRatio, 85.442815805701827
2024-09-27 08:33:27,387 - INFO - LongestPause, 140.552
2024-09-27 08:33:27,387 - INFO - AnyROSC, No
2024-09-27 08:33:27,387 - INFO - ------------------------
2024-09-27 08:33:27,387 - INFO - IncidentID, F24049325
2024-09-27 08:33:27,387 - INFO - CaseStart, 7/16/2024 6:02:16 AM
2024-09-27 08:33:27,387 - INFO - CPRRatio, 90.8612058532292
2024-09-27 08:33:27,388 - INFO - CompressionsRatio, 92.680614941812991
2024-09-27 08:33:27,388 - INFO - LongestPause, 24.247
2024-09-27 08:33:27,388 - INFO - NumberOfShocks, 6
2024-09-27 08:33:27,388 - INFO - AnyROSC, No
2024-09-27 08:33:27,388 - INFO - ------------------------
2024-09-27 08:33:27,389 - INFO - IncidentID, F24049877
2024-09-27 08:33:27,389 - INFO - CaseStart, 7/18/2024 1:38:23 AM
2024-09-27 08:33:27,389 - INFO - CPRRatio, 97.5058456742011
2024-09-27 08:33:27,390 - INFO - CompressionsRatio, 97.5058456742011
2024-09-27 08:33:27,390 - INFO - LongestPause, 1.565
2024-09-27 08:33:27,390 - INFO - AnyROSC, Yes
2024-09-27 08:33:27,390 - INFO - ------------------------
2024-09-27 08:33:27,390 - INFO - IncidentID, F24051062
2024-09-27 08:33:27,390 - INFO - CaseStart, 7/23/2024 5:10:10 AM
2024-09-27 08:33:27,391 - INFO - CPRRatio, 77.71331243298998
2024-09-27 08:33:27,391 - INFO - CompressionsRatio, 78.248714086017131
2024-09-27 08:33:27,392 - INFO - LongestPause, 72.512
2024-09-27 08:33:27,392 - INFO - AnyROSC, Yes
2024-09-27 08:33:27,392 - INFO - ------------------------
2024-09-27 08:33:27,392 - INFO - IncidentID, F24052063
2024-09-27 08:33:27,392 - INFO - CaseStart, 7/27/2024 7:36:30 AM
2024-09-27 08:33:27,393 - INFO - CPRRatio, 83.603571848196452
2024-09-27 08:33:27,393 - INFO - CompressionsRatio, 89.161174739266755
2024-09-27 08:33:27,393 - INFO - LongestPause, 14.696
2024-09-27 08:33:27,393 - INFO - NumberOfShocks, 1
2024-09-27 08:33:27,393 - INFO - AnyROSC, Yes
2024-09-27 08:33:27,393 - INFO - ------------------------
2024-09-27 08:33:27,394 - INFO - IncidentID, F24052250
2024-09-27 08:33:27,394 - INFO - CaseStart, 7/27/2024 10:44:59 PM
2024-09-27 08:33:27,394 - INFO - CPRRatio, 89.399030874626362
2024-09-27 08:33:27,396 - INFO - CompressionsRatio, 90.011696340716256
2024-09-27 08:33:27,397 - INFO - LongestPause, 15.678999999999999
2024-09-27 08:33:27,397 - INFO - AnyROSC, No
2024-09-27 08:33:27,397 - INFO - ------------------------
2024-09-27 08:33:27,397 - INFO - IncidentID, F24052866
2024-09-27 08:33:27,397 - INFO - CaseStart, 7/30/2024 2:15:41 PM
2024-09-27 08:33:27,398 - INFO - CPRRatio, 82.2343259371698
2024-09-27 08:33:27,398 - INFO - CompressionsRatio, 84.353737982197373
2024-09-27 08:33:27,398 - INFO - LongestPause, 134.064
2024-09-27 08:33:27,399 - INFO - AnyROSC, No
2024-09-27 08:33:27,399 - INFO - ------------------------
2024-09-27 08:33:27,399 - INFO - IncidentID, F24055632
2024-09-27 08:33:27,399 - INFO - CaseStart, 8/9/2024 7:51:15 PM
2024-09-27 08:33:27,400 - INFO - CPRRatio, 90.538215777832391
2024-09-27 08:33:27,400 - INFO - CompressionsRatio, 90.738605213906268
2024-09-27 08:33:27,400 - INFO - LongestPause, 25.785999999999998
2024-09-27 08:33:27,400 - INFO - AnyROSC, No
2024-09-27 08:33:27,400 - INFO - ------------------------
2024-09-27 08:33:27,401 - INFO - IncidentID, F24056586
2024-09-27 08:33:27,401 - INFO - CaseStart, 8/13/2024 6:59:11 PM
2024-09-27 08:33:27,401 - INFO - CPRRatio, 81.1158115183246
2024-09-27 08:33:27,415 - INFO - CompressionsRatio, 80.670157068062835
2024-09-27 08:33:27,415 - INFO - LongestPause, 39.400999999999996
2024-09-27 08:33:27,415 - INFO - AnyROSC, No
2024-09-27 08:33:27,416 - INFO - ------------------------
2024-09-27 08:33:27,417 - INFO - IncidentID, F24057861
2024-09-27 08:33:27,418 - INFO - CaseStart, 8/19/2024 10:26:55 AM
2024-09-27 08:33:27,418 - INFO - CPRRatio, 84.839155682551379
2024-09-27 08:33:27,418 - INFO - CompressionsRatio, 85.010600055304636
2024-09-27 08:33:27,418 - INFO - LongestPause, 54.162
2024-09-27 08:33:27,419 - INFO - NumberOfShocks, 1
2024-09-27 08:33:27,419 - INFO - AnyROSC, No
2024-09-27 08:33:27,419 - INFO - ------------------------
2024-09-27 08:33:27,419 - INFO - IncidentID, F24057944
2024-09-27 08:33:27,420 - INFO - CaseStart, 8/19/2024 4:17:56 PM
2024-09-27 08:33:27,420 - INFO - CPRRatio, 75.202706903135848
2024-09-27 08:33:27,420 - INFO - CompressionsRatio, 75.634319411017657
2024-09-27 08:33:27,420 - INFO - LongestPause, 67.056
2024-09-27 08:33:27,420 - INFO - NumberOfShocks, 1
2024-09-27 08:33:27,421 - INFO - AnyROSC, No
2024-09-27 08:33:27,421 - INFO - ------------------------
2024-09-27 08:33:27,421 - INFO - IncidentID, F24058201
2024-09-27 08:33:27,421 - INFO - CaseStart, 8/20/2024 6:32:19 PM
2024-09-27 08:33:27,422 - INFO - CPRRatio, 84.759103357338489
2024-09-27 08:33:27,422 - INFO - CompressionsRatio, 85.75265446032941
2024-09-27 08:33:27,422 - INFO - LongestPause, 35.583999999999996
2024-09-27 08:33:27,422 - INFO - AnyROSC, No
2024-09-27 08:33:27,422 - INFO - ------------------------
2024-09-27 08:33:27,422 - INFO - IncidentID, F24060309
2024-09-27 08:33:27,422 - INFO - CaseStart, 8/28/2024 7:03:21 PM
2024-09-27 08:33:27,423 - INFO - CPRRatio, 95.727836556001449
2024-09-27 08:33:27,423 - INFO - CompressionsRatio, 96.59978110178767
2024-09-27 08:33:27,423 - INFO - LongestPause, 9.583
2024-09-27 08:33:27,423 - INFO - AnyROSC, No
2024-09-27 08:33:27,423 - INFO - ------------------------
2024-09-27 08:33:27,423 - INFO - IncidentID, F24060544
2024-09-27 08:33:27,423 - INFO - CaseStart, 8/29/2024 5:02:20 PM
2024-09-27 08:33:27,423 - INFO - CPRRatio, 69.970034119566833
2024-09-27 08:33:27,424 - INFO - CompressionsRatio, 68.623819336088715
2024-09-27 08:33:27,424 - INFO - LongestPause, 161.94799999999998
2024-09-27 08:33:27,424 - INFO - NumberOfShocks, 4
2024-09-27 08:33:27,424 - INFO - AnyROSC, No
2024-09-27 08:33:27,424 - INFO - ------------------------
2024-09-27 08:33:27,424 - INFO - IncidentID, F24061316
2024-09-27 08:33:27,425 - INFO - CaseStart, 9/1/2024 11:38:23 PM
2024-09-27 08:33:27,425 - INFO - CPRRatio, 100
2024-09-27 08:33:27,425 - INFO - CompressionsRatio, 100
2024-09-27 08:33:27,425 - INFO - AnyROSC, Yes
2024-09-27 08:33:27,425 - INFO - ------------------------
2024-09-27 08:33:27,425 - INFO - IncidentID, F24063032
2024-09-27 08:33:27,425 - INFO - CaseStart, 9/9/2024 9:42:10 AM
2024-09-27 08:33:27,425 - INFO - CPRRatio, 91.499856678769348
2024-09-27 08:33:27,426 - INFO - CompressionsRatio, 91.680202560672654
2024-09-27 08:33:27,427 - INFO - LongestPause, 17.119
2024-09-27 08:33:27,427 - INFO - NumberOfShocks, 1
2024-09-27 08:33:27,427 - INFO - AnyROSC, No
2024-09-27 08:33:27,427 - INFO - ------------------------
2024-09-27 08:33:27,427 - INFO - IncidentID, F24063415
2024-09-27 08:33:27,427 - INFO - CaseStart, 9/10/2024 4:30:28 PM
2024-09-27 08:33:27,428 - INFO - CPRRatio, 90.308980304764191
2024-09-27 08:33:27,428 - INFO - CompressionsRatio, 90.6568090104198
2024-09-27 08:33:27,428 - INFO - LongestPause, 40.253
2024-09-27 08:33:27,428 - INFO - AnyROSC, No
2024-09-27 08:33:27,428 - INFO - ------------------------
2024-09-27 08:33:27,428 - INFO - IncidentID, F24063811
2024-09-27 08:33:27,429 - INFO - CaseStart, 9/12/2024 4:41:06 AM
2024-09-27 08:33:27,429 - INFO - CPRRatio, 90.152152881607222
2024-09-27 08:33:27,429 - INFO - CompressionsRatio, 90.272769534243821
2024-09-27 08:33:27,429 - INFO - LongestPause, 15.841999999999999
2024-09-27 08:33:27,429 - INFO - AnyROSC, No
2024-09-27 08:33:27,429 - INFO - ------------------------
2024-09-27 08:33:27,429 - INFO - IncidentID, F24065487
2024-09-27 08:33:27,430 - INFO - CaseStart, 9/18/2024 3:18:05 PM
2024-09-27 08:33:27,430 - INFO - CPRRatio, None
2024-09-27 08:33:27,430 - INFO - CompressionsRatio, None
2024-09-27 08:33:27,430 - INFO - AnyROSC, No
2024-09-27 08:33:27,430 - INFO - ------------------------
2024-09-27 08:33:27,430 - INFO - IncidentID, 24066939
2024-09-27 08:33:27,431 - INFO - CaseStart, 9/24/2024 12:08:21 PM
2024-09-27 08:33:27,431 - INFO - CPRRatio, 86.995290666254917
2024-09-27 08:33:27,431 - INFO - CompressionsRatio, 86.98628374379166
2024-09-27 08:33:27,431 - INFO - LongestPause, 46.199999999999996
2024-09-27 08:33:27,431 - INFO - NumberOfShocks, 1
2024-09-27 08:33:27,431 - INFO - AnyROSC, No
2024-09-27 08:33:27,431 - INFO - ------------------------
2024-09-27 08:33:27,431 - INFO - The number of cases is 105
2024-09-27 08:33:27,432 - INFO - The number of cases with ROSC: 29
2024-09-27 08:33:27,432 - INFO - The longest pause was 301.76 seconds with incident number 24-04270.
2024-09-27 08:33:27,433 - INFO - The average longest pause is 43.15 seconds
2024-09-27 08:33:27,433 - INFO - The average compression ratio is 82.30.
2024-09-27 08:33:27,433 - INFO - The case with the lowest compression ratio was F24014214 with a ratio of 39.12776176753122
2024-09-27 08:33:27,434 - INFO - The average compression rate is 117.41 per minute.
2024-09-27 08:33:27,434 - INFO - The fastest compression rate was 160.79 per minute with incident number F24046849.
2024-09-27 08:33:27,434 - INFO - The number of cases in January was 21.
2024-09-27 08:33:27,434 - INFO - The number of cases in February was 24.
2024-09-27 08:33:27,435 - INFO - The number of cases in March was 8.
