2024-09-28 17:17:27,109 - INFO - IncidentID, F24000097
2024-09-28 17:17:27,109 - INFO - CaseStart, 1/1/2024 10:49:09 AM
2024-09-28 17:17:27,109 - INFO - CPRRatio, 92.22549241566675
2024-09-28 17:17:27,110 - INFO - CompressionsRatio, 92.57414534752094
2024-09-28 17:17:27,110 - INFO - LongestPause, 44.742
2024-09-28 17:17:27,110 - INFO - AnyROSC, Yes
2024-09-28 17:17:27,110 - INFO - ------------------------
2024-09-28 17:17:27,110 - INFO - IncidentID, F24001572
2024-09-28 17:17:27,111 - INFO - CaseStart, 1/7/2024 12:28:18 AM
2024-09-28 17:17:27,111 - INFO - CPRRatio, 87.3551219916325
2024-09-28 17:17:27,111 - INFO - CompressionsRatio, 87.416428482664344
2024-09-28 17:17:27,111 - INFO - LongestPause, 65.925
2024-09-28 17:17:27,111 - INFO - AnyROSC, No
2024-09-28 17:17:27,111 - INFO - ------------------------
2024-09-28 17:17:27,111 - INFO - IncidentID, 24001846
2024-09-28 17:17:27,111 - INFO - CaseStart, 1/8/2024 8:48:19 AM
2024-09-28 17:17:27,111 - INFO - CPRRatio, 89.19946717084909
2024-09-28 17:17:27,111 - INFO - CompressionsRatio, 89.252105534547965
2024-09-28 17:17:27,112 - INFO - LongestPause, 24.442999999999998
2024-09-28 17:17:27,112 - INFO - AnyROSC, No
2024-09-28 17:17:27,112 - INFO - ------------------------
2024-09-28 17:17:27,112 - INFO - IncidentID, 24-01858
2024-09-28 17:17:27,112 - INFO - CaseStart, 1/8/2024 9:20:43 AM
2024-09-28 17:17:27,112 - INFO - CPRRatio, 84.511314395763122
2024-09-28 17:17:27,112 - INFO - CompressionsRatio, 90.75050351026016
2024-09-28 17:17:27,112 - INFO - LongestPause, 38.451
2024-09-28 17:17:27,112 - INFO - NumberOfShocks, 4
2024-09-28 17:17:27,112 - INFO - AnyROSC, No
2024-09-28 17:17:27,112 - INFO - ------------------------
2024-09-28 17:17:27,113 - INFO - IncidentID, 24002732
2024-09-28 17:17:27,113 - INFO - CaseStart, 1/10/2024 6:20:36 AM
2024-09-28 17:17:27,113 - INFO - CPRRatio, 95.991961232394942
2024-09-28 17:17:27,113 - INFO - CompressionsRatio, 95.957926127615451
2024-09-28 17:17:27,113 - INFO - LongestPause, 11.353
2024-09-28 17:17:27,114 - INFO - AnyROSC, No
2024-09-28 17:17:27,114 - INFO - ------------------------
2024-09-28 17:17:27,114 - INFO - IncidentID, 24-003234
2024-09-28 17:17:27,114 - INFO - CaseStart, 1/11/2024 4:59:13 PM
2024-09-28 17:17:27,114 - INFO - CPRRatio, 93.095986245331119
2024-09-28 17:17:27,114 - INFO - CompressionsRatio, 94.252089879646633
2024-09-28 17:17:27,114 - INFO - LongestPause, 12.745999999999999
2024-09-28 17:17:27,114 - INFO - NumberOfShocks, 6
2024-09-28 17:17:27,114 - INFO - AnyROSC, No
2024-09-28 17:17:27,115 - INFO - ------------------------
2024-09-28 17:17:27,115 - INFO - IncidentID, 24-04270
2024-09-28 17:17:27,115 - INFO - CaseStart, 1/15/2024 9:02:16 PM
2024-09-28 17:17:27,115 - INFO - CPRRatio, 77.328470831991709
2024-09-28 17:17:27,115 - INFO - CompressionsRatio, 77.559462978258736
2024-09-28 17:17:27,115 - INFO - LongestPause, 301.762
2024-09-28 17:17:27,115 - INFO - AnyROSC, No
2024-09-28 17:17:27,116 - INFO - ------------------------
2024-09-28 17:17:27,116 - INFO - IncidentID, 24-04543
2024-09-28 17:17:27,116 - INFO - CaseStart, 1/16/2024 8:22:42 PM
2024-09-28 17:17:27,116 - INFO - CPRRatio, 93.1452043735828
2024-09-28 17:17:27,116 - INFO - CompressionsRatio, 93.271045789654877
2024-09-28 17:17:27,116 - INFO - LongestPause, 21.232
2024-09-28 17:17:27,116 - INFO - AnyROSC, Yes
2024-09-28 17:17:27,116 - INFO - ------------------------
2024-09-28 17:17:27,116 - INFO - IncidentID, 24-04601
2024-09-28 17:17:27,117 - INFO - CaseStart, 1/17/2024 3:27:34 AM
2024-09-28 17:17:27,117 - INFO - CPRRatio, 88.5196550088571
2024-09-28 17:17:27,117 - INFO - CompressionsRatio, 89.199891563232185
2024-09-28 17:17:27,117 - INFO - LongestPause, 32.012
2024-09-28 17:17:27,117 - INFO - AnyROSC, No
2024-09-28 17:17:27,117 - INFO - ------------------------
2024-09-28 17:17:27,117 - INFO - IncidentID, 2024011812195400-
2024-09-28 17:17:27,118 - INFO - CaseStart, 1/18/2024 9:19:31 AM
2024-09-28 17:17:27,118 - INFO - CPRRatio, 69.790596767769941
2024-09-28 17:17:27,118 - INFO - CompressionsRatio, 69.790596767769941
2024-09-28 17:17:27,118 - INFO - LongestPause, 136.938
2024-09-28 17:17:27,119 - INFO - AnyROSC, Yes
2024-09-28 17:17:27,119 - INFO - ------------------------
2024-09-28 17:17:27,119 - INFO - IncidentID, 24-05282
2024-09-28 17:17:27,119 - INFO - CaseStart, 1/19/2024 3:31:41 PM
2024-09-28 17:17:27,119 - INFO - CPRRatio, 92.834095834336622
2024-09-28 17:17:27,120 - INFO - CompressionsRatio, 92.2297134601493
2024-09-28 17:17:27,120 - INFO - LongestPause, 20.691
2024-09-28 17:17:27,120 - INFO - NumberOfShocks, 1
2024-09-28 17:17:27,120 - INFO - AnyROSC, Yes
2024-09-28 17:17:27,120 - INFO - ------------------------
2024-09-28 17:17:27,121 - INFO - IncidentID, 2024011917102000-
2024-09-28 17:17:27,121 - INFO - CaseStart, 1/19/2024 5:09:11 PM
2024-09-28 17:17:27,121 - INFO - CPRRatio, 90.208223252901234
2024-09-28 17:17:27,121 - INFO - CompressionsRatio, 90.199416818333034
2024-09-28 17:17:27,122 - INFO - LongestPause, 22.016
2024-09-28 17:17:27,122 - INFO - AnyROSC, Yes
2024-09-28 17:17:27,122 - INFO - ------------------------
2024-09-28 17:17:27,122 - INFO - IncidentID, 24005623
2024-09-28 17:17:27,123 - INFO - CaseStart, 1/21/2024 3:27:23 AM
2024-09-28 17:17:27,123 - INFO - CPRRatio, 81.6714199743583
2024-09-28 17:17:27,123 - INFO - CompressionsRatio, 82.822679818938212
2024-09-28 17:17:27,123 - INFO - LongestPause, 42.678
2024-09-28 17:17:27,123 - INFO - AnyROSC, Yes
2024-09-28 17:17:27,123 - INFO - ------------------------
2024-09-28 17:17:27,124 - INFO - IncidentID, 24-05748
2024-09-28 17:17:27,124 - INFO - CaseStart, 1/21/2024 5:23:25 PM
2024-09-28 17:17:27,124 - INFO - CPRRatio, 87.452956298200519
2024-09-28 17:17:27,124 - INFO - CompressionsRatio, 87.417994858611834
2024-09-28 17:17:27,124 - INFO - LongestPause, 23.083
2024-09-28 17:17:27,125 - INFO - AnyROSC, No
2024-09-28 17:17:27,125 - INFO - ------------------------
2024-09-28 17:17:27,125 - INFO - IncidentID, 24-05789
2024-09-28 17:17:27,125 - INFO - CaseStart, 1/21/2024 8:16:40 PM
2024-09-28 17:17:27,126 - INFO - CPRRatio, 79.2004048582996
2024-09-28 17:17:27,126 - INFO - CompressionsRatio, 80.433624547197951
2024-09-28 17:17:27,126 - INFO - LongestPause, 118.54899999999999
2024-09-28 17:17:27,126 - INFO - NumberOfShocks, 1
2024-09-28 17:17:27,126 - INFO - AnyROSC, No
2024-09-28 17:17:27,127 - INFO - ------------------------
2024-09-28 17:17:27,127 - INFO - IncidentID, 2024012205193600-LP152357
2024-09-28 17:17:27,127 - INFO - CaseStart, 1/22/2024 5:19:36 AM
2024-09-28 17:17:27,127 - INFO - CPRRatio, None
2024-09-28 17:17:27,127 - INFO - CompressionsRatio, None
2024-09-28 17:17:27,128 - INFO - AnyROSC, No
2024-09-28 17:17:27,128 - INFO - ------------------------
2024-09-28 17:17:27,128 - INFO - IncidentID, 24006848
2024-09-28 17:17:27,128 - INFO - CaseStart, 1/25/2024 8:44:12 PM
2024-09-28 17:17:27,128 - INFO - CPRRatio, 97.465689332501569
2024-09-28 17:17:27,129 - INFO - CompressionsRatio, 97.980349344978166
2024-09-28 17:17:27,129 - INFO - LongestPause, 5.603
2024-09-28 17:17:27,129 - INFO - AnyROSC, No
2024-09-28 17:17:27,129 - INFO - ------------------------
2024-09-28 17:17:27,129 - INFO - IncidentID, 24006905
2024-09-28 17:17:27,129 - INFO - CaseStart, 1/26/2024 3:42:57 AM
2024-09-28 17:17:27,130 - INFO - CPRRatio, 94.8288598867274
2024-09-28 17:17:27,130 - INFO - CompressionsRatio, 95.1674464417631
2024-09-28 17:17:27,130 - INFO - LongestPause, 25.206
2024-09-28 17:17:27,130 - INFO - AnyROSC, No
2024-09-28 17:17:27,130 - INFO - ------------------------
2024-09-28 17:17:27,131 - INFO - IncidentID, 2024012708121200-
2024-09-28 17:17:27,131 - INFO - CaseStart, 1/27/2024 5:11:49 AM
2024-09-28 17:17:27,131 - INFO - CPRRatio, 89.655492905384477
2024-09-28 17:17:27,131 - INFO - CompressionsRatio, 89.655492905384477
2024-09-28 17:17:27,131 - INFO - LongestPause, 17.785
2024-09-28 17:17:27,131 - INFO - AnyROSC, Yes
2024-09-28 17:17:27,132 - INFO - ------------------------
2024-09-28 17:17:27,132 - INFO - IncidentID, F24007187
2024-09-28 17:17:27,132 - INFO - CaseStart, 1/27/2024 7:15:03 AM
2024-09-28 17:17:27,132 - INFO - CPRRatio, 89.0099280444485
2024-09-28 17:17:27,132 - INFO - CompressionsRatio, 89.273157846798441
2024-09-28 17:17:27,133 - INFO - LongestPause, 42.661
2024-09-28 17:17:27,133 - INFO - AnyROSC, No
2024-09-28 17:17:27,133 - INFO - ------------------------
2024-09-28 17:17:27,133 - INFO - IncidentID, 2024013006532900-37823764
2024-09-28 17:17:27,134 - INFO - CaseStart, 1/30/2024 6:53:15 AM
2024-09-28 17:17:27,134 - INFO - CPRRatio, None
2024-09-28 17:17:27,134 - INFO - CompressionsRatio, None
2024-09-28 17:17:27,134 - INFO - NumberOfShocks, 2
2024-09-28 17:17:27,134 - INFO - AnyROSC, No
2024-09-28 17:17:27,135 - INFO - ------------------------
2024-09-28 17:17:27,135 - INFO - IncidentID, 24009051
2024-09-28 17:17:27,135 - INFO - CaseStart, 2/4/2024 7:46:26 AM
2024-09-28 17:17:27,135 - INFO - CPRRatio, 84.270216962524657
2024-09-28 17:17:27,135 - INFO - CompressionsRatio, 85.051700436315826
2024-09-28 17:17:27,136 - INFO - LongestPause, 22.558999999999997
2024-09-28 17:17:27,136 - INFO - NumberOfShocks, 1
2024-09-28 17:17:27,136 - INFO - AnyROSC, No
2024-09-28 17:17:27,137 - INFO - ------------------------
2024-09-28 17:17:27,137 - INFO - IncidentID, F24009459
2024-09-28 17:17:27,137 - INFO - CaseStart, 2/6/2024 12:15:34 AM
2024-09-28 17:17:27,137 - INFO - CPRRatio, 88.1007631396378
2024-09-28 17:17:27,137 - INFO - CompressionsRatio, 88.697098016698959
2024-09-28 17:17:27,137 - INFO - LongestPause, 24.311999999999998
2024-09-28 17:17:27,138 - INFO - AnyROSC, No
2024-09-28 17:17:27,138 - INFO - ------------------------
2024-09-28 17:17:27,138 - INFO - IncidentID, 2024020602321200-37823764
2024-09-28 17:17:27,138 - INFO - CaseStart, 2/6/2024 2:31:58 AM
2024-09-28 17:17:27,139 - INFO - CPRRatio, 99.936850968285157
2024-09-28 17:17:27,139 - INFO - CompressionsRatio, 99.936850968285157
2024-09-28 17:17:27,139 - INFO - LongestPause, 0.074
2024-09-28 17:17:27,139 - INFO - AnyROSC, Yes
2024-09-28 17:17:27,139 - INFO - ------------------------
2024-09-28 17:17:27,140 - INFO - IncidentID, 2024020713463900-MICU 103A
2024-09-28 17:17:27,140 - INFO - CaseStart, 2/7/2024 1:46:39 PM
2024-09-28 17:17:27,140 - INFO - CPRRatio, 98.447064289447724
2024-09-28 17:17:27,140 - INFO - CompressionsRatio, 93.883500784017656
2024-09-28 17:17:27,140 - INFO - LongestPause, 10.533999999999999
2024-09-28 17:17:27,140 - INFO - AnyROSC, No
2024-09-28 17:17:27,141 - INFO - ------------------------
2024-09-28 17:17:27,141 - INFO - IncidentID, F24009954
2024-09-28 17:17:27,141 - INFO - CaseStart, 2/7/2024 11:40:04 PM
2024-09-28 17:17:27,141 - INFO - CPRRatio, None
2024-09-28 17:17:27,142 - INFO - CompressionsRatio, None
2024-09-28 17:17:27,142 - INFO - AnyROSC, No
2024-09-28 17:17:27,142 - INFO - ------------------------
2024-09-28 17:17:27,142 - INFO - IncidentID, 24010233
2024-09-28 17:17:27,142 - INFO - CaseStart, 2/9/2024 5:13:46 AM
2024-09-28 17:17:27,142 - INFO - CPRRatio, 86.371563964914372
2024-09-28 17:17:27,143 - INFO - CompressionsRatio, 81.865051343786419
2024-09-28 17:17:27,143 - INFO - LongestPause, 67.899999999999991
2024-09-28 17:17:27,143 - INFO - AnyROSC, No
2024-09-28 17:17:27,143 - INFO - ------------------------
2024-09-28 17:17:27,143 - INFO - IncidentID, 24010421
2024-09-28 17:17:27,144 - INFO - CaseStart, 2/9/2024 6:57:22 PM
2024-09-28 17:17:27,144 - INFO - CPRRatio, 97.231560933574457
2024-09-28 17:17:27,144 - INFO - CompressionsRatio, 95.050550410835868
2024-09-28 17:17:27,144 - INFO - LongestPause, 14.203
2024-09-28 17:17:27,144 - INFO - AnyROSC, No
2024-09-28 17:17:27,145 - INFO - ------------------------
2024-09-28 17:17:27,145 - INFO - IncidentID, 24010728
2024-09-28 17:17:27,145 - INFO - CaseStart, 2/11/2024 3:05:26 AM
2024-09-28 17:17:27,145 - INFO - CPRRatio, 76.234142805364257
2024-09-28 17:17:27,145 - INFO - CompressionsRatio, 76.277636824936565
2024-09-28 17:17:27,145 - INFO - LongestPause, 61.101
2024-09-28 17:17:27,146 - INFO - NumberOfShocks, 4
2024-09-28 17:17:27,146 - INFO - AnyROSC, No
2024-09-28 17:17:27,146 - INFO - ------------------------
2024-09-28 17:17:27,146 - INFO - IncidentID, 2024021107462600-
2024-09-28 17:17:27,146 - INFO - CaseStart, 2/11/2024 7:46:34 AM
2024-09-28 17:17:27,147 - INFO - CPRRatio, 81.753337804060237
2024-09-28 17:17:27,147 - INFO - CompressionsRatio, 81.632310019712421
2024-09-28 17:17:27,147 - INFO - LongestPause, 38.846
2024-09-28 17:17:27,147 - INFO - AnyROSC, Yes
2024-09-28 17:17:27,147 - INFO - ------------------------
2024-09-28 17:17:27,148 - INFO - IncidentID, 24-011209
2024-09-28 17:17:27,148 - INFO - CaseStart, 2/12/2024 10:23:34 PM
2024-09-28 17:17:27,148 - INFO - CPRRatio, 91.186040318191814
2024-09-28 17:17:27,148 - INFO - CompressionsRatio, 91.722149531628133
2024-09-28 17:17:27,148 - INFO - LongestPause, 16.776
2024-09-28 17:17:27,148 - INFO - AnyROSC, No
2024-09-28 17:17:27,149 - INFO - ------------------------
2024-09-28 17:17:27,149 - INFO - IncidentID, 2024021302504100-
2024-09-28 17:17:27,149 - INFO - CaseStart, 2/13/2024 2:49:32 AM
2024-09-28 17:17:27,149 - INFO - CPRRatio, None
2024-09-28 17:17:27,149 - INFO - CompressionsRatio, None
2024-09-28 17:17:27,150 - INFO - NumberOfShocks, 1
2024-09-28 17:17:27,150 - INFO - AnyROSC, Yes
2024-09-28 17:17:27,150 - INFO - ------------------------
2024-09-28 17:17:27,150 - INFO - IncidentID, 2024021312403100-
2024-09-28 17:17:27,150 - INFO - CaseStart, 2/13/2024 11:41:12 AM
2024-09-28 17:17:27,151 - INFO - CPRRatio, 66.954175717520911
2024-09-28 17:17:27,151 - INFO - CompressionsRatio, 67.2101030641956
2024-09-28 17:17:27,151 - INFO - LongestPause, 288.461
2024-09-28 17:17:27,151 - INFO - NumberOfShocks, 4
2024-09-28 17:17:27,151 - INFO - AnyROSC, No
2024-09-28 17:17:27,152 - INFO - ------------------------
2024-09-28 17:17:27,152 - INFO - IncidentID, 2024021610434900-DCMH 5
2024-09-28 17:17:27,152 - INFO - CaseStart, 2/16/2024 10:43:49 AM
2024-09-28 17:17:27,152 - INFO - CPRRatio, 80.049919595907767
2024-09-28 17:17:27,152 - INFO - CompressionsRatio, 77.141560529976431
2024-09-28 17:17:27,153 - INFO - LongestPause, 159.875
2024-09-28 17:17:27,153 - INFO - NumberOfShocks, 1
2024-09-28 17:17:27,153 - INFO - AnyROSC, No
2024-09-28 17:17:27,153 - INFO - ------------------------
2024-09-28 17:17:27,153 - INFO - IncidentID, 2024021611383200-
2024-09-28 17:17:27,153 - INFO - CaseStart, 2/16/2024 11:38:40 AM
2024-09-28 17:17:27,154 - INFO - CPRRatio, 88.5779000161786
2024-09-28 17:17:27,154 - INFO - CompressionsRatio, 88.569810710241043
2024-09-28 17:17:27,154 - INFO - LongestPause, 21.726
2024-09-28 17:17:27,154 - INFO - AnyROSC, No
2024-09-28 17:17:27,154 - INFO - ------------------------
2024-09-28 17:17:27,154 - INFO - IncidentID, 2024021620030800-MICU 81
2024-09-28 17:17:27,155 - INFO - CaseStart, 2/16/2024 8:03:08 PM
2024-09-28 17:17:27,155 - INFO - CPRRatio, 96.022722560849189
2024-09-28 17:17:27,155 - INFO - CompressionsRatio, 92.8473690757557
2024-09-28 17:17:27,155 - INFO - LongestPause, 22.805
2024-09-28 17:17:27,155 - INFO - AnyROSC, No
2024-09-28 17:17:27,155 - INFO - ------------------------
2024-09-28 17:17:27,156 - INFO - IncidentID, 2024021620343900-
2024-09-28 17:17:27,156 - INFO - CaseStart, 2/16/2024 8:37:01 PM
2024-09-28 17:17:27,156 - INFO - CPRRatio, 88.6372993001235
2024-09-28 17:17:27,156 - INFO - CompressionsRatio, 88.801976121860832
2024-09-28 17:17:27,156 - INFO - LongestPause, 20.122999999999998
2024-09-28 17:17:27,157 - INFO - AnyROSC, No
2024-09-28 17:17:27,157 - INFO - ------------------------
2024-09-28 17:17:27,157 - INFO - IncidentID, 2024021621362300-
2024-09-28 17:17:27,157 - INFO - CaseStart, 2/16/2024 9:38:45 PM
2024-09-28 17:17:27,157 - INFO - CPRRatio, 78.232493227157036
2024-09-28 17:17:27,157 - INFO - CompressionsRatio, 78.232493227157036
2024-09-28 17:17:27,158 - INFO - LongestPause, 81.59899999999999
2024-09-28 17:17:27,158 - INFO - NumberOfShocks, 2
2024-09-28 17:17:27,158 - INFO - AnyROSC, Yes
2024-09-28 17:17:27,158 - INFO - ------------------------
2024-09-28 17:17:27,158 - INFO - IncidentID, 2024021713011100-37823764
2024-09-28 17:17:27,158 - INFO - CaseStart, 2/17/2024 1:00:57 PM
2024-09-28 17:17:27,159 - INFO - CPRRatio, 93.32386363636364
2024-09-28 17:17:27,159 - INFO - CompressionsRatio, 94.470373376623371
2024-09-28 17:17:27,159 - INFO - LongestPause, 8.384
2024-09-28 17:17:27,159 - INFO - NumberOfShocks, 1
2024-09-28 17:17:27,160 - INFO - AnyROSC, Yes
2024-09-28 17:17:27,160 - INFO - ------------------------
2024-09-28 17:17:27,160 - INFO - IncidentID, 24012682
2024-09-28 17:17:27,160 - INFO - CaseStart, 2/17/2024 11:14:03 PM
2024-09-28 17:17:27,160 - INFO - CPRRatio, 70.042454832775135
2024-09-28 17:17:27,161 - INFO - CompressionsRatio, 66.888532477947081
2024-09-28 17:17:27,161 - INFO - LongestPause, 475.851
2024-09-28 17:17:27,161 - INFO - NumberOfShocks, 4
2024-09-28 17:17:27,161 - INFO - AnyROSC, No
2024-09-28 17:17:27,161 - INFO - ------------------------
2024-09-28 17:17:27,162 - INFO - IncidentID, 2024022321402900-
2024-09-28 17:17:27,162 - INFO - CaseStart, 2/23/2024 10:43:05 PM
2024-09-28 17:17:27,162 - INFO - CPRRatio, 93.852179836512249
2024-09-28 17:17:27,162 - INFO - CompressionsRatio, 93.84366485013625
2024-09-28 17:17:27,162 - INFO - LongestPause, 9.722999999999999
2024-09-28 17:17:27,162 - INFO - AnyROSC, Yes
2024-09-28 17:17:27,163 - INFO - ------------------------
2024-09-28 17:17:27,163 - INFO - IncidentID, F24014055
2024-09-28 17:17:27,163 - INFO - CaseStart, 2/24/2024 5:11:47 PM
2024-09-28 17:17:27,163 - INFO - CPRRatio, 87.821199559054136
2024-09-28 17:17:27,163 - INFO - CompressionsRatio, 82.248823885602491
2024-09-28 17:17:27,163 - INFO - LongestPause, 46.986999999999995
2024-09-28 17:17:27,164 - INFO - NumberOfShocks, 1
2024-09-28 17:17:27,164 - INFO - AnyROSC, No
2024-09-28 17:17:27,164 - INFO - ------------------------
2024-09-28 17:17:27,164 - INFO - IncidentID, 24014194
2024-09-28 17:17:27,164 - INFO - CaseStart, 2/25/2024 9:47:10 AM
2024-09-28 17:17:27,165 - INFO - CPRRatio, 85.194962180803316
2024-09-28 17:17:27,165 - INFO - CompressionsRatio, 81.871672488423144
2024-09-28 17:17:27,165 - INFO - LongestPause, 38.024
2024-09-28 17:17:27,165 - INFO - AnyROSC, No
2024-09-28 17:17:27,165 - INFO - ------------------------
2024-09-28 17:17:27,166 - INFO - IncidentID, 2024022510592000-LP152357
2024-09-28 17:17:27,166 - INFO - CaseStart, 2/25/2024 10:59:20 AM
2024-09-28 17:17:27,166 - INFO - CPRRatio, 49.060518731988473
2024-09-28 17:17:27,166 - INFO - CompressionsRatio, 39.127761767531219
2024-09-28 17:17:27,166 - INFO - LongestPause, 95.743
2024-09-28 17:17:27,166 - INFO - NumberOfShocks, 3
2024-09-28 17:17:27,167 - INFO - AnyROSC, No
2024-09-28 17:17:27,167 - INFO - ------------------------
2024-09-28 17:17:27,167 - INFO - IncidentID, 2024022723401700-CROZER EMS
2024-09-28 17:17:27,167 - INFO - CaseStart, 2/27/2024 11:40:18 PM
2024-09-28 17:17:27,167 - INFO - CPRRatio, 98.33262467351031
2024-09-28 17:17:27,168 - INFO - CompressionsRatio, 96.812549353094823
2024-09-28 17:17:27,168 - INFO - LongestPause, 11.959999999999999
2024-09-28 17:17:27,168 - INFO - AnyROSC, No
2024-09-28 17:17:27,168 - INFO - ------------------------
2024-09-28 17:17:27,168 - INFO - IncidentID, 24-15288
2024-09-28 17:17:27,168 - INFO - CaseStart, 2/29/2024 12:00:18 PM
2024-09-28 17:17:27,169 - INFO - CPRRatio, 80.623581936617143
2024-09-28 17:17:27,169 - INFO - CompressionsRatio, 78.467393690990278
2024-09-28 17:17:27,169 - INFO - LongestPause, 53.285999999999994
2024-09-28 17:17:27,169 - INFO - AnyROSC, No
2024-09-28 17:17:27,169 - INFO - ------------------------
2024-09-28 17:17:27,170 - INFO - IncidentID, 24-16272
2024-09-28 17:17:27,170 - INFO - CaseStart, 3/4/2024 12:25:01 PM
2024-09-28 17:17:27,170 - INFO - CPRRatio, 82.241333900605767
2024-09-28 17:17:27,170 - INFO - CompressionsRatio, 83.683826657752391
2024-09-28 17:17:27,171 - INFO - LongestPause, 37.085
2024-09-28 17:17:27,171 - INFO - AnyROSC, No
2024-09-28 17:17:27,171 - INFO - ------------------------
2024-09-28 17:17:27,171 - INFO - IncidentID, 2024030507584400-
2024-09-28 17:17:27,171 - INFO - CaseStart, 3/5/2024 9:01:20 AM
2024-09-28 17:17:27,172 - INFO - CPRRatio, 91.8113282412459
2024-09-28 17:17:27,172 - INFO - CompressionsRatio, 92.156862745098039
2024-09-28 17:17:27,172 - INFO - LongestPause, 23.491999999999997
2024-09-28 17:17:27,172 - INFO - AnyROSC, No
2024-09-28 17:17:27,172 - INFO - ------------------------
2024-09-28 17:17:27,173 - INFO - IncidentID, 2024030522422200-CROZER HEALTH
2024-09-28 17:17:27,173 - INFO - CaseStart, 3/5/2024 10:42:23 PM
2024-09-28 17:17:27,173 - INFO - CPRRatio, 79.207779021634437
2024-09-28 17:17:27,173 - INFO - CompressionsRatio, 78.791231678425461
2024-09-28 17:17:27,174 - INFO - LongestPause, 81.35799999999999
2024-09-28 17:17:27,174 - INFO - AnyROSC, No
2024-09-28 17:17:27,174 - INFO - ------------------------
2024-09-28 17:17:27,174 - INFO - IncidentID, 2024031108060300-CROZER EMS
2024-09-28 17:17:27,174 - INFO - CaseStart, 3/11/2024 8:06:04 AM
2024-09-28 17:17:27,175 - INFO - CPRRatio, 93.480942160884567
2024-09-28 17:17:27,175 - INFO - CompressionsRatio, 89.41780542802033
2024-09-28 17:17:27,175 - INFO - LongestPause, 25.918
2024-09-28 17:17:27,175 - INFO - AnyROSC, No
2024-09-28 17:17:27,175 - INFO - ------------------------
2024-09-28 17:17:27,176 - INFO - IncidentID, 2024031307333500-MEDIC 102
2024-09-28 17:17:27,176 - INFO - CaseStart, 3/13/2024 7:33:35 AM
2024-09-28 17:17:27,176 - INFO - CPRRatio, 89.9935718877223
2024-09-28 17:17:27,176 - INFO - CompressionsRatio, 85.581315620312836
2024-09-28 17:17:27,176 - INFO - LongestPause, 34.814
2024-09-28 17:17:27,176 - INFO - AnyROSC, No
2024-09-28 17:17:27,177 - INFO - ------------------------
2024-09-28 17:17:27,177 - INFO - IncidentID, 2024031606354500-MICU 81
2024-09-28 17:17:27,177 - INFO - CaseStart, 3/16/2024 6:35:45 AM
2024-09-28 17:17:27,177 - INFO - CPRRatio, 16.223174860644448
2024-09-28 17:17:27,177 - INFO - CompressionsRatio, 15.530580980702634
2024-09-28 17:17:27,178 - INFO - LongestPause, 1045.528
2024-09-28 17:17:27,178 - INFO - NumberOfShocks, 1
2024-09-28 17:17:27,178 - INFO - AnyROSC, No
2024-09-28 17:17:27,178 - INFO - ------------------------
2024-09-28 17:17:27,178 - INFO - IncidentID, 2024031721292600-MEDIC100A
2024-09-28 17:17:27,178 - INFO - CaseStart, 3/17/2024 9:29:26 PM
2024-09-28 17:17:27,178 - INFO - CPRRatio, None
2024-09-28 17:17:27,178 - INFO - CompressionsRatio, None
2024-09-28 17:17:27,179 - INFO - AnyROSC, No
2024-09-28 17:17:27,179 - INFO - ------------------------
2024-09-28 17:17:27,179 - INFO - IncidentID, 2024033013204600-CRC 101
2024-09-28 17:17:27,179 - INFO - CaseStart, 3/30/2024 1:20:46 PM
2024-09-28 17:17:27,179 - INFO - CPRRatio, 40.203071327540918
2024-09-28 17:17:27,179 - INFO - CompressionsRatio, 38.477470195999196
2024-09-28 17:17:27,179 - INFO - LongestPause, 635.898
2024-09-28 17:17:27,179 - INFO - AnyROSC, No
2024-09-28 17:17:27,179 - INFO - ------------------------
2024-09-28 17:17:27,179 - INFO - IncidentID, 2024040319454500-CROZER
2024-09-28 17:17:27,179 - INFO - CaseStart, 4/3/2024 7:45:45 PM
2024-09-28 17:17:27,180 - INFO - CPRRatio, 93.9322817795879
2024-09-28 17:17:27,180 - INFO - CompressionsRatio, 87.331883707819927
2024-09-28 17:17:27,180 - INFO - LongestPause, 30.112
2024-09-28 17:17:27,180 - INFO - AnyROSC, No
2024-09-28 17:17:27,180 - INFO - ------------------------
2024-09-28 17:17:27,180 - INFO - IncidentID, 2024040917313000-MICU103
2024-09-28 17:17:27,180 - INFO - CaseStart, 4/9/2024 5:31:30 PM
2024-09-28 17:17:27,180 - INFO - CPRRatio, 69.936621453152867
2024-09-28 17:17:27,180 - INFO - CompressionsRatio, 63.845114477033668
2024-09-28 17:17:27,180 - INFO - LongestPause, 190.783
2024-09-28 17:17:27,180 - INFO - NumberOfShocks, 5
2024-09-28 17:17:27,181 - INFO - AnyROSC, No
2024-09-28 17:17:27,181 - INFO - ------------------------
2024-09-28 17:17:27,181 - INFO - IncidentID, 2024041212094000-CROZER EMS
2024-09-28 17:17:27,181 - INFO - CaseStart, 4/12/2024 12:09:40 PM
2024-09-28 17:17:27,181 - INFO - CPRRatio, 68.080297077659978
2024-09-28 17:17:27,181 - INFO - CompressionsRatio, 67.913459986007211
2024-09-28 17:17:27,181 - INFO - LongestPause, 83.24199999999999
2024-09-28 17:17:27,181 - INFO - AnyROSC, No
2024-09-28 17:17:27,181 - INFO - ------------------------
2024-09-28 17:17:27,181 - INFO - IncidentID, 2024041611240800-CROZER EMS
2024-09-28 17:17:27,181 - INFO - CaseStart, 4/16/2024 11:24:08 AM
2024-09-28 17:17:27,181 - INFO - CPRRatio, 13.608798499580315
2024-09-28 17:17:27,182 - INFO - CompressionsRatio, 12.472439426981048
2024-09-28 17:17:27,182 - INFO - LongestPause, 6707.6489999999994
2024-09-28 17:17:27,182 - INFO - AnyROSC, No
2024-09-28 17:17:27,182 - INFO - ------------------------
2024-09-28 17:17:27,182 - INFO - IncidentID, 2024041916492300-LP152357
2024-09-28 17:17:27,182 - INFO - CaseStart, 4/19/2024 4:49:23 PM
2024-09-28 17:17:27,182 - INFO - CPRRatio, 88.192672940470317
2024-09-28 17:17:27,182 - INFO - CompressionsRatio, 83.771356299170392
2024-09-28 17:17:27,182 - INFO - LongestPause, 128.043
2024-09-28 17:17:27,182 - INFO - AnyROSC, No
2024-09-28 17:17:27,182 - INFO - ------------------------
2024-09-28 17:17:27,183 - INFO - IncidentID, 2024042422543100-ECG1
2024-09-28 17:17:27,183 - INFO - CaseStart, 4/24/2024 10:54:31 PM
2024-09-28 17:17:27,183 - INFO - CPRRatio, 95.519236695237339
2024-09-28 17:17:27,183 - INFO - CompressionsRatio, 92.111300060489171
2024-09-28 17:17:27,183 - INFO - LongestPause, 22.903
2024-09-28 17:17:27,184 - INFO - AnyROSC, No
2024-09-28 17:17:27,184 - INFO - ------------------------
2024-09-28 17:17:27,184 - INFO - IncidentID, 2024042504165600-ECG1
2024-09-28 17:17:27,184 - INFO - CaseStart, 4/25/2024 4:16:56 AM
2024-09-28 17:17:27,184 - INFO - CPRRatio, 92.7739430543572
2024-09-28 17:17:27,184 - INFO - CompressionsRatio, 90.924168344358165
2024-09-28 17:17:27,185 - INFO - LongestPause, 52.949999999999996
2024-09-28 17:17:27,185 - INFO - AnyROSC, No
2024-09-28 17:17:27,185 - INFO - ------------------------
2024-09-28 17:17:27,185 - INFO - IncidentID, 2024043014542200-CROZER EMS
2024-09-28 17:17:27,185 - INFO - CaseStart, 4/30/2024 2:54:22 PM
2024-09-28 17:17:27,186 - INFO - CPRRatio, 51.29800881786494
2024-09-28 17:17:27,186 - INFO - CompressionsRatio, 48.094768172919288
2024-09-28 17:17:27,186 - INFO - LongestPause, 717.577
2024-09-28 17:17:27,186 - INFO - NumberOfShocks, 2
2024-09-28 17:17:27,186 - INFO - AnyROSC, No
2024-09-28 17:17:27,187 - INFO - ------------------------
2024-09-28 17:17:27,187 - INFO - IncidentID, 2024050519224200-CROZER EMS
2024-09-28 17:17:27,187 - INFO - CaseStart, 5/5/2024 7:22:42 PM
2024-09-28 17:17:27,187 - INFO - CPRRatio, 89.99750790257211
2024-09-28 17:17:27,187 - INFO - CompressionsRatio, 88.7055521307433
2024-09-28 17:17:27,188 - INFO - LongestPause, 24.509
2024-09-28 17:17:27,188 - INFO - AnyROSC, No
2024-09-28 17:17:27,188 - INFO - ------------------------
2024-09-28 17:17:27,188 - INFO - IncidentID, 2024050621580700-CROZER EMS
2024-09-28 17:17:27,188 - INFO - CaseStart, 5/6/2024 9:58:07 PM
2024-09-28 17:17:27,188 - INFO - CPRRatio, 85.900642664134949
2024-09-28 17:17:27,189 - INFO - CompressionsRatio, 83.615716059300354
2024-09-28 17:17:27,189 - INFO - LongestPause, 99.823
2024-09-28 17:17:27,189 - INFO - AnyROSC, No
2024-09-28 17:17:27,189 - INFO - ------------------------
2024-09-28 17:17:27,189 - INFO - IncidentID, 2024050802210900-ECG8
2024-09-28 17:17:27,190 - INFO - CaseStart, 5/8/2024 2:21:09 AM
2024-09-28 17:17:27,190 - INFO - CPRRatio, 94.871524296945068
2024-09-28 17:17:27,190 - INFO - CompressionsRatio, 91.275787474278474
2024-09-28 17:17:27,190 - INFO - LongestPause, 17.07
2024-09-28 17:17:27,190 - INFO - AnyROSC, No
2024-09-28 17:17:27,190 - INFO - ------------------------
2024-09-28 17:17:27,191 - INFO - IncidentID, 2024051314514600-MEDIC 102
2024-09-28 17:17:27,191 - INFO - CaseStart, 5/13/2024 2:51:46 PM
2024-09-28 17:17:27,191 - INFO - CPRRatio, 99.037161926790858
2024-09-28 17:17:27,191 - INFO - CompressionsRatio, 93.8885560215698
2024-09-28 17:17:27,191 - INFO - LongestPause, 10.828
2024-09-28 17:17:27,191 - INFO - AnyROSC, No
2024-09-28 17:17:27,191 - INFO - ------------------------
2024-09-28 17:17:27,192 - INFO - IncidentID, 2024051817193200-ECG8
2024-09-28 17:17:27,192 - INFO - CaseStart, 5/18/2024 5:19:32 PM
2024-09-28 17:17:27,192 - INFO - CPRRatio, 93.212684384950279
2024-09-28 17:17:27,192 - INFO - CompressionsRatio, 90.1829228669829
2024-09-28 17:17:27,192 - INFO - LongestPause, 45.184
2024-09-28 17:17:27,193 - INFO - AnyROSC, No
2024-09-28 17:17:27,193 - INFO - ------------------------
2024-09-28 17:17:27,193 - INFO - IncidentID, 2024052210563300-MEDIC 102
2024-09-28 17:17:27,193 - INFO - CaseStart, 5/22/2024 10:56:33 AM
2024-09-28 17:17:27,194 - INFO - CPRRatio, None
2024-09-28 17:17:27,194 - INFO - CompressionsRatio, None
2024-09-28 17:17:27,194 - INFO - AnyROSC, No
2024-09-28 17:17:27,194 - INFO - ------------------------
2024-09-28 17:17:27,194 - INFO - IncidentID, 2024052406395700-MEDIC 102
2024-09-28 17:17:27,195 - INFO - CaseStart, 5/24/2024 6:39:57 AM
2024-09-28 17:17:27,195 - INFO - CPRRatio, 91.029632998635549
2024-09-28 17:17:27,195 - INFO - CompressionsRatio, 88.11181471504041
2024-09-28 17:17:27,195 - INFO - LongestPause, 40.318999999999996
2024-09-28 17:17:27,195 - INFO - AnyROSC, No
2024-09-28 17:17:27,196 - INFO - ------------------------
2024-09-28 17:17:27,196 - INFO - IncidentID, 2024052414051800-ECG12
2024-09-28 17:17:27,196 - INFO - CaseStart, 5/24/2024 2:05:18 PM
2024-09-28 17:17:27,196 - INFO - CPRRatio, 81.20738636363636
2024-09-28 17:17:27,196 - INFO - CompressionsRatio, 79.5962631118881
2024-09-28 17:17:27,196 - INFO - LongestPause, 239.81699999999998
2024-09-28 17:17:27,196 - INFO - NumberOfShocks, 6
2024-09-28 17:17:27,196 - INFO - AnyROSC, No
2024-09-28 17:17:27,197 - INFO - ------------------------
2024-09-28 17:17:27,197 - INFO - IncidentID, 2024052823165400-MEDIC 102
2024-09-28 17:17:27,197 - INFO - CaseStart, 5/28/2024 11:16:54 PM
2024-09-28 17:17:27,197 - INFO - CPRRatio, 91.30064419954212
2024-09-28 17:17:27,198 - INFO - CompressionsRatio, 89.26742266943512
2024-09-28 17:17:27,198 - INFO - LongestPause, 49.108999999999995
2024-09-28 17:17:27,198 - INFO - NumberOfShocks, 10
2024-09-28 17:17:27,198 - INFO - AnyROSC, No
2024-09-28 17:17:27,198 - INFO - ------------------------
2024-09-28 17:17:27,198 - INFO - IncidentID, 2024060622322500-MEDIC 102
2024-09-28 17:17:27,199 - INFO - CaseStart, 6/6/2024 10:32:25 PM
2024-09-28 17:17:27,199 - INFO - CPRRatio, 78.296163702345524
2024-09-28 17:17:27,199 - INFO - CompressionsRatio, 73.619808810807569
2024-09-28 17:17:27,199 - INFO - LongestPause, 106.261
2024-09-28 17:17:27,199 - INFO - NumberOfShocks, 4
2024-09-28 17:17:27,199 - INFO - AnyROSC, No
2024-09-28 17:17:27,199 - INFO - ------------------------
2024-09-28 17:17:27,200 - INFO - IncidentID, 2024060810333200-CROZER EMS
2024-09-28 17:17:27,200 - INFO - CaseStart, 6/8/2024 10:33:32 AM
2024-09-28 17:17:27,200 - INFO - CPRRatio, 94.871144714397673
2024-09-28 17:17:27,200 - INFO - CompressionsRatio, 91.446913466414642
2024-09-28 17:17:27,200 - INFO - LongestPause, 37.009
2024-09-28 17:17:27,200 - INFO - AnyROSC, No
2024-09-28 17:17:27,200 - INFO - ------------------------
2024-09-28 17:17:27,200 - INFO - IncidentID, 2024060921173300-CROZER EMS
2024-09-28 17:17:27,200 - INFO - CaseStart, 6/9/2024 9:17:33 PM
2024-09-28 17:17:27,200 - INFO - CPRRatio, 96.726239095631712
2024-09-28 17:17:27,200 - INFO - CompressionsRatio, 93.321789133204831
2024-09-28 17:17:27,201 - INFO - LongestPause, 14.793
2024-09-28 17:17:27,201 - INFO - AnyROSC, No
2024-09-28 17:17:27,201 - INFO - ------------------------
2024-09-28 17:17:27,201 - INFO - IncidentID, 2024061120070800-MEDIC 102
2024-09-28 17:17:27,201 - INFO - CaseStart, 6/11/2024 8:07:08 PM
2024-09-28 17:17:27,201 - INFO - CPRRatio, 93.292238161300929
2024-09-28 17:17:27,201 - INFO - CompressionsRatio, 89.884008638567479
2024-09-28 17:17:27,202 - INFO - LongestPause, 25.884999999999998
2024-09-28 17:17:27,202 - INFO - AnyROSC, No
2024-09-28 17:17:27,202 - INFO - ------------------------
2024-09-28 17:17:27,202 - INFO - IncidentID, 2024061321370700-ECG12
2024-09-28 17:17:27,202 - INFO - CaseStart, 6/13/2024 9:37:07 PM
2024-09-28 17:17:27,202 - INFO - CPRRatio, 88.357985707163039
2024-09-28 17:17:27,202 - INFO - CompressionsRatio, 88.357985707163039
2024-09-28 17:17:27,202 - INFO - LongestPause, 11.82
2024-09-28 17:17:27,202 - INFO - AnyROSC, No
2024-09-28 17:17:27,202 - INFO - ------------------------
2024-09-28 17:17:27,203 - INFO - IncidentID, ROSC
2024-09-28 17:17:27,203 - INFO - CaseStart, 6/15/2024 4:23:15 AM
2024-09-28 17:17:27,203 - INFO - CPRRatio, 9.22714108934946
2024-09-28 17:17:27,203 - INFO - CompressionsRatio, 7.5970689800387428
2024-09-28 17:17:27,203 - INFO - LongestPause, 607.07999999999993
2024-09-28 17:17:27,203 - INFO - NumberOfShocks, 2
2024-09-28 17:17:27,203 - INFO - AnyROSC, No
2024-09-28 17:17:27,203 - INFO - ------------------------
2024-09-28 17:17:27,204 - INFO - IncidentID, ROSC
2024-09-28 17:17:27,204 - INFO - CaseStart, 6/17/2024 2:38:17 PM
2024-09-28 17:17:27,204 - INFO - CPRRatio, 22.159160087287987
2024-09-28 17:17:27,204 - INFO - CompressionsRatio, 21.76205595047437
2024-09-28 17:17:27,204 - INFO - LongestPause, 996.96899999999994
2024-09-28 17:17:27,204 - INFO - NumberOfShocks, 1
2024-09-28 17:17:27,204 - INFO - AnyROSC, No
2024-09-28 17:17:27,204 - INFO - ------------------------
2024-09-28 17:17:27,205 - INFO - IncidentID, 2024061715222900-CROZER
2024-09-28 17:17:27,205 - INFO - CaseStart, 6/17/2024 3:22:29 PM
2024-09-28 17:17:27,205 - INFO - CPRRatio, 26.494122578063973
2024-09-28 17:17:27,205 - INFO - CompressionsRatio, 25.282440130313017
2024-09-28 17:17:27,205 - INFO - LongestPause, 1021.601
2024-09-28 17:17:27,206 - INFO - AnyROSC, No
2024-09-28 17:17:27,206 - INFO - ------------------------
2024-09-28 17:17:27,206 - INFO - IncidentID, ROSC
2024-09-28 17:17:27,206 - INFO - CaseStart, 6/18/2024 6:49:34 PM
2024-09-28 17:17:27,206 - INFO - CPRRatio, 26.467888578633609
2024-09-28 17:17:27,206 - INFO - CompressionsRatio, 25.133576169818067
2024-09-28 17:17:27,207 - INFO - LongestPause, 520.986
2024-09-28 17:17:27,207 - INFO - NumberOfShocks, 1
2024-09-28 17:17:27,207 - INFO - AnyROSC, No
2024-09-28 17:17:27,207 - INFO - ------------------------
2024-09-28 17:17:27,207 - INFO - IncidentID, 2024062318024800-LP152357
2024-09-28 17:17:27,207 - INFO - CaseStart, 6/23/2024 6:02:48 PM
2024-09-28 17:17:27,208 - INFO - CPRRatio, 10.423040053348894
2024-09-28 17:17:27,208 - INFO - CompressionsRatio, 9.1409994581753011
2024-09-28 17:17:27,208 - INFO - LongestPause, 310.216
2024-09-28 17:17:27,208 - INFO - AnyROSC, No
2024-09-28 17:17:27,209 - INFO - ------------------------
2024-09-28 17:17:27,209 - INFO - IncidentID, 2024062516232200-ECG17
2024-09-28 17:17:27,209 - INFO - CaseStart, 6/25/2024 4:23:22 PM
2024-09-28 17:17:27,209 - INFO - CPRRatio, 96.5234897058077
2024-09-28 17:17:27,210 - INFO - CompressionsRatio, 94.285327603999249
2024-09-28 17:17:27,210 - INFO - LongestPause, 14.088999999999999
2024-09-28 17:17:27,210 - INFO - AnyROSC, No
2024-09-28 17:17:27,210 - INFO - ------------------------
2024-09-28 17:17:27,210 - INFO - IncidentID, 2024062817554400-CROZER EMS
2024-09-28 17:17:27,210 - INFO - CaseStart, 6/28/2024 5:55:44 PM
2024-09-28 17:17:27,211 - INFO - CPRRatio, 9.4540715354539753
2024-09-28 17:17:27,211 - INFO - CompressionsRatio, 8.41241492494087
2024-09-28 17:17:27,211 - INFO - LongestPause, 432.27099999999996
2024-09-28 17:17:27,211 - INFO - NumberOfShocks, 2
2024-09-28 17:17:27,212 - INFO - AnyROSC, No
2024-09-28 17:17:27,212 - INFO - ------------------------
2024-09-28 17:17:27,212 - INFO - IncidentID, 2024062921533300-CROZER EMS
2024-09-28 17:17:27,212 - INFO - CaseStart, 6/29/2024 9:53:33 PM
2024-09-28 17:17:27,212 - INFO - CPRRatio, 74.2226090969156
2024-09-28 17:17:27,213 - INFO - CompressionsRatio, 73.423456492328356
2024-09-28 17:17:27,213 - INFO - LongestPause, 92.213
2024-09-28 17:17:27,213 - INFO - NumberOfShocks, 6
2024-09-28 17:17:27,213 - INFO - AnyROSC, No
2024-09-28 17:17:27,213 - INFO - ------------------------
2024-09-28 17:17:27,214 - INFO - IncidentID, 2024063017392000-CROZER EMS
2024-09-28 17:17:27,214 - INFO - CaseStart, 6/30/2024 5:39:20 PM
2024-09-28 17:17:27,214 - INFO - CPRRatio, 99.939541686981954
2024-09-28 17:17:27,214 - INFO - CompressionsRatio, 97.189663578742071
2024-09-28 17:17:27,215 - INFO - LongestPause, 6.733
2024-09-28 17:17:27,215 - INFO - AnyROSC, No
2024-09-28 17:17:27,215 - INFO - ------------------------
2024-09-28 17:17:27,215 - INFO - IncidentID, 2024063023593300-ECG17
2024-09-28 17:17:27,215 - INFO - CaseStart, 6/30/2024 11:59:33 PM
2024-09-28 17:17:27,216 - INFO - CPRRatio, 50.718406675106841
2024-09-28 17:17:27,216 - INFO - CompressionsRatio, 48.836359619682042
2024-09-28 17:17:27,216 - INFO - LongestPause, 534.765
2024-09-28 17:17:27,216 - INFO - AnyROSC, No
2024-09-28 17:17:27,216 - INFO - ------------------------
2024-09-28 17:17:27,217 - INFO - IncidentID, 2024070609290300-ECG14
2024-09-28 17:17:27,217 - INFO - CaseStart, 7/6/2024 9:29:03 AM
2024-09-28 17:17:27,217 - INFO - CPRRatio, 93.242568252201337
2024-09-28 17:17:27,217 - INFO - CompressionsRatio, 88.662927602003677
2024-09-28 17:17:27,217 - INFO - LongestPause, 42.105
2024-09-28 17:17:27,218 - INFO - AnyROSC, No
2024-09-28 17:17:27,218 - INFO - ------------------------
2024-09-28 17:17:27,218 - INFO - IncidentID, 2024070804553000-MEDIC 102
2024-09-28 17:17:27,218 - INFO - CaseStart, 7/8/2024 4:55:30 AM
2024-09-28 17:17:27,218 - INFO - CPRRatio, 82.407310704960835
2024-09-28 17:17:27,219 - INFO - CompressionsRatio, 78.0313315926893
2024-09-28 17:17:27,219 - INFO - LongestPause, 46.528
2024-09-28 17:17:27,219 - INFO - NumberOfShocks, 7
2024-09-28 17:17:27,219 - INFO - AnyROSC, No
2024-09-28 17:17:27,219 - INFO - ------------------------
2024-09-28 17:17:27,220 - INFO - IncidentID, 2024071508091300-LP152357
2024-09-28 17:17:27,220 - INFO - CaseStart, 7/15/2024 8:09:13 AM
2024-09-28 17:17:27,220 - INFO - CPRRatio, 67.6078901750725
2024-09-28 17:17:27,220 - INFO - CompressionsRatio, 63.29064007032477
2024-09-28 17:17:27,220 - INFO - LongestPause, 266.89099999999996
2024-09-28 17:17:27,220 - INFO - AnyROSC, No
2024-09-28 17:17:27,220 - INFO - ------------------------
2024-09-28 17:17:27,221 - INFO - IncidentID, 2024071514314800-ECG17
2024-09-28 17:17:27,221 - INFO - CaseStart, 7/15/2024 2:31:48 PM
2024-09-28 17:17:27,221 - INFO - CPRRatio, 13.783686490646607
2024-09-28 17:17:27,221 - INFO - CompressionsRatio, 10.393624548467583
2024-09-28 17:17:27,221 - INFO - LongestPause, 442.863
2024-09-28 17:17:27,221 - INFO - AnyROSC, No
2024-09-28 17:17:27,221 - INFO - ------------------------
2024-09-28 17:17:27,222 - INFO - IncidentID, 2024071606021600-LP152357
2024-09-28 17:17:27,222 - INFO - CaseStart, 7/16/2024 6:02:16 AM
2024-09-28 17:17:27,222 - INFO - CPRRatio, 95.705538450894252
2024-09-28 17:17:27,222 - INFO - CompressionsRatio, 91.891929290483262
2024-09-28 17:17:27,222 - INFO - LongestPause, 24.247
2024-09-28 17:17:27,222 - INFO - NumberOfShocks, 6
2024-09-28 17:17:27,222 - INFO - AnyROSC, No
2024-09-28 17:17:27,223 - INFO - ------------------------
2024-09-28 17:17:27,223 - INFO - IncidentID, 2024071801382300-CROZER EMS
2024-09-28 17:17:27,223 - INFO - CaseStart, 7/18/2024 1:38:23 AM
2024-09-28 17:17:27,223 - INFO - CPRRatio, 5.5654693174899759
2024-09-28 17:17:27,223 - INFO - CompressionsRatio, 5.5602208552894012
2024-09-28 17:17:27,223 - INFO - LongestPause, 644.852
2024-09-28 17:17:27,223 - INFO - AnyROSC, No
2024-09-28 17:17:27,224 - INFO - ------------------------
2024-09-28 17:17:27,224 - INFO - IncidentID, 2024072305101000-ECG1
2024-09-28 17:17:27,224 - INFO - CaseStart, 7/23/2024 5:10:10 AM
2024-09-28 17:17:27,224 - INFO - CPRRatio, 60.217183686463159
2024-09-28 17:17:27,224 - INFO - CompressionsRatio, 58.479916320105914
2024-09-28 17:17:27,224 - INFO - LongestPause, 356.089
2024-09-28 17:17:27,225 - INFO - AnyROSC, No
2024-09-28 17:17:27,225 - INFO - ------------------------
2024-09-28 17:17:27,225 - INFO - IncidentID, 2024072703131400-ECG1
2024-09-28 17:17:27,225 - INFO - CaseStart, 7/27/2024 3:13:14 AM
2024-09-28 17:17:27,225 - INFO - CPRRatio, 0.60520714638918149
2024-09-28 17:17:27,226 - INFO - CompressionsRatio, 0.601982241523875
2024-09-28 17:17:27,226 - INFO - LongestPause, 794.693
2024-09-28 17:17:27,226 - INFO - AnyROSC, No
2024-09-28 17:17:27,226 - INFO - ------------------------
2024-09-28 17:17:27,226 - INFO - IncidentID, 2024072707363000-MEDIC 102
2024-09-28 17:17:27,227 - INFO - CaseStart, 7/27/2024 7:36:30 AM
2024-09-28 17:17:27,227 - INFO - CPRRatio, 32.588364786750937
2024-09-28 17:17:27,227 - INFO - CompressionsRatio, 34.07766837832321
2024-09-28 17:17:27,227 - INFO - LongestPause, 548.06
2024-09-28 17:17:27,227 - INFO - NumberOfShocks, 1
2024-09-28 17:17:27,228 - INFO - AnyROSC, No
2024-09-28 17:17:27,228 - INFO - ------------------------
2024-09-28 17:17:27,228 - INFO - IncidentID, 2024072722445900-LP157703
2024-09-28 17:17:27,228 - INFO - CaseStart, 7/27/2024 10:44:59 PM
2024-09-28 17:17:27,228 - INFO - CPRRatio, 72.650362463156213
2024-09-28 17:17:27,229 - INFO - CompressionsRatio, 68.691149526009724
2024-09-28 17:17:27,229 - INFO - LongestPause, 80.294
2024-09-28 17:17:27,229 - INFO - AnyROSC, No
2024-09-28 17:17:27,229 - INFO - ------------------------
2024-09-28 17:17:27,229 - INFO - IncidentID, 2024073014154100-ECG1
2024-09-28 17:17:27,230 - INFO - CaseStart, 7/30/2024 2:15:41 PM
2024-09-28 17:17:27,230 - INFO - CPRRatio, 88.59258034685665
2024-09-28 17:17:27,230 - INFO - CompressionsRatio, 83.6160089271415
2024-09-28 17:17:27,230 - INFO - LongestPause, 134.064
2024-09-28 17:17:27,230 - INFO - AnyROSC, No
2024-09-28 17:17:27,230 - INFO - ------------------------
2024-09-28 17:17:27,230 - INFO - IncidentID, F24055632
2024-09-28 17:17:27,231 - INFO - CaseStart, 8/9/2024 7:51:15 PM
2024-09-28 17:17:27,231 - INFO - CPRRatio, 90.538215777832391
2024-09-28 17:17:27,231 - INFO - CompressionsRatio, 90.738605213906268
2024-09-28 17:17:27,231 - INFO - LongestPause, 25.785999999999998
2024-09-28 17:17:27,231 - INFO - AnyROSC, No
2024-09-28 17:17:27,231 - INFO - ------------------------
2024-09-28 17:17:27,232 - INFO - IncidentID, F24056586
2024-09-28 17:17:27,232 - INFO - CaseStart, 8/13/2024 6:59:11 PM
2024-09-28 17:17:27,232 - INFO - CPRRatio, 81.1158115183246
2024-09-28 17:17:27,232 - INFO - CompressionsRatio, 80.670157068062835
2024-09-28 17:17:27,233 - INFO - LongestPause, 39.400999999999996
2024-09-28 17:17:27,233 - INFO - AnyROSC, No
2024-09-28 17:17:27,233 - INFO - ------------------------
2024-09-28 17:17:27,233 - INFO - IncidentID, 2024081407034200-ECG17
2024-09-28 17:17:27,233 - INFO - CaseStart, 8/14/2024 7:03:42 AM
2024-09-28 17:17:27,234 - INFO - CPRRatio, None
2024-09-28 17:17:27,234 - INFO - CompressionsRatio, None
2024-09-28 17:17:27,234 - INFO - NumberOfShocks, 1
2024-09-28 17:17:27,234 - INFO - AnyROSC, No
2024-09-28 17:17:27,234 - INFO - ------------------------
2024-09-28 17:17:27,235 - INFO - IncidentID, F24057861
2024-09-28 17:17:27,235 - INFO - CaseStart, 8/19/2024 10:26:55 AM
2024-09-28 17:17:27,235 - INFO - CPRRatio, 84.839155682551379
2024-09-28 17:17:27,235 - INFO - CompressionsRatio, 85.010600055304636
2024-09-28 17:17:27,235 - INFO - LongestPause, 54.162
2024-09-28 17:17:27,235 - INFO - NumberOfShocks, 1
2024-09-28 17:17:27,236 - INFO - AnyROSC, No
2024-09-28 17:17:27,236 - INFO - ------------------------
2024-09-28 17:17:27,236 - INFO - IncidentID, F24057944
2024-09-28 17:17:27,236 - INFO - CaseStart, 8/19/2024 4:17:56 PM
2024-09-28 17:17:27,237 - INFO - CPRRatio, 75.202706903135848
2024-09-28 17:17:27,237 - INFO - CompressionsRatio, 75.634319411017657
2024-09-28 17:17:27,237 - INFO - LongestPause, 67.056
2024-09-28 17:17:27,237 - INFO - NumberOfShocks, 1
2024-09-28 17:17:27,237 - INFO - AnyROSC, No
2024-09-28 17:17:27,238 - INFO - ------------------------
2024-09-28 17:17:27,238 - INFO - IncidentID, F24058201
2024-09-28 17:17:27,238 - INFO - CaseStart, 8/20/2024 6:32:19 PM
2024-09-28 17:17:27,238 - INFO - CPRRatio, 84.759103357338489
2024-09-28 17:17:27,238 - INFO - CompressionsRatio, 85.75265446032941
2024-09-28 17:17:27,239 - INFO - LongestPause, 35.583999999999996
2024-09-28 17:17:27,239 - INFO - AnyROSC, No
2024-09-28 17:17:27,239 - INFO - ------------------------
2024-09-28 17:17:27,239 - INFO - IncidentID, 2024082819032100-ECG1
2024-09-28 17:17:27,239 - INFO - CaseStart, 8/28/2024 7:03:21 PM
2024-09-28 17:17:27,240 - INFO - CPRRatio, 88.120147387814185
2024-09-28 17:17:27,240 - INFO - CompressionsRatio, 87.110146071851574
2024-09-28 17:17:27,240 - INFO - LongestPause, 49.092
2024-09-28 17:17:27,240 - INFO - AnyROSC, No
2024-09-28 17:17:27,240 - INFO - ------------------------
2024-09-28 17:17:27,240 - INFO - IncidentID, 2024082917022000-ECG14
2024-09-28 17:17:27,240 - INFO - CaseStart, 8/29/2024 5:02:20 PM
2024-09-28 17:17:27,241 - INFO - CPRRatio, 68.218850125659571
2024-09-28 17:17:27,241 - INFO - CompressionsRatio, 65.520444989697111
2024-09-28 17:17:27,241 - INFO - LongestPause, 161.94799999999998
2024-09-28 17:17:27,241 - INFO - NumberOfShocks, 4
2024-09-28 17:17:27,242 - INFO - AnyROSC, No
2024-09-28 17:17:27,242 - INFO - ------------------------
2024-09-28 17:17:27,242 - INFO - IncidentID, 2024090123382300-ECG17
2024-09-28 17:17:27,242 - INFO - CaseStart, 9/1/2024 11:38:23 PM
2024-09-28 17:17:27,242 - INFO - CPRRatio, 4.7120242221828637
2024-09-28 17:17:27,243 - INFO - CompressionsRatio, 4.0567095952567707
2024-09-28 17:17:27,243 - INFO - LongestPause, 648.18599999999992
2024-09-28 17:17:27,243 - INFO - AnyROSC, No
2024-09-28 17:17:27,243 - INFO - ------------------------
2024-09-28 17:17:50,752 - INFO - IncidentID, F24000097
2024-09-28 17:17:50,753 - INFO - CaseStart, 1/1/2024 10:49:09 AM
2024-09-28 17:17:50,753 - INFO - CPRRatio, 92.22549241566675
2024-09-28 17:17:50,753 - INFO - CompressionsRatio, 92.57414534752094
2024-09-28 17:17:50,753 - INFO - LongestPause, 44.742
2024-09-28 17:17:50,754 - INFO - AnyROSC, Yes
2024-09-28 17:17:50,754 - INFO - ------------------------
2024-09-28 17:17:50,754 - INFO - IncidentID, F24001572
2024-09-28 17:17:50,754 - INFO - CaseStart, 1/7/2024 12:28:18 AM
2024-09-28 17:17:50,754 - INFO - CPRRatio, 87.3551219916325
2024-09-28 17:17:50,754 - INFO - CompressionsRatio, 87.416428482664344
2024-09-28 17:17:50,755 - INFO - LongestPause, 65.925
2024-09-28 17:17:50,755 - INFO - AnyROSC, No
2024-09-28 17:17:50,755 - INFO - ------------------------
2024-09-28 17:17:50,755 - INFO - IncidentID, 24001846
2024-09-28 17:17:50,755 - INFO - CaseStart, 1/8/2024 8:48:19 AM
2024-09-28 17:17:50,755 - INFO - CPRRatio, 89.19946717084909
2024-09-28 17:17:50,756 - INFO - CompressionsRatio, 89.252105534547965
2024-09-28 17:17:50,756 - INFO - LongestPause, 24.442999999999998
2024-09-28 17:17:50,757 - INFO - AnyROSC, No
2024-09-28 17:17:50,757 - INFO - ------------------------
2024-09-28 17:17:50,757 - INFO - IncidentID, 24-01858
2024-09-28 17:17:50,757 - INFO - CaseStart, 1/8/2024 9:20:43 AM
2024-09-28 17:17:50,757 - INFO - CPRRatio, 84.511314395763122
2024-09-28 17:17:50,757 - INFO - CompressionsRatio, 90.75050351026016
2024-09-28 17:17:50,758 - INFO - LongestPause, 38.451
2024-09-28 17:17:50,758 - INFO - NumberOfShocks, 4
2024-09-28 17:17:50,758 - INFO - AnyROSC, No
2024-09-28 17:17:50,758 - INFO - ------------------------
2024-09-28 17:17:50,758 - INFO - IncidentID, 24002732
2024-09-28 17:17:50,759 - INFO - CaseStart, 1/10/2024 6:20:36 AM
2024-09-28 17:17:50,759 - INFO - CPRRatio, 95.991961232394942
2024-09-28 17:17:50,760 - INFO - CompressionsRatio, 95.957926127615451
2024-09-28 17:17:50,760 - INFO - LongestPause, 11.353
2024-09-28 17:17:50,760 - INFO - AnyROSC, No
2024-09-28 17:17:50,760 - INFO - ------------------------
2024-09-28 17:17:50,760 - INFO - IncidentID, 24-003234
2024-09-28 17:17:50,760 - INFO - CaseStart, 1/11/2024 4:59:13 PM
2024-09-28 17:17:50,761 - INFO - CPRRatio, 93.095986245331119
2024-09-28 17:17:50,761 - INFO - CompressionsRatio, 94.252089879646633
2024-09-28 17:17:50,761 - INFO - LongestPause, 12.745999999999999
2024-09-28 17:17:50,761 - INFO - NumberOfShocks, 6
2024-09-28 17:17:50,761 - INFO - AnyROSC, No
2024-09-28 17:17:50,761 - INFO - ------------------------
2024-09-28 17:17:50,761 - INFO - IncidentID, 24-04270
2024-09-28 17:17:50,762 - INFO - CaseStart, 1/15/2024 9:02:16 PM
2024-09-28 17:17:50,762 - INFO - CPRRatio, 77.328470831991709
2024-09-28 17:17:50,762 - INFO - CompressionsRatio, 77.559462978258736
2024-09-28 17:17:50,762 - INFO - LongestPause, 301.762
2024-09-28 17:17:50,762 - INFO - AnyROSC, No
2024-09-28 17:17:50,762 - INFO - ------------------------
2024-09-28 17:17:50,763 - INFO - IncidentID, 24-04543
2024-09-28 17:17:50,763 - INFO - CaseStart, 1/16/2024 8:22:42 PM
2024-09-28 17:17:50,763 - INFO - CPRRatio, 93.1452043735828
2024-09-28 17:17:50,763 - INFO - CompressionsRatio, 93.271045789654877
2024-09-28 17:17:50,763 - INFO - LongestPause, 21.232
2024-09-28 17:17:50,763 - INFO - AnyROSC, Yes
2024-09-28 17:17:50,764 - INFO - ------------------------
2024-09-28 17:17:50,764 - INFO - IncidentID, 24-04601
2024-09-28 17:17:50,764 - INFO - CaseStart, 1/17/2024 3:27:34 AM
2024-09-28 17:17:50,764 - INFO - CPRRatio, 88.5196550088571
2024-09-28 17:17:50,764 - INFO - CompressionsRatio, 89.199891563232185
2024-09-28 17:17:50,764 - INFO - LongestPause, 32.012
2024-09-28 17:17:50,765 - INFO - AnyROSC, No
2024-09-28 17:17:50,765 - INFO - ------------------------
2024-09-28 17:17:50,765 - INFO - IncidentID, 2024011812195400-
2024-09-28 17:17:50,765 - INFO - CaseStart, 1/18/2024 9:19:31 AM
2024-09-28 17:17:50,765 - INFO - CPRRatio, 69.790596767769941
2024-09-28 17:17:50,765 - INFO - CompressionsRatio, 69.790596767769941
2024-09-28 17:17:50,765 - INFO - LongestPause, 136.938
2024-09-28 17:17:50,766 - INFO - AnyROSC, Yes
2024-09-28 17:17:50,766 - INFO - ------------------------
2024-09-28 17:17:50,766 - INFO - IncidentID, 24-05282
2024-09-28 17:17:50,766 - INFO - CaseStart, 1/19/2024 3:31:41 PM
2024-09-28 17:17:50,766 - INFO - CPRRatio, 92.834095834336622
2024-09-28 17:17:50,766 - INFO - CompressionsRatio, 92.2297134601493
2024-09-28 17:17:50,767 - INFO - LongestPause, 20.691
2024-09-28 17:17:50,767 - INFO - NumberOfShocks, 1
2024-09-28 17:17:50,767 - INFO - AnyROSC, Yes
2024-09-28 17:17:50,767 - INFO - ------------------------
2024-09-28 17:17:50,767 - INFO - IncidentID, 2024011917102000-
2024-09-28 17:17:50,767 - INFO - CaseStart, 1/19/2024 5:09:11 PM
2024-09-28 17:17:50,768 - INFO - CPRRatio, 90.208223252901234
2024-09-28 17:17:50,768 - INFO - CompressionsRatio, 90.199416818333034
2024-09-28 17:17:50,768 - INFO - LongestPause, 22.016
2024-09-28 17:17:50,768 - INFO - AnyROSC, Yes
2024-09-28 17:17:50,768 - INFO - ------------------------
2024-09-28 17:17:50,769 - INFO - IncidentID, 24005623
2024-09-28 17:17:50,769 - INFO - CaseStart, 1/21/2024 3:27:23 AM
2024-09-28 17:17:50,769 - INFO - CPRRatio, 81.6714199743583
2024-09-28 17:17:50,769 - INFO - CompressionsRatio, 82.822679818938212
2024-09-28 17:17:50,769 - INFO - LongestPause, 42.678
2024-09-28 17:17:50,769 - INFO - AnyROSC, Yes
2024-09-28 17:17:50,770 - INFO - ------------------------
2024-09-28 17:17:50,770 - INFO - IncidentID, 24-05748
2024-09-28 17:17:50,770 - INFO - CaseStart, 1/21/2024 5:23:25 PM
2024-09-28 17:17:50,770 - INFO - CPRRatio, 87.452956298200519
2024-09-28 17:17:50,770 - INFO - CompressionsRatio, 87.417994858611834
2024-09-28 17:17:50,770 - INFO - LongestPause, 23.083
2024-09-28 17:17:50,771 - INFO - AnyROSC, No
2024-09-28 17:17:50,771 - INFO - ------------------------
2024-09-28 17:17:50,771 - INFO - IncidentID, 24-05789
2024-09-28 17:17:50,771 - INFO - CaseStart, 1/21/2024 8:16:40 PM
2024-09-28 17:17:50,771 - INFO - CPRRatio, 79.2004048582996
2024-09-28 17:17:50,771 - INFO - CompressionsRatio, 80.433624547197951
2024-09-28 17:17:50,772 - INFO - LongestPause, 118.54899999999999
2024-09-28 17:17:50,772 - INFO - NumberOfShocks, 1
2024-09-28 17:17:50,772 - INFO - AnyROSC, No
2024-09-28 17:17:50,772 - INFO - ------------------------
2024-09-28 17:17:50,772 - INFO - IncidentID, F24005847
2024-09-28 17:17:50,772 - INFO - CaseStart, 1/22/2024 5:19:36 AM
2024-09-28 17:17:50,773 - INFO - CPRRatio, None
2024-09-28 17:17:50,773 - INFO - CompressionsRatio, None
2024-09-28 17:17:50,773 - INFO - AnyROSC, No
2024-09-28 17:17:50,773 - INFO - ------------------------
2024-09-28 17:17:50,773 - INFO - IncidentID, 24006848
2024-09-28 17:17:50,773 - INFO - CaseStart, 1/25/2024 8:44:12 PM
2024-09-28 17:17:50,774 - INFO - CPRRatio, 97.465689332501569
2024-09-28 17:17:50,774 - INFO - CompressionsRatio, 97.980349344978166
2024-09-28 17:17:50,774 - INFO - LongestPause, 5.603
2024-09-28 17:17:50,774 - INFO - AnyROSC, No
2024-09-28 17:17:50,774 - INFO - ------------------------
2024-09-28 17:17:50,774 - INFO - IncidentID, 24006905
2024-09-28 17:17:50,775 - INFO - CaseStart, 1/26/2024 3:42:57 AM
2024-09-28 17:17:50,775 - INFO - CPRRatio, 94.8288598867274
2024-09-28 17:17:50,775 - INFO - CompressionsRatio, 95.1674464417631
2024-09-28 17:17:50,775 - INFO - LongestPause, 25.206
2024-09-28 17:17:50,775 - INFO - AnyROSC, No
2024-09-28 17:17:50,775 - INFO - ------------------------
2024-09-28 17:17:50,776 - INFO - IncidentID, 2024012708121200-
2024-09-28 17:17:50,776 - INFO - CaseStart, 1/27/2024 5:11:49 AM
2024-09-28 17:17:50,776 - INFO - CPRRatio, 89.655492905384477
2024-09-28 17:17:50,776 - INFO - CompressionsRatio, 89.655492905384477
2024-09-28 17:17:50,776 - INFO - LongestPause, 17.785
2024-09-28 17:17:50,776 - INFO - AnyROSC, Yes
2024-09-28 17:17:50,777 - INFO - ------------------------
2024-09-28 17:17:50,777 - INFO - IncidentID, F24007187
2024-09-28 17:17:50,777 - INFO - CaseStart, 1/27/2024 7:15:03 AM
2024-09-28 17:17:50,777 - INFO - CPRRatio, 89.0099280444485
2024-09-28 17:17:50,777 - INFO - CompressionsRatio, 89.273157846798441
2024-09-28 17:17:50,777 - INFO - LongestPause, 42.661
2024-09-28 17:17:50,778 - INFO - AnyROSC, No
2024-09-28 17:17:50,778 - INFO - ------------------------
2024-09-28 17:17:50,778 - INFO - IncidentID, 2024013006532900-37823764
2024-09-28 17:17:50,778 - INFO - CaseStart, 1/30/2024 6:53:15 AM
2024-09-28 17:17:50,778 - INFO - CPRRatio, None
2024-09-28 17:17:50,778 - INFO - CompressionsRatio, None
2024-09-28 17:17:50,778 - INFO - NumberOfShocks, 2
2024-09-28 17:17:50,779 - INFO - AnyROSC, No
2024-09-28 17:17:50,779 - INFO - ------------------------
2024-09-28 17:17:50,779 - INFO - IncidentID, 24009051
2024-09-28 17:17:50,779 - INFO - CaseStart, 2/4/2024 7:46:26 AM
2024-09-28 17:17:50,779 - INFO - CPRRatio, 84.270216962524657
2024-09-28 17:17:50,779 - INFO - CompressionsRatio, 85.051700436315826
2024-09-28 17:17:50,780 - INFO - LongestPause, 22.558999999999997
2024-09-28 17:17:50,780 - INFO - NumberOfShocks, 1
2024-09-28 17:17:50,780 - INFO - AnyROSC, No
2024-09-28 17:17:50,780 - INFO - ------------------------
2024-09-28 17:17:50,780 - INFO - IncidentID, F24009459
2024-09-28 17:17:50,780 - INFO - CaseStart, 2/6/2024 12:15:34 AM
2024-09-28 17:17:50,781 - INFO - CPRRatio, 88.1007631396378
2024-09-28 17:17:50,781 - INFO - CompressionsRatio, 88.697098016698959
2024-09-28 17:17:50,781 - INFO - LongestPause, 24.311999999999998
2024-09-28 17:17:50,781 - INFO - AnyROSC, No
2024-09-28 17:17:50,781 - INFO - ------------------------
2024-09-28 17:17:50,781 - INFO - IncidentID, 2024020602321200-37823764
2024-09-28 17:17:50,782 - INFO - CaseStart, 2/6/2024 2:31:58 AM
2024-09-28 17:17:50,782 - INFO - CPRRatio, 99.936850968285157
2024-09-28 17:17:50,782 - INFO - CompressionsRatio, 99.936850968285157
2024-09-28 17:17:50,782 - INFO - LongestPause, 0.074
2024-09-28 17:17:50,782 - INFO - AnyROSC, Yes
2024-09-28 17:17:50,782 - INFO - ------------------------
2024-09-28 17:17:50,783 - INFO - IncidentID, 2024020713463900-MICU 103A
2024-09-28 17:17:50,783 - INFO - CaseStart, 2/7/2024 1:46:39 PM
2024-09-28 17:17:50,783 - INFO - CPRRatio, 93.672400376310989
2024-09-28 17:17:50,783 - INFO - CompressionsRatio, 94.027527730994848
2024-09-28 17:17:50,783 - INFO - LongestPause, 9.0919999999999987
2024-09-28 17:17:50,784 - INFO - AnyROSC, No
2024-09-28 17:17:50,784 - INFO - ------------------------
2024-09-28 17:17:50,784 - INFO - IncidentID, 24010233
2024-09-28 17:17:50,784 - INFO - CaseStart, 2/9/2024 5:13:46 AM
2024-09-28 17:17:50,784 - INFO - CPRRatio, 82.732771995885841
2024-09-28 17:17:50,785 - INFO - CompressionsRatio, 83.609643847079127
2024-09-28 17:17:50,785 - INFO - LongestPause, 67.899999999999991
2024-09-28 17:17:50,785 - INFO - AnyROSC, No
2024-09-28 17:17:50,785 - INFO - ------------------------
2024-09-28 17:17:50,785 - INFO - IncidentID, 24010421
2024-09-28 17:17:50,785 - INFO - CaseStart, 2/9/2024 6:57:22 PM
2024-09-28 17:17:50,785 - INFO - CPRRatio, 95.291847212613334
2024-09-28 17:17:50,786 - INFO - CompressionsRatio, 95.654759737343582
2024-09-28 17:17:50,786 - INFO - LongestPause, 14.203
2024-09-28 17:17:50,786 - INFO - AnyROSC, No
2024-09-28 17:17:50,786 - INFO - ------------------------
2024-09-28 17:17:50,786 - INFO - IncidentID, 24010728
2024-09-28 17:17:50,787 - INFO - CaseStart, 2/11/2024 3:05:26 AM
2024-09-28 17:17:50,787 - INFO - CPRRatio, 76.234142805364257
2024-09-28 17:17:50,787 - INFO - CompressionsRatio, 76.277636824936565
2024-09-28 17:17:50,787 - INFO - LongestPause, 61.101
2024-09-28 17:17:50,787 - INFO - NumberOfShocks, 4
2024-09-28 17:17:50,787 - INFO - AnyROSC, No
2024-09-28 17:17:50,788 - INFO - ------------------------
2024-09-28 17:17:50,788 - INFO - IncidentID, 2024021107462600-
2024-09-28 17:17:50,788 - INFO - CaseStart, 2/11/2024 7:46:34 AM
2024-09-28 17:17:50,788 - INFO - CPRRatio, 81.753337804060237
2024-09-28 17:17:50,788 - INFO - CompressionsRatio, 81.632310019712421
2024-09-28 17:17:50,788 - INFO - LongestPause, 38.846
2024-09-28 17:17:50,788 - INFO - AnyROSC, Yes
2024-09-28 17:17:50,789 - INFO - ------------------------
2024-09-28 17:17:50,789 - INFO - IncidentID, 24-011209
2024-09-28 17:17:50,789 - INFO - CaseStart, 2/12/2024 10:23:34 PM
2024-09-28 17:17:50,789 - INFO - CPRRatio, 91.186040318191814
2024-09-28 17:17:50,789 - INFO - CompressionsRatio, 91.722149531628133
2024-09-28 17:17:50,789 - INFO - LongestPause, 16.776
2024-09-28 17:17:50,790 - INFO - AnyROSC, No
2024-09-28 17:17:50,790 - INFO - ------------------------
2024-09-28 17:17:50,790 - INFO - IncidentID, 2024021302504100-
2024-09-28 17:17:50,790 - INFO - CaseStart, 2/13/2024 2:49:32 AM
2024-09-28 17:17:50,790 - INFO - CPRRatio, None
2024-09-28 17:17:50,791 - INFO - CompressionsRatio, None
2024-09-28 17:17:50,791 - INFO - NumberOfShocks, 1
2024-09-28 17:17:50,791 - INFO - AnyROSC, Yes
2024-09-28 17:17:50,791 - INFO - ------------------------
2024-09-28 17:17:50,791 - INFO - IncidentID, 2024021312403100-
2024-09-28 17:17:50,792 - INFO - CaseStart, 2/13/2024 11:41:12 AM
2024-09-28 17:17:50,792 - INFO - CPRRatio, 66.954175717520911
2024-09-28 17:17:50,792 - INFO - CompressionsRatio, 67.2101030641956
2024-09-28 17:17:50,792 - INFO - LongestPause, 288.461
2024-09-28 17:17:50,792 - INFO - NumberOfShocks, 4
2024-09-28 17:17:50,793 - INFO - AnyROSC, No
2024-09-28 17:17:50,793 - INFO - ------------------------
2024-09-28 17:17:50,793 - INFO - IncidentID, 24012007
2024-09-28 17:17:50,793 - INFO - CaseStart, 2/16/2024 10:43:49 AM
2024-09-28 17:17:50,793 - INFO - CPRRatio, 89.958515283842786
2024-09-28 17:17:50,794 - INFO - CompressionsRatio, 90.171397379912662
2024-09-28 17:17:50,794 - INFO - LongestPause, 44.021
2024-09-28 17:17:50,794 - INFO - NumberOfShocks, 1
2024-09-28 17:17:50,794 - INFO - AnyROSC, Yes
2024-09-28 17:17:50,794 - INFO - ------------------------
2024-09-28 17:17:50,794 - INFO - IncidentID, 2024021611383200-
2024-09-28 17:17:50,795 - INFO - CaseStart, 2/16/2024 11:38:40 AM
2024-09-28 17:17:50,795 - INFO - CPRRatio, 88.5779000161786
2024-09-28 17:17:50,795 - INFO - CompressionsRatio, 88.569810710241043
2024-09-28 17:17:50,795 - INFO - LongestPause, 21.726
2024-09-28 17:17:50,795 - INFO - AnyROSC, No
2024-09-28 17:17:50,796 - INFO - ------------------------
2024-09-28 17:17:50,796 - INFO - IncidentID, 24012134
2024-09-28 17:17:50,796 - INFO - CaseStart, 2/16/2024 8:03:08 PM
2024-09-28 17:17:50,796 - INFO - CPRRatio, 93.649293029813
2024-09-28 17:17:50,796 - INFO - CompressionsRatio, 93.168304515487009
2024-09-28 17:17:50,797 - INFO - LongestPause, 22.805
2024-09-28 17:17:50,797 - INFO - AnyROSC, No
2024-09-28 17:17:50,797 - INFO - ------------------------
2024-09-28 17:17:50,797 - INFO - IncidentID, 2024021620343900-
2024-09-28 17:17:50,797 - INFO - CaseStart, 2/16/2024 8:37:01 PM
2024-09-28 17:17:50,798 - INFO - CPRRatio, 88.6372993001235
2024-09-28 17:17:50,798 - INFO - CompressionsRatio, 88.801976121860832
2024-09-28 17:17:50,798 - INFO - LongestPause, 20.122999999999998
2024-09-28 17:17:50,798 - INFO - AnyROSC, No
2024-09-28 17:17:50,798 - INFO - ------------------------
2024-09-28 17:17:50,799 - INFO - IncidentID, 2024021621362300-
2024-09-28 17:17:50,799 - INFO - CaseStart, 2/16/2024 9:38:45 PM
2024-09-28 17:17:50,799 - INFO - CPRRatio, 78.232493227157036
2024-09-28 17:17:50,799 - INFO - CompressionsRatio, 78.232493227157036
2024-09-28 17:17:50,799 - INFO - LongestPause, 81.59899999999999
2024-09-28 17:17:50,800 - INFO - NumberOfShocks, 2
2024-09-28 17:17:50,800 - INFO - AnyROSC, Yes
2024-09-28 17:17:50,800 - INFO - ------------------------
2024-09-28 17:17:50,800 - INFO - IncidentID, 2024021713011100-37823764
2024-09-28 17:17:50,800 - INFO - CaseStart, 2/17/2024 1:00:57 PM
2024-09-28 17:17:50,800 - INFO - CPRRatio, 93.32386363636364
2024-09-28 17:17:50,801 - INFO - CompressionsRatio, 94.470373376623371
2024-09-28 17:17:50,801 - INFO - LongestPause, 8.384
2024-09-28 17:17:50,801 - INFO - NumberOfShocks, 1
2024-09-28 17:17:50,801 - INFO - AnyROSC, Yes
2024-09-28 17:17:50,801 - INFO - ------------------------
2024-09-28 17:17:50,801 - INFO - IncidentID, 24012682
2024-09-28 17:17:50,801 - INFO - CaseStart, 2/17/2024 11:14:03 PM
2024-09-28 17:17:50,801 - INFO - CPRRatio, 95.469752719550726
2024-09-28 17:17:50,801 - INFO - CompressionsRatio, 94.620331354466487
2024-09-28 17:17:50,802 - INFO - LongestPause, 19.773999999999997
2024-09-28 17:17:50,802 - INFO - NumberOfShocks, 4
2024-09-28 17:17:50,802 - INFO - AnyROSC, Yes
2024-09-28 17:17:50,802 - INFO - ------------------------
2024-09-28 17:17:50,802 - INFO - IncidentID, 2024022321402900-
2024-09-28 17:17:50,802 - INFO - CaseStart, 2/23/2024 10:43:05 PM
2024-09-28 17:17:50,802 - INFO - CPRRatio, 93.852179836512249
2024-09-28 17:17:50,803 - INFO - CompressionsRatio, 93.84366485013625
2024-09-28 17:17:50,803 - INFO - LongestPause, 9.722999999999999
2024-09-28 17:17:50,803 - INFO - AnyROSC, Yes
2024-09-28 17:17:50,803 - INFO - ------------------------
2024-09-28 17:17:50,803 - INFO - IncidentID, F24014055
2024-09-28 17:17:50,804 - INFO - CaseStart, 2/24/2024 5:11:47 PM
2024-09-28 17:17:50,804 - INFO - CPRRatio, 87.821199559054136
2024-09-28 17:17:50,804 - INFO - CompressionsRatio, 82.248823885602491
2024-09-28 17:17:50,804 - INFO - LongestPause, 46.986999999999995
2024-09-28 17:17:50,804 - INFO - NumberOfShocks, 1
2024-09-28 17:17:50,804 - INFO - AnyROSC, No
2024-09-28 17:17:50,804 - INFO - ------------------------
2024-09-28 17:17:50,804 - INFO - IncidentID, 24014194
2024-09-28 17:17:50,804 - INFO - CaseStart, 2/25/2024 9:47:10 AM
2024-09-28 17:17:50,805 - INFO - CPRRatio, 85.194962180803316
2024-09-28 17:17:50,805 - INFO - CompressionsRatio, 81.871672488423144
2024-09-28 17:17:50,805 - INFO - LongestPause, 38.024
2024-09-28 17:17:50,805 - INFO - AnyROSC, No
2024-09-28 17:17:50,805 - INFO - ------------------------
2024-09-28 17:17:50,805 - INFO - IncidentID, F24014214
2024-09-28 17:17:50,805 - INFO - CaseStart, 2/25/2024 10:59:20 AM
2024-09-28 17:17:50,805 - INFO - CPRRatio, 49.060518731988473
2024-09-28 17:17:50,805 - INFO - CompressionsRatio, 39.127761767531219
2024-09-28 17:17:50,805 - INFO - LongestPause, 95.743
2024-09-28 17:17:50,805 - INFO - NumberOfShocks, 3
2024-09-28 17:17:50,806 - INFO - AnyROSC, No
2024-09-28 17:17:50,806 - INFO - ------------------------
2024-09-28 17:17:50,806 - INFO - IncidentID, F24014903
2024-09-28 17:17:50,806 - INFO - CaseStart, 2/27/2024 11:40:18 PM
2024-09-28 17:17:50,806 - INFO - CPRRatio, 96.926347760060736
2024-09-28 17:17:50,806 - INFO - CompressionsRatio, 96.927866362946091
2024-09-28 17:17:50,806 - INFO - LongestPause, 11.959999999999999
2024-09-28 17:17:50,807 - INFO - AnyROSC, No
2024-09-28 17:17:50,807 - INFO - ------------------------
2024-09-28 17:17:50,807 - INFO - IncidentID, 24-15288
2024-09-28 17:17:50,807 - INFO - CaseStart, 2/29/2024 12:00:18 PM
2024-09-28 17:17:50,807 - INFO - CPRRatio, 80.623581936617143
2024-09-28 17:17:50,807 - INFO - CompressionsRatio, 78.467393690990278
2024-09-28 17:17:50,808 - INFO - LongestPause, 53.285999999999994
2024-09-28 17:17:50,808 - INFO - AnyROSC, No
2024-09-28 17:17:50,808 - INFO - ------------------------
2024-09-28 17:17:50,808 - INFO - IncidentID, 24-16272
2024-09-28 17:17:50,808 - INFO - CaseStart, 3/4/2024 12:25:01 PM
2024-09-28 17:17:50,809 - INFO - CPRRatio, 82.241333900605767
2024-09-28 17:17:50,809 - INFO - CompressionsRatio, 83.683826657752391
2024-09-28 17:17:50,809 - INFO - LongestPause, 37.085
2024-09-28 17:17:50,809 - INFO - AnyROSC, No
2024-09-28 17:17:50,809 - INFO - ------------------------
2024-09-28 17:17:50,809 - INFO - IncidentID, 2024030507584400-
2024-09-28 17:17:50,809 - INFO - CaseStart, 3/5/2024 9:01:20 AM
2024-09-28 17:17:50,810 - INFO - CPRRatio, 91.8113282412459
2024-09-28 17:17:50,810 - INFO - CompressionsRatio, 92.156862745098039
2024-09-28 17:17:50,810 - INFO - LongestPause, 23.491999999999997
2024-09-28 17:17:50,810 - INFO - AnyROSC, No
2024-09-28 17:17:50,810 - INFO - ------------------------
2024-09-28 17:17:50,810 - INFO - IncidentID, 24-16650
2024-09-28 17:17:50,810 - INFO - CaseStart, 3/5/2024 10:42:23 PM
2024-09-28 17:17:50,811 - INFO - CPRRatio, 78.72304516598075
2024-09-28 17:17:50,811 - INFO - CompressionsRatio, 78.92921298586343
2024-09-28 17:17:50,811 - INFO - LongestPause, 81.35799999999999
2024-09-28 17:17:50,811 - INFO - AnyROSC, No
2024-09-28 17:17:50,812 - INFO - ------------------------
2024-09-28 17:17:50,812 - INFO - IncidentID, 24-17889
2024-09-28 17:17:50,812 - INFO - CaseStart, 3/11/2024 8:06:04 AM
2024-09-28 17:17:50,812 - INFO - CPRRatio, 88.904162433238611
2024-09-28 17:17:50,812 - INFO - CompressionsRatio, 89.170583281262736
2024-09-28 17:17:50,813 - INFO - LongestPause, 25.918
2024-09-28 17:17:50,813 - INFO - AnyROSC, No
2024-09-28 17:17:50,813 - INFO - ------------------------
2024-09-28 17:17:50,813 - INFO - IncidentID, 2024031307333500-MEDIC 102
2024-09-28 17:17:50,813 - INFO - CaseStart, 3/13/2024 7:33:35 AM
2024-09-28 17:17:50,814 - INFO - CPRRatio, 68.816556421507642
2024-09-28 17:17:50,814 - INFO - CompressionsRatio, 88.775658881508463
2024-09-28 17:17:50,814 - INFO - LongestPause, 34.814
2024-09-28 17:17:50,814 - INFO - AnyROSC, No
2024-09-28 17:17:50,814 - INFO - ------------------------
2024-09-28 17:17:50,814 - INFO - IncidentID, F24019195
2024-09-28 17:17:50,814 - INFO - CaseStart, 3/16/2024 6:35:45 AM
2024-09-28 17:17:50,814 - INFO - CPRRatio, 90.055531199766179
2024-09-28 17:17:50,814 - INFO - CompressionsRatio, 87.504618340353218
2024-09-28 17:17:50,815 - INFO - LongestPause, 17.66
2024-09-28 17:17:50,815 - INFO - NumberOfShocks, 1
2024-09-28 17:17:50,815 - INFO - AnyROSC, Yes
2024-09-28 17:17:50,815 - INFO - ------------------------
2024-09-28 17:17:50,815 - INFO - IncidentID, 24019605
2024-09-28 17:17:50,815 - INFO - CaseStart, 3/17/2024 9:29:26 PM
2024-09-28 17:17:50,815 - INFO - CPRRatio, None
2024-09-28 17:17:50,815 - INFO - CompressionsRatio, None
2024-09-28 17:17:50,816 - INFO - AnyROSC, No
2024-09-28 17:17:50,816 - INFO - ------------------------
2024-09-28 17:17:50,816 - INFO - IncidentID, TR2400130
2024-09-28 17:17:50,816 - INFO - CaseStart, 3/30/2024 1:20:46 PM
2024-09-28 17:17:50,816 - INFO - CPRRatio, 90.030380930123869
2024-09-28 17:17:50,816 - INFO - CompressionsRatio, 89.418088338396814
2024-09-28 17:17:50,816 - INFO - LongestPause, 14.76
2024-09-28 17:17:50,816 - INFO - AnyROSC, Yes
2024-09-28 17:17:50,816 - INFO - ------------------------
2024-09-28 17:17:50,817 - INFO - IncidentID, 24023590
2024-09-28 17:17:50,817 - INFO - CaseStart, 4/3/2024 7:45:45 PM
2024-09-28 17:17:50,817 - INFO - CPRRatio, 90.200071330779238
2024-09-28 17:17:50,817 - INFO - CompressionsRatio, 89.4913655242237
2024-09-28 17:17:50,817 - INFO - LongestPause, 17.840999999999998
2024-09-28 17:17:50,817 - INFO - AnyROSC, No
2024-09-28 17:17:50,817 - INFO - ------------------------
2024-09-28 17:17:50,817 - INFO - IncidentID, 24025041
2024-09-28 17:17:50,817 - INFO - CaseStart, 4/9/2024 5:31:30 PM
2024-09-28 17:17:50,817 - INFO - CPRRatio, 84.963434138718313
2024-09-28 17:17:50,818 - INFO - CompressionsRatio, 85.316273334391454
2024-09-28 17:17:50,818 - INFO - LongestPause, 42.907
2024-09-28 17:17:50,818 - INFO - NumberOfShocks, 5
2024-09-28 17:17:50,818 - INFO - AnyROSC, Yes
2024-09-28 17:17:50,818 - INFO - ------------------------
2024-09-28 17:17:50,818 - INFO - IncidentID, 24025732
2024-09-28 17:17:50,818 - INFO - CaseStart, 4/12/2024 12:09:40 PM
2024-09-28 17:17:50,818 - INFO - CPRRatio, 76.56269533691713
2024-09-28 17:17:50,819 - INFO - CompressionsRatio, 76.734591823978008
2024-09-28 17:17:50,819 - INFO - LongestPause, 59.93
2024-09-28 17:17:50,819 - INFO - AnyROSC, No
2024-09-28 17:17:50,819 - INFO - ------------------------
2024-09-28 17:17:50,819 - INFO - IncidentID, F24026763
2024-09-28 17:17:50,819 - INFO - CaseStart, 4/16/2024 11:24:08 AM
2024-09-28 17:17:50,819 - INFO - CPRRatio, 77.533855862734981
2024-09-28 17:17:50,820 - INFO - CompressionsRatio, 73.517191816201418
2024-09-28 17:17:50,820 - INFO - LongestPause, 54.867
2024-09-28 17:17:50,820 - INFO - AnyROSC, No
2024-09-28 17:17:50,820 - INFO - ------------------------
2024-09-28 17:17:50,820 - INFO - IncidentID, 24-27560
2024-09-28 17:17:50,820 - INFO - CaseStart, 4/19/2024 4:49:23 PM
2024-09-28 17:17:50,820 - INFO - CPRRatio, 91.2739822180627
2024-09-28 17:17:50,820 - INFO - CompressionsRatio, 91.493916705662144
2024-09-28 17:17:50,821 - INFO - LongestPause, 32.208999999999996
2024-09-28 17:17:50,821 - INFO - AnyROSC, No
2024-09-28 17:17:50,821 - INFO - ------------------------
2024-09-28 17:17:50,821 - INFO - IncidentID, F24028802
2024-09-28 17:17:50,821 - INFO - CaseStart, 4/24/2024 10:54:31 PM
2024-09-28 17:17:50,821 - INFO - CPRRatio, 92.075919606478038
2024-09-28 17:17:50,822 - INFO - CompressionsRatio, 92.285919720608547
2024-09-28 17:17:50,822 - INFO - LongestPause, 22.903
2024-09-28 17:17:50,822 - INFO - AnyROSC, No
2024-09-28 17:17:50,822 - INFO - ------------------------
2024-09-28 17:17:50,822 - INFO - IncidentID, F24028835
2024-09-28 17:17:50,822 - INFO - CaseStart, 4/25/2024 4:16:56 AM
2024-09-28 17:17:50,823 - INFO - CPRRatio, 90.51189009629995
2024-09-28 17:17:50,823 - INFO - CompressionsRatio, 90.790388219673176
2024-09-28 17:17:50,823 - INFO - LongestPause, 52.949999999999996
2024-09-28 17:17:50,823 - INFO - AnyROSC, No
2024-09-28 17:17:50,823 - INFO - ------------------------
2024-09-28 17:17:50,824 - INFO - IncidentID, 24-30264
2024-09-28 17:17:50,824 - INFO - CaseStart, 4/30/2024 2:54:22 PM
2024-09-28 17:17:50,824 - INFO - CPRRatio, 72.424283148648144
2024-09-28 17:17:50,824 - INFO - CompressionsRatio, 71.942920672930072
2024-09-28 17:17:50,825 - INFO - LongestPause, 140.281
2024-09-28 17:17:50,825 - INFO - NumberOfShocks, 2
2024-09-28 17:17:50,825 - INFO - AnyROSC, No
2024-09-28 17:17:50,825 - INFO - ------------------------
2024-09-28 17:17:50,825 - INFO - IncidentID, F24031525
2024-09-28 17:17:50,826 - INFO - CaseStart, 5/5/2024 7:22:42 PM
2024-09-28 17:17:50,826 - INFO - CPRRatio, 90.797602339948327
2024-09-28 17:17:50,826 - INFO - CompressionsRatio, 90.987788722603327
2024-09-28 17:17:50,826 - INFO - LongestPause, 24.509
2024-09-28 17:17:50,826 - INFO - AnyROSC, No
2024-09-28 17:17:50,827 - INFO - ------------------------
2024-09-28 17:17:50,827 - INFO - IncidentID, 24031812
2024-09-28 17:17:50,827 - INFO - CaseStart, 5/6/2024 9:58:07 PM
2024-09-28 17:17:50,827 - INFO - CPRRatio, 85.76640966477197
2024-09-28 17:17:50,827 - INFO - CompressionsRatio, 85.954002288630008
2024-09-28 17:17:50,828 - INFO - LongestPause, 99.823
2024-09-28 17:17:50,828 - INFO - AnyROSC, Yes
2024-09-28 17:17:50,828 - INFO - ------------------------
2024-09-28 17:17:50,828 - INFO - IncidentID, 24032079
2024-09-28 17:17:50,828 - INFO - CaseStart, 5/8/2024 2:21:09 AM
2024-09-28 17:17:50,829 - INFO - CPRRatio, 90.324750699097777
2024-09-28 17:17:50,829 - INFO - CompressionsRatio, 91.275787474278474
2024-09-28 17:17:50,829 - INFO - LongestPause, 17.07
2024-09-28 17:17:50,830 - INFO - AnyROSC, No
2024-09-28 17:17:50,830 - INFO - ------------------------
2024-09-28 17:17:50,830 - INFO - IncidentID, 24-33345
2024-09-28 17:17:50,830 - INFO - CaseStart, 5/13/2024 2:51:46 PM
2024-09-28 17:17:50,830 - INFO - CPRRatio, 96.147254309083564
2024-09-28 17:17:50,831 - INFO - CompressionsRatio, 95.454735463374547
2024-09-28 17:17:50,831 - INFO - LongestPause, 10.828
2024-09-28 17:17:50,831 - INFO - AnyROSC, No
2024-09-28 17:17:50,831 - INFO - ------------------------
2024-09-28 17:17:50,831 - INFO - IncidentID, F24034603
2024-09-28 17:17:50,831 - INFO - CaseStart, 5/18/2024 5:19:32 PM
2024-09-28 17:17:50,832 - INFO - CPRRatio, 89.795321637426909
2024-09-28 17:17:50,832 - INFO - CompressionsRatio, 90.158554811878616
2024-09-28 17:17:50,832 - INFO - LongestPause, 45.184
2024-09-28 17:17:50,832 - INFO - AnyROSC, No
2024-09-28 17:17:50,832 - INFO - ------------------------
2024-09-28 17:17:50,833 - INFO - IncidentID, F24035973
2024-09-28 17:17:50,833 - INFO - CaseStart, 5/24/2024 6:39:57 AM
2024-09-28 17:17:50,833 - INFO - CPRRatio, 87.798691529930366
2024-09-28 17:17:50,833 - INFO - CompressionsRatio, 89.044187104222786
2024-09-28 17:17:50,833 - INFO - LongestPause, 40.318999999999996
2024-09-28 17:17:50,833 - INFO - AnyROSC, No
2024-09-28 17:17:50,833 - INFO - ------------------------
2024-09-28 17:17:50,834 - INFO - IncidentID, F24036070
2024-09-28 17:17:50,834 - INFO - CaseStart, 5/24/2024 2:05:18 PM
2024-09-28 17:17:50,834 - INFO - CPRRatio, 86.877514792899419
2024-09-28 17:17:50,834 - INFO - CompressionsRatio, 86.982414140150908
2024-09-28 17:17:50,834 - INFO - LongestPause, 50.919
2024-09-28 17:17:50,834 - INFO - NumberOfShocks, 6
2024-09-28 17:17:50,834 - INFO - AnyROSC, Yes
2024-09-28 17:17:50,834 - INFO - ------------------------
2024-09-28 17:17:50,834 - INFO - IncidentID, 24-37164
2024-09-28 17:17:50,834 - INFO - CaseStart, 5/28/2024 11:16:54 PM
2024-09-28 17:17:50,834 - INFO - CPRRatio, 91.04939440330196
2024-09-28 17:17:50,834 - INFO - CompressionsRatio, 91.546530058044226
2024-09-28 17:17:50,835 - INFO - LongestPause, 40.663
2024-09-28 17:17:50,835 - INFO - NumberOfShocks, 10
2024-09-28 17:17:50,835 - INFO - AnyROSC, No
2024-09-28 17:17:50,835 - INFO - ------------------------
2024-09-28 17:17:50,835 - INFO - IncidentID, f24039451
2024-09-28 17:17:50,835 - INFO - CaseStart, 6/6/2024 10:32:25 PM
2024-09-28 17:17:50,835 - INFO - CPRRatio, 76.821784927105952
2024-09-28 17:17:50,835 - INFO - CompressionsRatio, 77.74138898174958
2024-09-28 17:17:50,836 - INFO - LongestPause, 106.261
2024-09-28 17:17:50,836 - INFO - NumberOfShocks, 4
2024-09-28 17:17:50,836 - INFO - AnyROSC, No
2024-09-28 17:17:50,836 - INFO - ------------------------
2024-09-28 17:17:50,836 - INFO - IncidentID, 24039780
2024-09-28 17:17:50,836 - INFO - CaseStart, 6/8/2024 10:33:32 AM
2024-09-28 17:17:50,836 - INFO - CPRRatio, 90.043449698618133
2024-09-28 17:17:50,836 - INFO - CompressionsRatio, 91.822645336775622
2024-09-28 17:17:50,836 - INFO - LongestPause, 37.009
2024-09-28 17:17:50,836 - INFO - AnyROSC, No
2024-09-28 17:17:50,837 - INFO - ------------------------
2024-09-28 17:17:50,837 - INFO - IncidentID, F24040153
2024-09-28 17:17:50,837 - INFO - CaseStart, 6/9/2024 9:17:33 PM
2024-09-28 17:17:50,837 - INFO - CPRRatio, 92.663682697334039
2024-09-28 17:17:50,837 - INFO - CompressionsRatio, 93.5749991831934
2024-09-28 17:17:50,837 - INFO - LongestPause, 14.793
2024-09-28 17:17:50,838 - INFO - AnyROSC, No
2024-09-28 17:17:50,838 - INFO - ------------------------
2024-09-28 17:17:50,838 - INFO - IncidentID, 2-40647
2024-09-28 17:17:50,838 - INFO - CaseStart, 6/11/2024 8:07:08 PM
2024-09-28 17:17:50,838 - INFO - CPRRatio, 89.6907806287365
2024-09-28 17:17:50,838 - INFO - CompressionsRatio, 89.542034955233262
2024-09-28 17:17:50,839 - INFO - LongestPause, 25.884999999999998
2024-09-28 17:17:50,839 - INFO - AnyROSC, No
2024-09-28 17:17:50,839 - INFO - ------------------------
2024-09-28 17:17:50,839 - INFO - IncidentID, F24041179
2024-09-28 17:17:50,839 - INFO - CaseStart, 6/13/2024 9:37:07 PM
2024-09-28 17:17:50,839 - INFO - CPRRatio, 88.522273936170208
2024-09-28 17:17:50,840 - INFO - CompressionsRatio, 89.4780585106383
2024-09-28 17:17:50,840 - INFO - LongestPause, 10.633
2024-09-28 17:17:50,840 - INFO - AnyROSC, No
2024-09-28 17:17:50,840 - INFO - ------------------------
2024-09-28 17:17:50,840 - INFO - IncidentID, F24041468
2024-09-28 17:17:50,841 - INFO - CaseStart, 6/15/2024 4:23:15 AM
2024-09-28 17:17:50,841 - INFO - CPRRatio, 70.328125000000014
2024-09-28 17:17:50,841 - INFO - CompressionsRatio, 71.0703125
2024-09-28 17:17:50,841 - INFO - LongestPause, 36.894
2024-09-28 17:17:50,841 - INFO - NumberOfShocks, 2
2024-09-28 17:17:50,842 - INFO - AnyROSC, Yes
2024-09-28 17:17:50,842 - INFO - ------------------------
2024-09-28 17:17:50,842 - INFO - IncidentID, 24042097
2024-09-28 17:17:50,842 - INFO - CaseStart, 6/17/2024 2:38:17 PM
2024-09-28 17:17:50,842 - INFO - CPRRatio, 88.981280788177344
2024-09-28 17:17:50,843 - INFO - CompressionsRatio, 90.0631227916948
2024-09-28 17:17:50,843 - INFO - LongestPause, 20.298
2024-09-28 17:17:50,843 - INFO - NumberOfShocks, 1
2024-09-28 17:17:50,843 - INFO - AnyROSC, Yes
2024-09-28 17:17:50,843 - INFO - ------------------------
2024-09-28 17:17:50,844 - INFO - IncidentID, TR2400256
2024-09-28 17:17:50,844 - INFO - CaseStart, 6/17/2024 3:22:29 PM
2024-09-28 17:17:50,844 - INFO - CPRRatio, 88.984982359736492
2024-09-28 17:17:50,844 - INFO - CompressionsRatio, 86.549689344031975
2024-09-28 17:17:50,845 - INFO - LongestPause, 22.166
2024-09-28 17:17:50,845 - INFO - AnyROSC, No
2024-09-28 17:17:50,845 - INFO - ------------------------
2024-09-28 17:17:50,845 - INFO - IncidentID, f24042389
2024-09-28 17:17:50,845 - INFO - CaseStart, 6/18/2024 6:49:34 PM
2024-09-28 17:17:50,846 - INFO - CPRRatio, 86.407732740678028
2024-09-28 17:17:50,846 - INFO - CompressionsRatio, 87.233216918897938
2024-09-28 17:17:50,846 - INFO - LongestPause, 16.694
2024-09-28 17:17:50,846 - INFO - NumberOfShocks, 1
2024-09-28 17:17:50,846 - INFO - AnyROSC, Yes
2024-09-28 17:17:50,847 - INFO - ------------------------
2024-09-28 17:17:50,847 - INFO - IncidentID, F24044189
2024-09-28 17:17:50,847 - INFO - CaseStart, 6/25/2024 4:23:22 PM
2024-09-28 17:17:50,847 - INFO - CPRRatio, 93.569615970225
2024-09-28 17:17:50,847 - INFO - CompressionsRatio, 94.285230925393336
2024-09-28 17:17:50,848 - INFO - LongestPause, 14.088999999999999
2024-09-28 17:17:50,848 - INFO - AnyROSC, No
2024-09-28 17:17:50,848 - INFO - ------------------------
2024-09-28 17:17:50,848 - INFO - IncidentID, F24044948
2024-09-28 17:17:50,849 - INFO - CaseStart, 6/28/2024 5:55:44 PM
2024-09-28 17:17:50,849 - INFO - CPRRatio, 60.349358478899376
2024-09-28 17:17:50,849 - INFO - CompressionsRatio, 61.060442108517556
2024-09-28 17:17:50,849 - INFO - LongestPause, 23.387
2024-09-28 17:17:50,849 - INFO - NumberOfShocks, 2
2024-09-28 17:17:50,850 - INFO - AnyROSC, Yes
2024-09-28 17:17:50,850 - INFO - ------------------------
2024-09-28 17:17:50,850 - INFO - IncidentID, F24045242
2024-09-28 17:17:50,850 - INFO - CaseStart, 6/29/2024 9:53:33 PM
2024-09-28 17:17:50,850 - INFO - CPRRatio, 76.186930394017878
2024-09-28 17:17:50,850 - INFO - CompressionsRatio, 76.621115667376316
2024-09-28 17:17:50,851 - INFO - LongestPause, 74.280999999999992
2024-09-28 17:17:50,851 - INFO - NumberOfShocks, 6
2024-09-28 17:17:50,851 - INFO - AnyROSC, No
2024-09-28 17:17:50,851 - INFO - ------------------------
2024-09-28 17:17:50,851 - INFO - IncidentID, 24-45430
2024-09-28 17:17:50,851 - INFO - CaseStart, 6/30/2024 5:39:20 PM
2024-09-28 17:17:50,851 - INFO - CPRRatio, 96.813261823500724
2024-09-28 17:17:50,851 - INFO - CompressionsRatio, 97.121404193076543
2024-09-28 17:17:50,851 - INFO - LongestPause, 6.733
2024-09-28 17:17:50,851 - INFO - AnyROSC, No
2024-09-28 17:17:50,851 - INFO - ------------------------
2024-09-28 17:17:50,852 - INFO - IncidentID, F24045521
2024-09-28 17:17:50,852 - INFO - CaseStart, 6/30/2024 11:59:33 PM
2024-09-28 17:17:50,852 - INFO - CPRRatio, 86.243489485613068
2024-09-28 17:17:50,852 - INFO - CompressionsRatio, 86.945949596986011
2024-09-28 17:17:50,852 - INFO - LongestPause, 103.226
2024-09-28 17:17:50,852 - INFO - AnyROSC, Yes
2024-09-28 17:17:50,852 - INFO - ------------------------
2024-09-28 17:17:50,852 - INFO - IncidentID, F24046849
2024-09-28 17:17:50,853 - INFO - CaseStart, 7/6/2024 9:29:03 AM
2024-09-28 17:17:50,853 - INFO - CPRRatio, 89.349678192741848
2024-09-28 17:17:50,853 - INFO - CompressionsRatio, 90.799332106006773
2024-09-28 17:17:50,853 - INFO - LongestPause, 42.105
2024-09-28 17:17:50,853 - INFO - AnyROSC, No
2024-09-28 17:17:50,853 - INFO - ------------------------
2024-09-28 17:17:50,853 - INFO - IncidentID, F24047278
2024-09-28 17:17:50,853 - INFO - CaseStart, 7/8/2024 4:55:30 AM
2024-09-28 17:17:50,853 - INFO - CPRRatio, 78.251069091658508
2024-09-28 17:17:50,853 - INFO - CompressionsRatio, 80.4054936160213
2024-09-28 17:17:50,854 - INFO - LongestPause, 46.528
2024-09-28 17:17:50,854 - INFO - NumberOfShocks, 7
2024-09-28 17:17:50,854 - INFO - AnyROSC, No
2024-09-28 17:17:50,854 - INFO - ------------------------
2024-09-28 17:17:50,854 - INFO - IncidentID, F24049054
2024-09-28 17:17:50,854 - INFO - CaseStart, 7/15/2024 8:09:13 AM
2024-09-28 17:17:50,855 - INFO - CPRRatio, 86.344101323466617
2024-09-28 17:17:50,855 - INFO - CompressionsRatio, 85.442815805701827
2024-09-28 17:17:50,855 - INFO - LongestPause, 140.552
2024-09-28 17:17:50,855 - INFO - AnyROSC, No
2024-09-28 17:17:50,855 - INFO - ------------------------
2024-09-28 17:17:50,855 - INFO - IncidentID, F24049325
2024-09-28 17:17:50,856 - INFO - CaseStart, 7/16/2024 6:02:16 AM
2024-09-28 17:17:50,856 - INFO - CPRRatio, 90.8612058532292
2024-09-28 17:17:50,856 - INFO - CompressionsRatio, 92.680614941812991
2024-09-28 17:17:50,856 - INFO - LongestPause, 24.247
2024-09-28 17:17:50,857 - INFO - NumberOfShocks, 6
2024-09-28 17:17:50,857 - INFO - AnyROSC, No
2024-09-28 17:17:50,857 - INFO - ------------------------
2024-09-28 17:17:50,857 - INFO - IncidentID, F24049877
2024-09-28 17:17:50,857 - INFO - CaseStart, 7/18/2024 1:38:23 AM
2024-09-28 17:17:50,858 - INFO - CPRRatio, 97.5058456742011
2024-09-28 17:17:50,858 - INFO - CompressionsRatio, 97.5058456742011
2024-09-28 17:17:50,858 - INFO - LongestPause, 1.565
2024-09-28 17:17:50,858 - INFO - AnyROSC, Yes
2024-09-28 17:17:50,858 - INFO - ------------------------
2024-09-28 17:17:50,859 - INFO - IncidentID, F24051062
2024-09-28 17:17:50,859 - INFO - CaseStart, 7/23/2024 5:10:10 AM
2024-09-28 17:17:50,859 - INFO - CPRRatio, 77.71331243298998
2024-09-28 17:17:50,859 - INFO - CompressionsRatio, 78.248714086017131
2024-09-28 17:17:50,859 - INFO - LongestPause, 72.512
2024-09-28 17:17:50,860 - INFO - AnyROSC, Yes
2024-09-28 17:17:50,860 - INFO - ------------------------
2024-09-28 17:17:50,860 - INFO - IncidentID, F24052063
2024-09-28 17:17:50,860 - INFO - CaseStart, 7/27/2024 7:36:30 AM
2024-09-28 17:17:50,860 - INFO - CPRRatio, 83.603571848196452
2024-09-28 17:17:50,861 - INFO - CompressionsRatio, 89.161174739266755
2024-09-28 17:17:50,861 - INFO - LongestPause, 14.696
2024-09-28 17:17:50,861 - INFO - NumberOfShocks, 1
2024-09-28 17:17:50,861 - INFO - AnyROSC, Yes
2024-09-28 17:17:50,861 - INFO - ------------------------
2024-09-28 17:17:50,862 - INFO - IncidentID, F24052250
2024-09-28 17:17:50,862 - INFO - CaseStart, 7/27/2024 10:44:59 PM
2024-09-28 17:17:50,862 - INFO - CPRRatio, 89.399030874626362
2024-09-28 17:17:50,862 - INFO - CompressionsRatio, 90.011696340716256
2024-09-28 17:17:50,862 - INFO - LongestPause, 15.678999999999999
2024-09-28 17:17:50,863 - INFO - AnyROSC, No
2024-09-28 17:17:50,863 - INFO - ------------------------
2024-09-28 17:17:50,863 - INFO - IncidentID, F24052866
2024-09-28 17:17:50,863 - INFO - CaseStart, 7/30/2024 2:15:41 PM
2024-09-28 17:17:50,863 - INFO - CPRRatio, 82.2343259371698
2024-09-28 17:17:50,864 - INFO - CompressionsRatio, 84.353737982197373
2024-09-28 17:17:50,864 - INFO - LongestPause, 134.064
2024-09-28 17:17:50,864 - INFO - AnyROSC, No
2024-09-28 17:17:50,864 - INFO - ------------------------
2024-09-28 17:17:50,864 - INFO - IncidentID, F24055632
2024-09-28 17:17:50,865 - INFO - CaseStart, 8/9/2024 7:51:15 PM
2024-09-28 17:17:50,865 - INFO - CPRRatio, 90.538215777832391
2024-09-28 17:17:50,865 - INFO - CompressionsRatio, 90.738605213906268
2024-09-28 17:17:50,865 - INFO - LongestPause, 25.785999999999998
2024-09-28 17:17:50,865 - INFO - AnyROSC, No
2024-09-28 17:17:50,865 - INFO - ------------------------
2024-09-28 17:17:50,866 - INFO - IncidentID, F24056586
2024-09-28 17:17:50,866 - INFO - CaseStart, 8/13/2024 6:59:11 PM
2024-09-28 17:17:50,866 - INFO - CPRRatio, 81.1158115183246
2024-09-28 17:17:50,866 - INFO - CompressionsRatio, 80.670157068062835
2024-09-28 17:17:50,866 - INFO - LongestPause, 39.400999999999996
2024-09-28 17:17:50,866 - INFO - AnyROSC, No
2024-09-28 17:17:50,866 - INFO - ------------------------
2024-09-28 17:17:50,867 - INFO - IncidentID, F24057861
2024-09-28 17:17:50,867 - INFO - CaseStart, 8/19/2024 10:26:55 AM
2024-09-28 17:17:50,867 - INFO - CPRRatio, 84.839155682551379
2024-09-28 17:17:50,867 - INFO - CompressionsRatio, 85.010600055304636
2024-09-28 17:17:50,867 - INFO - LongestPause, 54.162
2024-09-28 17:17:50,867 - INFO - NumberOfShocks, 1
2024-09-28 17:17:50,868 - INFO - AnyROSC, No
2024-09-28 17:17:50,868 - INFO - ------------------------
2024-09-28 17:17:50,868 - INFO - IncidentID, F24057944
2024-09-28 17:17:50,868 - INFO - CaseStart, 8/19/2024 4:17:56 PM
2024-09-28 17:17:50,868 - INFO - CPRRatio, 75.202706903135848
2024-09-28 17:17:50,868 - INFO - CompressionsRatio, 75.634319411017657
2024-09-28 17:17:50,868 - INFO - LongestPause, 67.056
2024-09-28 17:17:50,868 - INFO - NumberOfShocks, 1
2024-09-28 17:17:50,868 - INFO - AnyROSC, No
2024-09-28 17:17:50,869 - INFO - ------------------------
2024-09-28 17:17:50,869 - INFO - IncidentID, F24058201
2024-09-28 17:17:50,869 - INFO - CaseStart, 8/20/2024 6:32:19 PM
2024-09-28 17:17:50,869 - INFO - CPRRatio, 84.759103357338489
2024-09-28 17:17:50,869 - INFO - CompressionsRatio, 85.75265446032941
2024-09-28 17:17:50,869 - INFO - LongestPause, 35.583999999999996
2024-09-28 17:17:50,869 - INFO - AnyROSC, No
2024-09-28 17:17:50,869 - INFO - ------------------------
2024-09-28 17:17:50,870 - INFO - IncidentID, F24060309
2024-09-28 17:17:50,870 - INFO - CaseStart, 8/28/2024 7:03:21 PM
2024-09-28 17:17:50,870 - INFO - CPRRatio, 95.727836556001449
2024-09-28 17:17:50,870 - INFO - CompressionsRatio, 96.59978110178767
2024-09-28 17:17:50,870 - INFO - LongestPause, 9.583
2024-09-28 17:17:50,870 - INFO - AnyROSC, No
2024-09-28 17:17:50,870 - INFO - ------------------------
2024-09-28 17:17:50,871 - INFO - IncidentID, F24060544
2024-09-28 17:17:50,871 - INFO - CaseStart, 8/29/2024 5:02:20 PM
2024-09-28 17:17:50,871 - INFO - CPRRatio, 69.970034119566833
2024-09-28 17:17:50,871 - INFO - CompressionsRatio, 68.623819336088715
2024-09-28 17:17:50,871 - INFO - LongestPause, 161.94799999999998
2024-09-28 17:17:50,871 - INFO - NumberOfShocks, 4
2024-09-28 17:17:50,872 - INFO - AnyROSC, No
2024-09-28 17:17:50,872 - INFO - ------------------------
2024-09-28 17:17:50,872 - INFO - IncidentID, F24061316
2024-09-28 17:17:50,872 - INFO - CaseStart, 9/1/2024 11:38:23 PM
2024-09-28 17:17:50,872 - INFO - CPRRatio, 100
2024-09-28 17:17:50,873 - INFO - CompressionsRatio, 100
2024-09-28 17:17:50,873 - INFO - AnyROSC, Yes
2024-09-28 17:17:50,873 - INFO - ------------------------
2024-09-28 17:17:50,873 - INFO - IncidentID, F24063032
2024-09-28 17:17:50,873 - INFO - CaseStart, 9/9/2024 9:42:10 AM
2024-09-28 17:17:50,874 - INFO - CPRRatio, 91.499856678769348
2024-09-28 17:17:50,874 - INFO - CompressionsRatio, 91.680202560672654
2024-09-28 17:17:50,874 - INFO - LongestPause, 17.119
2024-09-28 17:17:50,874 - INFO - NumberOfShocks, 1
2024-09-28 17:17:50,874 - INFO - AnyROSC, No
2024-09-28 17:17:50,875 - INFO - ------------------------
2024-09-28 17:17:50,875 - INFO - IncidentID, F24063415
2024-09-28 17:17:50,875 - INFO - CaseStart, 9/10/2024 4:30:28 PM
2024-09-28 17:17:50,875 - INFO - CPRRatio, 90.308980304764191
2024-09-28 17:17:50,876 - INFO - CompressionsRatio, 90.6568090104198
2024-09-28 17:17:50,876 - INFO - LongestPause, 40.253
2024-09-28 17:17:50,876 - INFO - AnyROSC, No
2024-09-28 17:17:50,876 - INFO - ------------------------
2024-09-28 17:17:50,876 - INFO - IncidentID, F24063811
2024-09-28 17:17:50,877 - INFO - CaseStart, 9/12/2024 4:41:06 AM
2024-09-28 17:17:50,877 - INFO - CPRRatio, 90.152152881607222
2024-09-28 17:17:50,877 - INFO - CompressionsRatio, 90.272769534243821
2024-09-28 17:17:50,877 - INFO - LongestPause, 15.841999999999999
2024-09-28 17:17:50,877 - INFO - AnyROSC, No
2024-09-28 17:17:50,878 - INFO - ------------------------
2024-09-28 17:17:50,878 - INFO - IncidentID, F24065487
2024-09-28 17:17:50,878 - INFO - CaseStart, 9/18/2024 3:18:05 PM
2024-09-28 17:17:50,878 - INFO - CPRRatio, None
2024-09-28 17:17:50,879 - INFO - CompressionsRatio, None
2024-09-28 17:17:50,879 - INFO - AnyROSC, No
2024-09-28 17:17:50,879 - INFO - ------------------------
2024-09-28 17:17:50,879 - INFO - IncidentID, 24066939
2024-09-28 17:17:50,879 - INFO - CaseStart, 9/24/2024 12:08:21 PM
2024-09-28 17:17:50,880 - INFO - CPRRatio, 86.995290666254917
2024-09-28 17:17:50,880 - INFO - CompressionsRatio, 86.98628374379166
2024-09-28 17:17:50,880 - INFO - LongestPause, 46.199999999999996
2024-09-28 17:17:50,880 - INFO - NumberOfShocks, 1
2024-09-28 17:17:50,880 - INFO - AnyROSC, No
2024-09-28 17:17:50,881 - INFO - ------------------------
